#
# There is insufficient memory for the Java Runtime Environment to continue.
# Native memory allocation (malloc) failed to allocate 2188224 bytes for Chunk::new
# Possible reasons:
#   The system is out of physical RAM or swap space
#   The process is running with CompressedOops enabled, and the Java Heap may be blocking the growth of the native heap
# Possible solutions:
#   Reduce memory load on the system
#   Increase physical memory or swap space
#   Check if swap backing store is full
#   Decrease Java heap size (-Xmx/-Xms)
#   Decrease number of Java threads
#   Decrease Java thread stack sizes (-Xss)
#   Set larger code cache with -XX:ReservedCodeCacheSize=
#   JVM is running with Zero Based Compressed Oops mode in which the Java heap is
#     placed in the first 32GB address space. The Java Heap base address is the
#     maximum limit for the native heap growth. Please use -XX:HeapBaseMinAddress
#     to set the Java Heap base and to place the Java Heap above 32GB virtual address.
# This output file may be truncated or incomplete.
#
#  Out of Memory Error (arena.cpp:189), pid=8888, tid=5752
#
# JRE version: OpenJDK Runtime Environment (17.0.6) (build 17.0.6+0-b2043.56-10027231)
# Java VM: OpenJDK 64-Bit Server VM (17.0.6+0-b2043.56-10027231, mixed mode, tiered, compressed oops, compressed class ptrs, g1 gc, windows-amd64)
# No core dump will be written. Minidumps are not enabled by default on client versions of Windows
#

---------------  S U M M A R Y ------------

Command Line: org.jetbrains.kotlin.cli.jvm.K2JVMCompiler @C:\AndroidStudio\NEEI_IPT\app\build\20231216_7999127474503449610.compiler.options

Host: Intel(R) Core(TM) i5-7300HQ CPU @ 2.50GHz, 4 cores, 15G,  Windows 10 , 64 bit Build 19041 (10.0.19041.3636)
Time: Sat Dec 16 21:46:46 2023 Hora padrão de GMT elapsed time: 8.630836 seconds (0d 0h 0m 8s)

---------------  T H R E A D  ---------------

Current thread (0x00000258405cefc0):  JavaThread "C2 CompilerThread1" daemon [_thread_in_native, id=5752, stack(0x000000a16e300000,0x000000a16e400000)]


Current CompileTask:
C2:   8630 11636       4       org.jetbrains.kotlin.ir.util.TypeTranslator::translateType (625 bytes)

Stack: [0x000000a16e300000,0x000000a16e400000]
Native frames: (J=compiled Java code, j=interpreted, Vv=VM code, C=native code)
V  [jvm.dll+0x683c9a]
V  [jvm.dll+0x8427a4]
V  [jvm.dll+0x843f9e]
V  [jvm.dll+0x844603]
V  [jvm.dll+0x249b75]
V  [jvm.dll+0xabcac]
V  [jvm.dll+0xac27c]
V  [jvm.dll+0x368857]
V  [jvm.dll+0x332f31]
V  [jvm.dll+0x3323da]
V  [jvm.dll+0x21c201]
V  [jvm.dll+0x21b621]
V  [jvm.dll+0x1a4fdd]
V  [jvm.dll+0x22b098]
V  [jvm.dll+0x229159]
V  [jvm.dll+0x7f81ec]
V  [jvm.dll+0x7f274a]
V  [jvm.dll+0x682ad5]
C  [ucrtbase.dll+0x21bb2]
C  [KERNEL32.DLL+0x17344]
C  [ntdll.dll+0x526b1]


---------------  P R O C E S S  ---------------

Threads class SMR info:
_java_thread_list=0x0000025840f82ed0, length=13, elements={
0x000002581fedb820, 0x000002583ec533b0, 0x000002583ec540b0, 0x000002583ec99710,
0x000002583ec99ed0, 0x000002583ec9a490, 0x000002583ec9aa50, 0x000002583ec9b340,
0x000002583ec9b9f0, 0x000002583ec94dc0, 0x000002583ee06090, 0x000002583ee040c0,
0x00000258405cefc0
}

Java Threads: ( => current thread )
  0x000002581fedb820 JavaThread "main" [_thread_in_Java, id=8680, stack(0x000000a16d000000,0x000000a16d100000)]
  0x000002583ec533b0 JavaThread "Reference Handler" daemon [_thread_blocked, id=14956, stack(0x000000a16d700000,0x000000a16d800000)]
  0x000002583ec540b0 JavaThread "Finalizer" daemon [_thread_blocked, id=14484, stack(0x000000a16d800000,0x000000a16d900000)]
  0x000002583ec99710 JavaThread "Signal Dispatcher" daemon [_thread_blocked, id=11940, stack(0x000000a16d900000,0x000000a16da00000)]
  0x000002583ec99ed0 JavaThread "Attach Listener" daemon [_thread_blocked, id=9364, stack(0x000000a16da00000,0x000000a16db00000)]
  0x000002583ec9a490 JavaThread "Service Thread" daemon [_thread_blocked, id=12892, stack(0x000000a16db00000,0x000000a16dc00000)]
  0x000002583ec9aa50 JavaThread "Monitor Deflation Thread" daemon [_thread_blocked, id=3672, stack(0x000000a16dc00000,0x000000a16dd00000)]
  0x000002583ec9b340 JavaThread "C2 CompilerThread0" daemon [_thread_in_native, id=12796, stack(0x000000a16dd00000,0x000000a16de00000)]
  0x000002583ec9b9f0 JavaThread "C1 CompilerThread0" daemon [_thread_blocked, id=11232, stack(0x000000a16de00000,0x000000a16df00000)]
  0x000002583ec94dc0 JavaThread "Sweeper thread" daemon [_thread_blocked, id=14296, stack(0x000000a16df00000,0x000000a16e000000)]
  0x000002583ee06090 JavaThread "Notification Thread" daemon [_thread_blocked, id=12068, stack(0x000000a16e000000,0x000000a16e100000)]
  0x000002583ee040c0 JavaThread "Common-Cleaner" daemon [_thread_blocked, id=5608, stack(0x000000a16e200000,0x000000a16e300000)]
=>0x00000258405cefc0 JavaThread "C2 CompilerThread1" daemon [_thread_in_native, id=5752, stack(0x000000a16e300000,0x000000a16e400000)]

Other Threads:
  0x000002583ec02090 VMThread "VM Thread" [stack: 0x000000a16d600000,0x000000a16d700000] [id=10572]
  0x000002583ee06560 WatcherThread [stack: 0x000000a16e100000,0x000000a16e200000] [id=7588]
  0x000002581ff46ca0 GCTaskThread "GC Thread#0" [stack: 0x000000a16d100000,0x000000a16d200000] [id=7056]
  0x000002583f205bd0 GCTaskThread "GC Thread#1" [stack: 0x000000a16e400000,0x000000a16e500000] [id=11596]
  0x000002583f205e80 GCTaskThread "GC Thread#2" [stack: 0x000000a16e500000,0x000000a16e600000] [id=4064]
  0x000002583f206130 GCTaskThread "GC Thread#3" [stack: 0x000000a16e600000,0x000000a16e700000] [id=832]
  0x000002581ff57a30 ConcurrentGCThread "G1 Main Marker" [stack: 0x000000a16d200000,0x000000a16d300000] [id=11972]
  0x000002581ff59bf0 ConcurrentGCThread "G1 Conc#0" [stack: 0x000000a16d300000,0x000000a16d400000] [id=12408]
  0x000002583dea24d0 ConcurrentGCThread "G1 Refine#0" [stack: 0x000000a16d400000,0x000000a16d500000] [id=5392]
  0x0000025841f1d480 ConcurrentGCThread "G1 Refine#1" [stack: 0x000000a16e700000,0x000000a16e800000] [id=8524]
  0x0000025841f1e2e0 ConcurrentGCThread "G1 Refine#2" [stack: 0x000000a16e800000,0x000000a16e900000] [id=13888]
  0x000002583dea2910 ConcurrentGCThread "G1 Service" [stack: 0x000000a16d500000,0x000000a16d600000] [id=11184]

Threads with active compile tasks:
C2 CompilerThread0     8650 11726       4       org.jetbrains.kotlin.load.kotlin.TypeSignatureMappingKt::mapBuiltInType (339 bytes)
C2 CompilerThread1     8650 11636       4       org.jetbrains.kotlin.ir.util.TypeTranslator::translateType (625 bytes)

VM state: not at safepoint (normal execution)

VM Mutex/Monitor currently owned by a thread: None

Heap address: 0x0000000701a00000, size: 4070 MB, Compressed Oops mode: Zero based, Oop shift amount: 3

CDS archive(s) not mapped
Compressed class space mapped at: 0x0000000800000000-0x0000000840000000, reserved size: 1073741824
Narrow klass base: 0x0000000800000000, Narrow klass shift: 0, Narrow klass range: 0x40000000

GC Precious Log:
 CPUs: 4 total, 4 available
 Memory: 16276M
 Large Page Support: Disabled
 NUMA Support: Disabled
 Compressed Oops: Enabled (Zero based)
 Heap Region Size: 2M
 Heap Min Capacity: 8M
 Heap Initial Capacity: 256M
 Heap Max Capacity: 4070M
 Pre-touch: Disabled
 Parallel Workers: 4
 Concurrent Workers: 1
 Concurrent Refinement Workers: 4
 Periodic GC: Disabled

Heap:
 garbage-first heap   total 155648K, used 78420K [0x0000000701a00000, 0x0000000800000000)
  region size 2048K, 9 young (18432K), 1 survivors (2048K)
 Metaspace       used 82349K, committed 82688K, reserved 1122304K
  class space    used 9226K, committed 9408K, reserved 1048576K

Heap Regions: E=young(eden), S=young(survivor), O=old, HS=humongous(starts), HC=humongous(continues), CS=collection set, F=free, OA=open archive, CA=closed archive, TAMS=top-at-mark-start (previous, next)
|   0|0x0000000701a00000, 0x0000000701c00000, 0x0000000701c00000|100%|HS|  |TAMS 0x0000000701c00000, 0x0000000701a00000| Complete 
|   1|0x0000000701c00000, 0x0000000701e00000, 0x0000000701e00000|100%|HC|  |TAMS 0x0000000701e00000, 0x0000000701c00000| Complete 
|   2|0x0000000701e00000, 0x0000000701fdba00, 0x0000000702000000| 92%| O|  |TAMS 0x0000000701fdba00, 0x0000000701e00000| Untracked 
|   3|0x0000000702000000, 0x0000000702200000, 0x0000000702200000|100%| O|  |TAMS 0x0000000702200000, 0x0000000702000000| Untracked 
|   4|0x0000000702200000, 0x0000000702400000, 0x0000000702400000|100%| O|  |TAMS 0x0000000702400000, 0x0000000702200000| Untracked 
|   5|0x0000000702400000, 0x0000000702600000, 0x0000000702600000|100%| O|  |TAMS 0x0000000702600000, 0x0000000702400000| Untracked 
|   6|0x0000000702600000, 0x0000000702800000, 0x0000000702800000|100%|HS|  |TAMS 0x0000000702800000, 0x0000000702600000| Complete 
|   7|0x0000000702800000, 0x0000000702a00000, 0x0000000702a00000|100%| O|  |TAMS 0x0000000702a00000, 0x0000000702800000| Untracked 
|   8|0x0000000702a00000, 0x0000000702c00000, 0x0000000702c00000|100%| O|  |TAMS 0x0000000702c00000, 0x0000000702a00000| Untracked 
|   9|0x0000000702c00000, 0x0000000702e00000, 0x0000000702e00000|100%| O|  |TAMS 0x0000000702e00000, 0x0000000702c00000| Untracked 
|  10|0x0000000702e00000, 0x0000000703000000, 0x0000000703000000|100%| O|  |TAMS 0x0000000703000000, 0x0000000702e00000| Untracked 
|  11|0x0000000703000000, 0x0000000703200000, 0x0000000703200000|100%| O|  |TAMS 0x0000000703200000, 0x0000000703000000| Untracked 
|  12|0x0000000703200000, 0x0000000703400000, 0x0000000703400000|100%| O|  |TAMS 0x0000000703400000, 0x0000000703200000| Untracked 
|  13|0x0000000703400000, 0x0000000703600000, 0x0000000703600000|100%| O|  |TAMS 0x0000000703600000, 0x0000000703400000| Untracked 
|  14|0x0000000703600000, 0x0000000703800000, 0x0000000703800000|100%| O|  |TAMS 0x0000000703800000, 0x0000000703600000| Untracked 
|  15|0x0000000703800000, 0x0000000703a00000, 0x0000000703a00000|100%| O|  |TAMS 0x0000000703a00000, 0x0000000703800000| Untracked 
|  16|0x0000000703a00000, 0x0000000703c00000, 0x0000000703c00000|100%| O|  |TAMS 0x0000000703c00000, 0x0000000703a00000| Untracked 
|  17|0x0000000703c00000, 0x0000000703e00000, 0x0000000703e00000|100%| O|  |TAMS 0x0000000703e00000, 0x0000000703c00000| Untracked 
|  18|0x0000000703e00000, 0x0000000704000000, 0x0000000704000000|100%| O|  |TAMS 0x0000000704000000, 0x0000000703e00000| Untracked 
|  19|0x0000000704000000, 0x0000000704200000, 0x0000000704200000|100%| O|  |TAMS 0x0000000704200000, 0x0000000704000000| Untracked 
|  20|0x0000000704200000, 0x0000000704400000, 0x0000000704400000|100%| O|  |TAMS 0x0000000704306e00, 0x0000000704200000| Untracked 
|  21|0x0000000704400000, 0x0000000704600000, 0x0000000704600000|100%| O|  |TAMS 0x0000000704400000, 0x0000000704400000| Untracked 
|  22|0x0000000704600000, 0x0000000704800000, 0x0000000704800000|100%| O|  |TAMS 0x0000000704600000, 0x0000000704600000| Untracked 
|  23|0x0000000704800000, 0x0000000704a00000, 0x0000000704a00000|100%| O|  |TAMS 0x0000000704800000, 0x0000000704800000| Untracked 
|  24|0x0000000704a00000, 0x0000000704c00000, 0x0000000704c00000|100%| O|  |TAMS 0x0000000704a00000, 0x0000000704a00000| Untracked 
|  25|0x0000000704c00000, 0x0000000704e00000, 0x0000000704e00000|100%| O|  |TAMS 0x0000000704c00000, 0x0000000704c00000| Untracked 
|  26|0x0000000704e00000, 0x0000000705000000, 0x0000000705000000|100%| O|  |TAMS 0x0000000704e00000, 0x0000000704e00000| Untracked 
|  27|0x0000000705000000, 0x0000000705200000, 0x0000000705200000|100%| O|  |TAMS 0x0000000705000000, 0x0000000705000000| Untracked 
|  28|0x0000000705200000, 0x0000000705400000, 0x0000000705400000|100%| O|  |TAMS 0x0000000705200000, 0x0000000705200000| Untracked 
|  29|0x0000000705400000, 0x0000000705600000, 0x0000000705600000|100%| O|  |TAMS 0x0000000705400000, 0x0000000705400000| Untracked 
|  30|0x0000000705600000, 0x00000007056d7000, 0x0000000705800000| 41%| O|  |TAMS 0x0000000705600000, 0x0000000705600000| Untracked 
|  31|0x0000000705800000, 0x0000000705800000, 0x0000000705a00000|  0%| F|  |TAMS 0x0000000705800000, 0x0000000705800000| Untracked 
|  32|0x0000000705a00000, 0x0000000705a00000, 0x0000000705c00000|  0%| F|  |TAMS 0x0000000705a00000, 0x0000000705a00000| Untracked 
|  33|0x0000000705c00000, 0x0000000705c00000, 0x0000000705e00000|  0%| F|  |TAMS 0x0000000705c00000, 0x0000000705c00000| Untracked 
|  34|0x0000000705e00000, 0x0000000705e00000, 0x0000000706000000|  0%| F|  |TAMS 0x0000000705e00000, 0x0000000705e00000| Untracked 
|  35|0x0000000706000000, 0x0000000706000000, 0x0000000706200000|  0%| F|  |TAMS 0x0000000706000000, 0x0000000706000000| Untracked 
|  36|0x0000000706200000, 0x0000000706200000, 0x0000000706400000|  0%| F|  |TAMS 0x0000000706200000, 0x0000000706200000| Untracked 
|  37|0x0000000706400000, 0x0000000706400000, 0x0000000706600000|  0%| F|  |TAMS 0x0000000706400000, 0x0000000706400000| Untracked 
|  38|0x0000000706600000, 0x0000000706600000, 0x0000000706800000|  0%| F|  |TAMS 0x0000000706600000, 0x0000000706600000| Untracked 
|  39|0x0000000706800000, 0x0000000706800000, 0x0000000706a00000|  0%| F|  |TAMS 0x0000000706800000, 0x0000000706800000| Untracked 
|  40|0x0000000706a00000, 0x0000000706a00000, 0x0000000706c00000|  0%| F|  |TAMS 0x0000000706a00000, 0x0000000706a00000| Untracked 
|  41|0x0000000706c00000, 0x0000000706c00000, 0x0000000706e00000|  0%| F|  |TAMS 0x0000000706c00000, 0x0000000706c00000| Untracked 
|  42|0x0000000706e00000, 0x0000000706e00000, 0x0000000707000000|  0%| F|  |TAMS 0x0000000706e00000, 0x0000000706e00000| Untracked 
|  43|0x0000000707000000, 0x0000000707000000, 0x0000000707200000|  0%| F|  |TAMS 0x0000000707000000, 0x0000000707000000| Untracked 
|  44|0x0000000707200000, 0x0000000707200000, 0x0000000707400000|  0%| F|  |TAMS 0x0000000707200000, 0x0000000707200000| Untracked 
|  45|0x0000000707400000, 0x0000000707400000, 0x0000000707600000|  0%| F|  |TAMS 0x0000000707400000, 0x0000000707400000| Untracked 
|  46|0x0000000707600000, 0x0000000707600000, 0x0000000707800000|  0%| F|  |TAMS 0x0000000707600000, 0x0000000707600000| Untracked 
|  47|0x0000000707800000, 0x00000007079e28f0, 0x0000000707a00000| 94%| S|CS|TAMS 0x0000000707800000, 0x0000000707800000| Complete 
|  48|0x0000000707a00000, 0x0000000707a00000, 0x0000000707c00000|  0%| F|  |TAMS 0x0000000707a00000, 0x0000000707a00000| Untracked 
|  49|0x0000000707c00000, 0x0000000707c00000, 0x0000000707e00000|  0%| F|  |TAMS 0x0000000707c00000, 0x0000000707c00000| Untracked 
|  50|0x0000000707e00000, 0x0000000707e00000, 0x0000000708000000|  0%| F|  |TAMS 0x0000000707e00000, 0x0000000707e00000| Untracked 
|  51|0x0000000708000000, 0x0000000708000000, 0x0000000708200000|  0%| F|  |TAMS 0x0000000708000000, 0x0000000708000000| Untracked 
|  52|0x0000000708200000, 0x0000000708200000, 0x0000000708400000|  0%| F|  |TAMS 0x0000000708200000, 0x0000000708200000| Untracked 
|  53|0x0000000708400000, 0x0000000708400000, 0x0000000708600000|  0%| F|  |TAMS 0x0000000708400000, 0x0000000708400000| Untracked 
|  54|0x0000000708600000, 0x0000000708600000, 0x0000000708800000|  0%| F|  |TAMS 0x0000000708600000, 0x0000000708600000| Untracked 
|  55|0x0000000708800000, 0x0000000708800000, 0x0000000708a00000|  0%| F|  |TAMS 0x0000000708800000, 0x0000000708800000| Untracked 
|  56|0x0000000708a00000, 0x0000000708a00000, 0x0000000708c00000|  0%| F|  |TAMS 0x0000000708a00000, 0x0000000708a00000| Untracked 
|  57|0x0000000708c00000, 0x0000000708c00000, 0x0000000708e00000|  0%| F|  |TAMS 0x0000000708c00000, 0x0000000708c00000| Untracked 
|  58|0x0000000708e00000, 0x0000000708e00000, 0x0000000709000000|  0%| F|  |TAMS 0x0000000708e00000, 0x0000000708e00000| Untracked 
|  59|0x0000000709000000, 0x0000000709000000, 0x0000000709200000|  0%| F|  |TAMS 0x0000000709000000, 0x0000000709000000| Untracked 
|  60|0x0000000709200000, 0x0000000709200000, 0x0000000709400000|  0%| F|  |TAMS 0x0000000709200000, 0x0000000709200000| Untracked 
|  61|0x0000000709400000, 0x0000000709400000, 0x0000000709600000|  0%| F|  |TAMS 0x0000000709400000, 0x0000000709400000| Untracked 
|  62|0x0000000709600000, 0x0000000709600000, 0x0000000709800000|  0%| F|  |TAMS 0x0000000709600000, 0x0000000709600000| Untracked 
|  63|0x0000000709800000, 0x0000000709800000, 0x0000000709a00000|  0%| F|  |TAMS 0x0000000709800000, 0x0000000709800000| Untracked 
|  64|0x0000000709a00000, 0x0000000709a00000, 0x0000000709c00000|  0%| F|  |TAMS 0x0000000709a00000, 0x0000000709a00000| Untracked 
|  65|0x0000000709c00000, 0x0000000709c00000, 0x0000000709e00000|  0%| F|  |TAMS 0x0000000709c00000, 0x0000000709c00000| Untracked 
|  66|0x0000000709e00000, 0x0000000709e00000, 0x000000070a000000|  0%| F|  |TAMS 0x0000000709e00000, 0x0000000709e00000| Untracked 
|  67|0x000000070a000000, 0x000000070a000000, 0x000000070a200000|  0%| F|  |TAMS 0x000000070a000000, 0x000000070a000000| Untracked 
|  68|0x000000070a200000, 0x000000070a300800, 0x000000070a400000| 50%| E|  |TAMS 0x000000070a200000, 0x000000070a200000| Complete 
|  69|0x000000070a400000, 0x000000070a600000, 0x000000070a600000|100%| E|CS|TAMS 0x000000070a400000, 0x000000070a400000| Complete 
|  70|0x000000070a600000, 0x000000070a800000, 0x000000070a800000|100%| E|CS|TAMS 0x000000070a600000, 0x000000070a600000| Complete 
|  71|0x000000070a800000, 0x000000070aa00000, 0x000000070aa00000|100%| E|CS|TAMS 0x000000070a800000, 0x000000070a800000| Complete 
| 109|0x000000070f400000, 0x000000070f600000, 0x000000070f600000|100%| E|CS|TAMS 0x000000070f400000, 0x000000070f400000| Complete 
| 110|0x000000070f600000, 0x000000070f800000, 0x000000070f800000|100%| E|CS|TAMS 0x000000070f600000, 0x000000070f600000| Complete 
| 111|0x000000070f800000, 0x000000070fa00000, 0x000000070fa00000|100%| E|CS|TAMS 0x000000070f800000, 0x000000070f800000| Complete 
| 127|0x0000000711800000, 0x0000000711a00000, 0x0000000711a00000|100%| E|CS|TAMS 0x0000000711800000, 0x0000000711800000| Complete 

Card table byte_map: [0x0000025832bb0000,0x00000258333b0000] _byte_map_base: 0x000002582f3a3000

Marking Bits (Prev, Next): (CMBitMap*) 0x000002581ff472f0, (CMBitMap*) 0x000002581ff472b0
 Prev Bits: [0x0000025837b50000, 0x000002583bae8000)
 Next Bits: [0x0000025833bb0000, 0x0000025837b48000)

Polling page: 0x000002581dd70000

Metaspace:

Usage:
  Non-class:     71.41 MB used.
      Class:      9.01 MB used.
       Both:     80.42 MB used.

Virtual space:
  Non-class space:       72.00 MB reserved,      71.56 MB (>99%) committed,  9 nodes.
      Class space:        1.00 GB reserved,       9.19 MB ( <1%) committed,  1 nodes.
             Both:        1.07 GB reserved,      80.75 MB (  7%) committed. 

Chunk freelists:
   Non-Class:  16.00 KB
       Class:  2.86 MB
        Both:  2.88 MB

MaxMetaspaceSize: unlimited
CompressedClassSpaceSize: 1.00 GB
Initial GC threshold: 21.00 MB
Current GC threshold: 123.69 MB
CDS: off
MetaspaceReclaimPolicy: balanced
 - commit_granule_bytes: 65536.
 - commit_granule_words: 8192.
 - virtual_space_node_default_size: 1048576.
 - enlarge_chunks_in_place: 1.
 - new_chunks_are_fully_committed: 0.
 - uncommit_free_chunks: 1.
 - use_allocation_guard: 0.
 - handle_deallocations: 1.


Internal statistics:

num_allocs_failed_limit: 15.
num_arena_births: 320.
num_arena_deaths: 0.
num_vsnodes_births: 10.
num_vsnodes_deaths: 0.
num_space_committed: 1290.
num_space_uncommitted: 0.
num_chunks_returned_to_freelist: 15.
num_chunks_taken_from_freelist: 2876.
num_chunk_merges: 15.
num_chunk_splits: 2440.
num_chunks_enlarged: 2215.
num_purges: 0.
num_inconsistent_stats: 0.

CodeHeap 'non-profiled nmethods': size=120000Kb used=4557Kb max_used=4963Kb free=115442Kb
 bounds [0x000002582ae80000, 0x000002582b360000, 0x00000258323b0000]
CodeHeap 'profiled nmethods': size=120000Kb used=26431Kb max_used=28484Kb free=93568Kb
 bounds [0x00000258233b0000, 0x0000025824f90000, 0x000002582a8e0000]
CodeHeap 'non-nmethods': size=5760Kb used=1404Kb max_used=1482Kb free=4356Kb
 bounds [0x000002582a8e0000, 0x000002582ab50000, 0x000002582ae80000]
 total_blobs=10564 nmethods=9834 adapters=637
 compilation: enabled
              stopped_count=0, restarted_count=0
 full_count=0

Compilation events (20 events):
Event: 8.624 Thread 0x000002583ec9b9f0 nmethod 11764 0x0000025823ea8490 code [0x0000025823ea8640, 0x0000025823ea8878]
Event: 8.624 Thread 0x000002583ec9b9f0 11765       2       org.jetbrains.org.objectweb.asm.ByteVector::put122 (93 bytes)
Event: 8.624 Thread 0x000002583ec9b9f0 nmethod 11765 0x0000025824a70890 code [0x0000025824a70a40, 0x0000025824a70c88]
Event: 8.625 Thread 0x000002583ec9b9f0 11766       2       org.jetbrains.kotlin.serialization.DescriptorSerializer::useTypeTable (8 bytes)
Event: 8.625 Thread 0x000002583ec9b9f0 nmethod 11766 0x0000025823b94710 code [0x0000025823b948a0, 0x0000025823b949b8]
Event: 8.625 Thread 0x000002583ec9b9f0 11767       2       org.jetbrains.kotlin.descriptors.annotations.Annotations$Companion::create (33 bytes)
Event: 8.625 Thread 0x000002583ec9b9f0 nmethod 11767 0x00000258248cd790 code [0x00000258248cd9c0, 0x00000258248cdf48]
Event: 8.626 Thread 0x000002583ec9b9f0 11768       1       org.jetbrains.kotlin.codegen.inline.FileMapping::getName (5 bytes)
Event: 8.626 Thread 0x000002583ec9b9f0 nmethod 11768 0x000002582b0d7290 code [0x000002582b0d7420, 0x000002582b0d74f8]
Event: 8.626 Thread 0x000002583ec9b9f0 11769       1       org.jetbrains.kotlin.codegen.inline.FileMapping::getPath (5 bytes)
Event: 8.627 Thread 0x000002583ec9b9f0 nmethod 11769 0x000002582b128610 code [0x000002582b1287a0, 0x000002582b128878]
Event: 8.627 Thread 0x000002583ec9b9f0 11770       1       org.jetbrains.kotlin.codegen.inline.SourcePosition::getFile (5 bytes)
Event: 8.627 Thread 0x000002583ec9b9f0 nmethod 11770 0x000002582b26f390 code [0x000002582b26f520, 0x000002582b26f5f8]
Event: 8.627 Thread 0x000002583ec9b9f0 11771       1       org.jetbrains.kotlin.codegen.inline.SourcePosition::getPath (5 bytes)
Event: 8.627 Thread 0x000002583ec9b9f0 nmethod 11771 0x000002582b301c90 code [0x000002582b301e20, 0x000002582b301ef8]
Event: 8.627 Thread 0x000002583ec9b9f0 11773       2       org.jetbrains.kotlin.codegen.coroutines.UninitializedStoresProcessor$UninitializedNewValueFrame::execute (72 bytes)
Event: 8.627 Thread 0x000002583ec9b9f0 nmethod 11773 0x0000025824afba10 code [0x0000025824afbc60, 0x0000025824afc288]
Event: 8.627 Thread 0x000002583ec9b9f0 11772       1       org.jetbrains.kotlin.codegen.inline.RangeMapping::setRange (6 bytes)
Event: 8.627 Thread 0x000002583ec9b9f0 nmethod 11772 0x000002582afc2210 code [0x000002582afc23a0, 0x000002582afc2478]
Event: 8.627 Thread 0x000002583ec9b9f0 11776       2       org.jetbrains.kotlin.ir.util.AdditionalIrUtilsKt::hasAnnotation (101 bytes)

GC Heap History (20 events):
Event: 2.092 GC heap before
{Heap before GC invocations=7 (full 0):
 garbage-first heap   total 49152K, used 19665K [0x0000000701a00000, 0x0000000800000000)
  region size 2048K, 3 young (6144K), 1 survivors (2048K)
 Metaspace       used 35864K, committed 36096K, reserved 1081344K
  class space    used 4535K, committed 4672K, reserved 1048576K
}
Event: 2.095 GC heap after
{Heap after GC invocations=8 (full 0):
 garbage-first heap   total 49152K, used 18046K [0x0000000701a00000, 0x0000000800000000)
  region size 2048K, 2 young (4096K), 2 survivors (4096K)
 Metaspace       used 35864K, committed 36096K, reserved 1081344K
  class space    used 4535K, committed 4672K, reserved 1048576K
}
Event: 2.253 GC heap before
{Heap before GC invocations=9 (full 0):
 garbage-first heap   total 49152K, used 30334K [0x0000000701a00000, 0x0000000800000000)
  region size 2048K, 9 young (18432K), 2 survivors (4096K)
 Metaspace       used 38672K, committed 38912K, reserved 1089536K
  class space    used 4785K, committed 4928K, reserved 1048576K
}
Event: 2.257 GC heap after
{Heap after GC invocations=10 (full 0):
 garbage-first heap   total 49152K, used 19345K [0x0000000701a00000, 0x0000000800000000)
  region size 2048K, 1 young (2048K), 1 survivors (2048K)
 Metaspace       used 38672K, committed 38912K, reserved 1089536K
  class space    used 4785K, committed 4928K, reserved 1048576K
}
Event: 2.444 GC heap before
{Heap before GC invocations=11 (full 0):
 garbage-first heap   total 49152K, used 33681K [0x0000000701a00000, 0x0000000800000000)
  region size 2048K, 8 young (16384K), 1 survivors (2048K)
 Metaspace       used 41846K, committed 42112K, reserved 1089536K
  class space    used 5133K, committed 5248K, reserved 1048576K
}
Event: 2.447 GC heap after
{Heap after GC invocations=12 (full 0):
 garbage-first heap   total 49152K, used 20544K [0x0000000701a00000, 0x0000000800000000)
  region size 2048K, 1 young (2048K), 1 survivors (2048K)
 Metaspace       used 41846K, committed 42112K, reserved 1089536K
  class space    used 5133K, committed 5248K, reserved 1048576K
}
Event: 2.696 GC heap before
{Heap before GC invocations=12 (full 0):
 garbage-first heap   total 49152K, used 34880K [0x0000000701a00000, 0x0000000800000000)
  region size 2048K, 8 young (16384K), 1 survivors (2048K)
 Metaspace       used 45251K, committed 45440K, reserved 1089536K
  class space    used 5530K, committed 5632K, reserved 1048576K
}
Event: 2.700 GC heap after
{Heap after GC invocations=13 (full 0):
 garbage-first heap   total 155648K, used 21747K [0x0000000701a00000, 0x0000000800000000)
  region size 2048K, 1 young (2048K), 1 survivors (2048K)
 Metaspace       used 45251K, committed 45440K, reserved 1089536K
  class space    used 5530K, committed 5632K, reserved 1048576K
}
Event: 3.920 GC heap before
{Heap before GC invocations=13 (full 0):
 garbage-first heap   total 155648K, used 109811K [0x0000000701a00000, 0x0000000800000000)
  region size 2048K, 43 young (88064K), 1 survivors (2048K)
 Metaspace       used 54989K, committed 55232K, reserved 1097728K
  class space    used 6584K, committed 6656K, reserved 1048576K
}
Event: 3.931 GC heap after
{Heap after GC invocations=14 (full 0):
 garbage-first heap   total 155648K, used 33551K [0x0000000701a00000, 0x0000000800000000)
  region size 2048K, 6 young (12288K), 6 survivors (12288K)
 Metaspace       used 54989K, committed 55232K, reserved 1097728K
  class space    used 6584K, committed 6656K, reserved 1048576K
}
Event: 4.637 GC heap before
{Heap before GC invocations=14 (full 0):
 garbage-first heap   total 155648K, used 113423K [0x0000000701a00000, 0x0000000800000000)
  region size 2048K, 45 young (92160K), 6 survivors (12288K)
 Metaspace       used 57355K, committed 57536K, reserved 1105920K
  class space    used 6846K, committed 6912K, reserved 1048576K
}
Event: 4.654 GC heap after
{Heap after GC invocations=15 (full 0):
 garbage-first heap   total 155648K, used 41432K [0x0000000701a00000, 0x0000000800000000)
  region size 2048K, 4 young (8192K), 4 survivors (8192K)
 Metaspace       used 57355K, committed 57536K, reserved 1105920K
  class space    used 6846K, committed 6912K, reserved 1048576K
}
Event: 6.113 GC heap before
{Heap before GC invocations=15 (full 0):
 garbage-first heap   total 155648K, used 102872K [0x0000000701a00000, 0x0000000800000000)
  region size 2048K, 35 young (71680K), 4 survivors (8192K)
 Metaspace       used 65116K, committed 65408K, reserved 1114112K
  class space    used 7570K, committed 7744K, reserved 1048576K
}
Event: 6.128 GC heap after
{Heap after GC invocations=16 (full 0):
 garbage-first heap   total 155648K, used 49616K [0x0000000701a00000, 0x0000000800000000)
  region size 2048K, 4 young (8192K), 4 survivors (8192K)
 Metaspace       used 65116K, committed 65408K, reserved 1114112K
  class space    used 7570K, committed 7744K, reserved 1048576K
}
Event: 7.182 GC heap before
{Heap before GC invocations=17 (full 0):
 garbage-first heap   total 155648K, used 115152K [0x0000000701a00000, 0x0000000800000000)
  region size 2048K, 36 young (73728K), 4 survivors (8192K)
 Metaspace       used 74371K, committed 74688K, reserved 1122304K
  class space    used 8540K, committed 8704K, reserved 1048576K
}
Event: 7.196 GC heap after
{Heap after GC invocations=18 (full 0):
 garbage-first heap   total 155648K, used 56694K [0x0000000701a00000, 0x0000000800000000)
  region size 2048K, 4 young (8192K), 4 survivors (8192K)
 Metaspace       used 74371K, committed 74688K, reserved 1122304K
  class space    used 8540K, committed 8704K, reserved 1048576K
}
Event: 7.822 GC heap before
{Heap before GC invocations=19 (full 0):
 garbage-first heap   total 155648K, used 116086K [0x0000000701a00000, 0x0000000800000000)
  region size 2048K, 33 young (67584K), 4 survivors (8192K)
 Metaspace       used 77601K, committed 77952K, reserved 1122304K
  class space    used 8838K, committed 9024K, reserved 1048576K
}
Event: 7.834 GC heap after
{Heap after GC invocations=20 (full 0):
 garbage-first heap   total 155648K, used 62300K [0x0000000701a00000, 0x0000000800000000)
  region size 2048K, 3 young (6144K), 3 survivors (6144K)
 Metaspace       used 77601K, committed 77952K, reserved 1122304K
  class space    used 8838K, committed 9024K, reserved 1048576K
}
Event: 8.454 GC heap before
{Heap before GC invocations=20 (full 0):
 garbage-first heap   total 155648K, used 119644K [0x0000000701a00000, 0x0000000800000000)
  region size 2048K, 31 young (63488K), 3 survivors (6144K)
 Metaspace       used 81052K, committed 81344K, reserved 1122304K
  class space    used 9126K, committed 9280K, reserved 1048576K
}
Event: 8.462 GC heap after
{Heap after GC invocations=21 (full 0):
 garbage-first heap   total 155648K, used 64084K [0x0000000701a00000, 0x0000000800000000)
  region size 2048K, 1 young (2048K), 1 survivors (2048K)
 Metaspace       used 81052K, committed 81344K, reserved 1122304K
  class space    used 9126K, committed 9280K, reserved 1048576K
}

Dll operation events (2 events):
Event: 0.005 Loaded shared library C:\Program Files\Android\Android Studio\jbr\bin\java.dll
Event: 1.357 Loaded shared library C:\Program Files\Android\Android Studio\jbr\bin\verify.dll

Deoptimization events (20 events):
Event: 8.566 Thread 0x000002581fedb820 Uncommon trap: trap_request=0xffffffde fr.pc=0x000002582b1f54f0 relative=0x00000000000000d0
Event: 8.566 Thread 0x000002581fedb820 Uncommon trap: reason=class_check action=maybe_recompile pc=0x000002582b1f54f0 method=org.jetbrains.kotlin.ir.symbols.impl.IrSymbolBase.getDescriptor()Lorg/jetbrains/kotlin/descriptors/DeclarationDescriptor; @ 19 c2
Event: 8.566 Thread 0x000002581fedb820 DEOPT PACKING pc=0x000002582b1f54f0 sp=0x000000a16d0fad90
Event: 8.566 Thread 0x000002581fedb820 DEOPT UNPACKING pc=0x000002582a9369a3 sp=0x000000a16d0fad28 mode 2
Event: 8.568 Thread 0x000002581fedb820 Uncommon trap: trap_request=0xffffff45 fr.pc=0x000002582b27d540 relative=0x0000000000000500
Event: 8.568 Thread 0x000002581fedb820 Uncommon trap: reason=unstable_if action=reinterpret pc=0x000002582b27d540 method=java.lang.String.valueOf(Ljava/lang/Object;)Ljava/lang/String; @ 1 c2
Event: 8.568 Thread 0x000002581fedb820 DEOPT PACKING pc=0x000002582b27d540 sp=0x000000a16d0fabc0
Event: 8.568 Thread 0x000002581fedb820 DEOPT UNPACKING pc=0x000002582a9369a3 sp=0x000000a16d0fab58 mode 2
Event: 8.603 Thread 0x000002581fedb820 Uncommon trap: trap_request=0xffffff45 fr.pc=0x000002582b33019c relative=0x000000000000017c
Event: 8.603 Thread 0x000002581fedb820 Uncommon trap: reason=unstable_if action=reinterpret pc=0x000002582b33019c method=org.jetbrains.kotlin.codegen.inline.InlineCodegenUtilsKt.isInlineMarker(Lorg/jetbrains/org/objectweb/asm/tree/AbstractInsnNode;Ljava/lang/String;)Z @ 33 c2
Event: 8.603 Thread 0x000002581fedb820 DEOPT PACKING pc=0x000002582b33019c sp=0x000000a16d0fca00
Event: 8.603 Thread 0x000002581fedb820 DEOPT UNPACKING pc=0x000002582a9369a3 sp=0x000000a16d0fc988 mode 2
Event: 8.610 Thread 0x000002581fedb820 Uncommon trap: trap_request=0xffffff45 fr.pc=0x000002582b33acb8 relative=0x0000000000000118
Event: 8.610 Thread 0x000002581fedb820 Uncommon trap: reason=unstable_if action=reinterpret pc=0x000002582b33acb8 method=org.jetbrains.kotlin.codegen.optimization.temporaryVals.TemporaryVariablesEliminationTransformer.matchOpcodes(Lorg/jetbrains/org/objectweb/asm/tree/AbstractInsnNode;[I)Z @ 1
Event: 8.610 Thread 0x000002581fedb820 DEOPT PACKING pc=0x000002582b33acb8 sp=0x000000a16d0fc7b0
Event: 8.610 Thread 0x000002581fedb820 DEOPT UNPACKING pc=0x000002582a9369a3 sp=0x000000a16d0fc740 mode 2
Event: 8.613 Thread 0x000002581fedb820 Uncommon trap: trap_request=0xffffffc6 fr.pc=0x000002582b14b5d0 relative=0x0000000000000d10
Event: 8.613 Thread 0x000002581fedb820 Uncommon trap: reason=bimorphic_or_optimized_type_check action=maybe_recompile pc=0x000002582b14b5d0 method=org.jetbrains.kotlin.ir.types.IrTypeSystemContext$DefaultImpls.getNameForClassUnderKotlinPackage(Lorg/jetbrains/kotlin/ir/types/IrTypeSystemContext
Event: 8.613 Thread 0x000002581fedb820 DEOPT PACKING pc=0x000002582b14b5d0 sp=0x000000a16d0fb280
Event: 8.613 Thread 0x000002581fedb820 DEOPT UNPACKING pc=0x000002582a9369a3 sp=0x000000a16d0fb0f8 mode 2

Classes unloaded (0 events):
No events

Classes redefined (0 events):
No events

Internal exceptions (20 events):
Event: 4.212 Thread 0x000002581fedb820 Exception <a 'java/lang/NoSuchMethodError'{0x0000000709f0eb90}: 'java.lang.Object java.lang.invoke.DirectMethodHandle$Holder.newInvokeSpecial(java.lang.Object, int, java.lang.Object)'> (0x0000000709f0eb90) 
thrown [s\src\hotspot\share\interpreter\linkResolver.cpp, line 771]
Event: 4.213 Thread 0x000002581fedb820 Exception <a 'java/lang/NoSuchMethodError'{0x0000000709f151f0}: 'int java.lang.invoke.DirectMethodHandle$Holder.invokeInterface(java.lang.Object, java.lang.Object)'> (0x0000000709f151f0) 
thrown [s\src\hotspot\share\interpreter\linkResolver.cpp, line 771]
Event: 4.591 Thread 0x000002581fedb820 Implicit null exception at 0x000002582af958cc to 0x000002582af959d4
Event: 4.603 Thread 0x000002581fedb820 Implicit null exception at 0x000002582b0e9040 to 0x000002582b0ea084
Event: 4.786 Thread 0x000002581fedb820 Exception <a 'java/lang/NoSuchMethodError'{0x000000070f526220}: 'int java.lang.invoke.DirectMethodHandle$Holder.invokeStaticInit(java.lang.Object, int)'> (0x000000070f526220) 
thrown [s\src\hotspot\share\interpreter\linkResolver.cpp, line 771]
Event: 4.822 Thread 0x000002581fedb820 Exception <a 'java/lang/NoSuchMethodError'{0x000000070a826048}: 'java.lang.Object java.lang.invoke.DirectMethodHandle$Holder.newInvokeSpecial(java.lang.Object, int, java.lang.Object, java.lang.Object)'> (0x000000070a826048) 
thrown [s\src\hotspot\share\interpreter\linkResolver.cpp, line 771]
Event: 4.847 Thread 0x000002581fedb820 Exception <a 'java/lang/NoSuchMethodError'{0x000000070a8e90a8}: 'java.lang.Object java.lang.invoke.DirectMethodHandle$Holder.invokeInterface(java.lang.Object, java.lang.Object, java.lang.Object)'> (0x000000070a8e90a8) 
thrown [s\src\hotspot\share\interpreter\linkResolver.cpp, line 771]
Event: 4.847 Thread 0x000002581fedb820 Exception <a 'java/lang/IncompatibleClassChangeError'{0x000000070a8eca18}: Found class java.lang.Object, but interface was expected> (0x000000070a8eca18) 
thrown [s\src\hotspot\share\interpreter\linkResolver.cpp, line 838]
Event: 5.031 Thread 0x000002581fedb820 Exception <a 'java/lang/NoSuchMethodError'{0x000000070a217790}: 'java.lang.Object java.lang.invoke.DirectMethodHandle$Holder.newInvokeSpecial(java.lang.Object, java.lang.Object, java.lang.Object, java.lang.Object, java.lang.Object, java.lang.Object, java.lang.Object)'> (0x000000070a217790) 
thrown [s\src\hotspot\share\interpreter\linkResolver.cpp, line 771]
Event: 5.031 Thread 0x000002581fedb820 Exception <a 'java/lang/NoSuchMethodError'{0x000000070a21cb40}: 'java.lang.Object java.lang.invoke.Invokers$Holder.linkToTargetMethod(java.lang.Object, java.lang.Object, java.lang.Object, java.lang.Object, java.lang.Object, java.lang.Object, java.lang.Object)'> (0x000000070a21cb40) 
thrown [s\src\hotspot\share\interpreter\linkResolver.cpp, line 771]
Event: 5.777 Thread 0x000002581fedb820 Implicit null exception at 0x000002582af1f914 to 0x000002582af1fb50
Event: 5.966 Thread 0x000002581fedb820 Exception <a 'java/lang/NoSuchMethodError'{0x0000000707e38ac0}: 'java.lang.Object java.lang.invoke.DirectMethodHandle$Holder.invokeStaticInit(java.lang.Object, java.lang.Object, java.lang.Object, java.lang.Object)'> (0x0000000707e38ac0) 
thrown [s\src\hotspot\share\interpreter\linkResolver.cpp, line 771]
Event: 6.192 Thread 0x000002581fedb820 Implicit null exception at 0x000002582aee8560 to 0x000002582aee85fa
Event: 6.333 Thread 0x000002581fedb820 Exception <a 'java/lang/NoSuchMethodError'{0x000000070a69ffa0}: 'java.lang.Object java.lang.invoke.DirectMethodHandle$Holder.newInvokeSpecial(java.lang.Object, java.lang.Object, java.lang.Object, int, int)'> (0x000000070a69ffa0) 
thrown [s\src\hotspot\share\interpreter\linkResolver.cpp, line 771]
Event: 6.333 Thread 0x000002581fedb820 Exception <a 'java/lang/NoSuchMethodError'{0x000000070a6a3de0}: 'java.lang.Object java.lang.invoke.DirectMethodHandle$Holder.invokeSpecial(java.lang.Object, java.lang.Object, java.lang.Object, java.lang.Object, int, int)'> (0x000000070a6a3de0) 
thrown [s\src\hotspot\share\interpreter\linkResolver.cpp, line 771]
Event: 6.335 Thread 0x000002581fedb820 Exception <a 'java/lang/NoSuchMethodError'{0x000000070a6bd788}: 'java.lang.Object java.lang.invoke.DirectMethodHandle$Holder.invokeSpecial(java.lang.Object, java.lang.Object, int, int, java.lang.Object, java.lang.Object, java.lang.Object, java.lang.Object, java.lang.Object)'> (0x000000070a6bd788) 
thrown [s\src\hotspot\share\interpreter\linkResolver.cpp, line 771]
Event: 6.563 Thread 0x000002581fedb820 Implicit null exception at 0x000002582aeecea0 to 0x000002582aeed144
Event: 6.566 Thread 0x000002581fedb820 Exception <a 'java/lang/NoSuchMethodError'{0x00000007098da800}: 'java.lang.Object java.lang.invoke.DirectMethodHandle$Holder.invokeStatic(java.lang.Object, int, java.lang.Object)'> (0x00000007098da800) 
thrown [s\src\hotspot\share\interpreter\linkResolver.cpp, line 771]
Event: 6.586 Thread 0x000002581fedb820 Exception <a 'java/lang/NoSuchMethodError'{0x00000007099644e8}: 'java.lang.Object java.lang.invoke.DirectMethodHandle$Holder.newInvokeSpecial(java.lang.Object, java.lang.Object, int, int, java.lang.Object, java.lang.Object, java.lang.Object)'> (0x00000007099644e8) 
thrown [s\src\hotspot\share\interpreter\linkResolver.cpp, line 771]
Event: 6.587 Thread 0x000002581fedb820 Exception <a 'java/lang/NoSuchMethodError'{0x0000000709968d90}: 'java.lang.Object java.lang.invoke.DirectMethodHandle$Holder.invokeSpecial(java.lang.Object, java.lang.Object, java.lang.Object, int, int, java.lang.Object, java.lang.Object, java.lang.Object)'> (0x0000000709968d90) 
thrown [s\src\hotspot\share\interpreter\linkResolver.cpp, line 771]

VM Operations (20 events):
Event: 8.152 Executing VM operation: HandshakeAllThreads
Event: 8.152 Executing VM operation: HandshakeAllThreads done
Event: 8.230 Executing VM operation: ICBufferFull
Event: 8.230 Executing VM operation: ICBufferFull done
Event: 8.290 Executing VM operation: HandshakeAllThreads
Event: 8.290 Executing VM operation: HandshakeAllThreads done
Event: 8.310 Executing VM operation: ICBufferFull
Event: 8.310 Executing VM operation: ICBufferFull done
Event: 8.357 Executing VM operation: HandshakeAllThreads
Event: 8.357 Executing VM operation: HandshakeAllThreads done
Event: 8.454 Executing VM operation: G1CollectForAllocation
Event: 8.462 Executing VM operation: G1CollectForAllocation done
Event: 8.486 Executing VM operation: HandshakeAllThreads
Event: 8.486 Executing VM operation: HandshakeAllThreads done
Event: 8.527 Executing VM operation: HandshakeAllThreads
Event: 8.527 Executing VM operation: HandshakeAllThreads done
Event: 8.577 Executing VM operation: HandshakeAllThreads
Event: 8.577 Executing VM operation: HandshakeAllThreads done
Event: 8.606 Executing VM operation: HandshakeAllThreads
Event: 8.606 Executing VM operation: HandshakeAllThreads done

Events (20 events):
Event: 8.540 Thread 0x000002583ec94dc0 flushing nmethod 0x0000025824bf4410
Event: 8.540 Thread 0x000002583ec94dc0 flushing nmethod 0x0000025824bf9590
Event: 8.540 Thread 0x000002583ec94dc0 flushing nmethod 0x0000025824bfbf90
Event: 8.540 Thread 0x000002583ec94dc0 flushing nmethod 0x0000025824bfd010
Event: 8.540 Thread 0x000002583ec94dc0 flushing nmethod 0x0000025824c00510
Event: 8.540 Thread 0x000002583ec94dc0 flushing nmethod 0x0000025824c01f10
Event: 8.540 Thread 0x000002583ec94dc0 flushing nmethod 0x0000025824c03590
Event: 8.540 Thread 0x000002583ec94dc0 flushing nmethod 0x0000025824c06610
Event: 8.540 Thread 0x000002583ec94dc0 flushing nmethod 0x0000025824c63890
Event: 8.540 Thread 0x000002583ec94dc0 flushing nmethod 0x0000025824c6a690
Event: 8.540 Thread 0x000002583ec94dc0 flushing nmethod 0x0000025824c8bb90
Event: 8.541 Thread 0x000002583ec94dc0 flushing nmethod 0x0000025824c95d10
Event: 8.541 Thread 0x000002583ec94dc0 flushing nmethod 0x0000025824cb3190
Event: 8.541 Thread 0x000002583ec94dc0 flushing nmethod 0x0000025824dc0310
Event: 8.541 Thread 0x000002583ec94dc0 flushing nmethod 0x0000025824dc1810
Event: 8.541 Thread 0x000002583ec94dc0 flushing nmethod 0x0000025824dc1f10
Event: 8.541 Thread 0x000002583ec94dc0 flushing nmethod 0x0000025824dc3090
Event: 8.541 Thread 0x000002583ec94dc0 flushing nmethod 0x0000025824dc3790
Event: 8.541 Thread 0x000002583ec94dc0 flushing nmethod 0x0000025824dc4690
Event: 8.541 Thread 0x000002583ec94dc0 flushing nmethod 0x0000025824deb610


Dynamic libraries:
0x00007ff7d85f0000 - 0x00007ff7d85fa000 	C:\Program Files\Android\Android Studio\jbr\bin\java.exe
0x00007fffd6530000 - 0x00007fffd6728000 	C:\WINDOWS\SYSTEM32\ntdll.dll
0x00007fffd5cb0000 - 0x00007fffd5d6d000 	C:\WINDOWS\System32\KERNEL32.DLL
0x00007fffd41d0000 - 0x00007fffd44c6000 	C:\WINDOWS\System32\KERNELBASE.dll
0x00007fffd3de0000 - 0x00007fffd3ee0000 	C:\WINDOWS\System32\ucrtbase.dll
0x00007fff9d570000 - 0x00007fff9d58b000 	C:\Program Files\Android\Android Studio\jbr\bin\VCRUNTIME140.dll
0x00007fff899a0000 - 0x00007fff899b7000 	C:\Program Files\Android\Android Studio\jbr\bin\jli.dll
0x00007fffd5ab0000 - 0x00007fffd5c4e000 	C:\WINDOWS\System32\USER32.dll
0x00007fffc0130000 - 0x00007fffc03ca000 	C:\WINDOWS\WinSxS\amd64_microsoft.windows.common-controls_6595b64144ccf1df_6.0.19041.3636_none_60b6a03d71f818d5\COMCTL32.dll
0x00007fffd3fd0000 - 0x00007fffd3ff2000 	C:\WINDOWS\System32\win32u.dll
0x00007fffd5800000 - 0x00007fffd589e000 	C:\WINDOWS\System32\msvcrt.dll
0x00007fffd57c0000 - 0x00007fffd57ec000 	C:\WINDOWS\System32\GDI32.dll
0x00007fffd4000000 - 0x00007fffd411a000 	C:\WINDOWS\System32\gdi32full.dll
0x00007fffd3f30000 - 0x00007fffd3fcd000 	C:\WINDOWS\System32\msvcp_win.dll
0x00007fffd4730000 - 0x00007fffd4760000 	C:\WINDOWS\System32\IMM32.DLL
0x00007fff9e150000 - 0x00007fff9e15c000 	C:\Program Files\Android\Android Studio\jbr\bin\vcruntime140_1.dll
0x00007fff78fe0000 - 0x00007fff7906d000 	C:\Program Files\Android\Android Studio\jbr\bin\msvcp140.dll
0x00007fff8a230000 - 0x00007fff8ae9e000 	C:\Program Files\Android\Android Studio\jbr\bin\server\jvm.dll
0x00007fffd63a0000 - 0x00007fffd644f000 	C:\WINDOWS\System32\ADVAPI32.dll
0x00007fffd6450000 - 0x00007fffd64ec000 	C:\WINDOWS\System32\sechost.dll
0x00007fffd48a0000 - 0x00007fffd49c6000 	C:\WINDOWS\System32\RPCRT4.dll
0x00007fffbc8f0000 - 0x00007fffbc8f9000 	C:\WINDOWS\SYSTEM32\WSOCK32.dll
0x00007fffc0580000 - 0x00007fffc05a7000 	C:\WINDOWS\SYSTEM32\WINMM.dll
0x00007fffd4a40000 - 0x00007fffd4aab000 	C:\WINDOWS\System32\WS2_32.dll
0x00007fffc5560000 - 0x00007fffc556a000 	C:\WINDOWS\SYSTEM32\VERSION.dll
0x00007fffd1ad0000 - 0x00007fffd1ae2000 	C:\WINDOWS\SYSTEM32\kernel.appcore.dll
0x00007fff8a220000 - 0x00007fff8a22a000 	C:\Program Files\Android\Android Studio\jbr\bin\jimage.dll
0x00007fffb1820000 - 0x00007fffb1a04000 	C:\WINDOWS\SYSTEM32\DBGHELP.DLL
0x00007fffbd2d0000 - 0x00007fffbd304000 	C:\WINDOWS\SYSTEM32\dbgcore.DLL
0x00007fffd44d0000 - 0x00007fffd4552000 	C:\WINDOWS\System32\bcryptPrimitives.dll
0x00007fff8a1f0000 - 0x00007fff8a215000 	C:\Program Files\Android\Android Studio\jbr\bin\java.dll
0x00007fff8a1d0000 - 0x00007fff8a1e8000 	C:\Program Files\Android\Android Studio\jbr\bin\zip.dll
0x00007fffd4b60000 - 0x00007fffd52a5000 	C:\WINDOWS\System32\SHELL32.dll
0x00007fffd1cd0000 - 0x00007fffd246b000 	C:\WINDOWS\SYSTEM32\windows.storage.dll
0x00007fffd5460000 - 0x00007fffd57b4000 	C:\WINDOWS\System32\combase.dll
0x00007fffd3650000 - 0x00007fffd367d000 	C:\WINDOWS\SYSTEM32\Wldp.dll
0x00007fffd4ab0000 - 0x00007fffd4b5d000 	C:\WINDOWS\System32\SHCORE.dll
0x00007fffd5a50000 - 0x00007fffd5aa5000 	C:\WINDOWS\System32\shlwapi.dll
0x00007fffd3b40000 - 0x00007fffd3b65000 	C:\WINDOWS\SYSTEM32\profapi.dll
0x00007fff89d10000 - 0x00007fff89d29000 	C:\Program Files\Android\Android Studio\jbr\bin\net.dll
0x00007fffc51f0000 - 0x00007fffc52fa000 	C:\WINDOWS\SYSTEM32\WINHTTP.dll
0x00007fffd33b0000 - 0x00007fffd341a000 	C:\WINDOWS\system32\mswsock.dll
0x00007fff89cf0000 - 0x00007fff89d06000 	C:\Program Files\Android\Android Studio\jbr\bin\nio.dll
0x00007fff89a30000 - 0x00007fff89a40000 	C:\Program Files\Android\Android Studio\jbr\bin\verify.dll

dbghelp: loaded successfully - version: 4.0.5 - missing functions: none
symbol engine: initialized successfully - sym options: 0x614 - pdb path: .;C:\Program Files\Android\Android Studio\jbr\bin;C:\WINDOWS\SYSTEM32;C:\WINDOWS\WinSxS\amd64_microsoft.windows.common-controls_6595b64144ccf1df_6.0.19041.3636_none_60b6a03d71f818d5;C:\Program Files\Android\Android Studio\jbr\bin\server

VM Arguments:
java_command: org.jetbrains.kotlin.cli.jvm.K2JVMCompiler @C:\AndroidStudio\NEEI_IPT\app\build\20231216_7999127474503449610.compiler.options
java_class_path (initial): C:\Users\joaom\.gradle\caches\modules-2\files-2.1\org.jetbrains.kotlin\kotlin-compiler-embeddable\1.9.0\2c8c3a7402becca891f12739b3e9fd2dc2adbd7a\kotlin-compiler-embeddable-1.9.0.jar;C:\Users\joaom\.gradle\caches\modules-2\files-2.1\org.jetbrains.kotlin\kotlin-stdlib\1.9.0\8ee15ef0c67dc83d874f412d84378d7f0eb50b63\kotlin-stdlib-1.9.0.jar;C:\Users\joaom\.gradle\caches\modules-2\files-2.1\org.jetbrains.kotlin\kotlin-script-runtime\1.9.0\4b3102cbbb7e1b58d9d1adf89563f00069ffa7d1\kotlin-script-runtime-1.9.0.jar;C:\Users\joaom\.gradle\caches\modules-2\files-2.1\org.jetbrains.kotlin\kotlin-reflect\1.6.10\1cbe9c92c12a94eea200d23c2bbaedaf3daf5132\kotlin-reflect-1.6.10.jar;C:\Users\joaom\.gradle\caches\modules-2\files-2.1\org.jetbrains.kotlin\kotlin-daemon-embeddable\1.9.0\186543f5e28cf8d9a0290fecc2cf34301c40a65c\kotlin-daemon-embeddable-1.9.0.jar;C:\Users\joaom\.gradle\caches\modules-2\files-2.1\org.jetbrains.intellij.deps\trove4j\1.0.20200330\3afb14d5f9ceb459d724e907a21145e8ff394f02\trove4j-1.0.20200330.jar;C:\Users\joaom\.gradle\caches\modules-2\files-2.1\org.jetbrains.kotlin\kotlin-stdlib-common\1.9.0\cd65c21cfd1eec4d44ef09f9f52b6d9f8a720636\kotlin-stdlib-common-1.9.0.jar;C:\Users\joaom\.gradle\caches\modules-2\files-2.1\org.jetbrains\annotations\13.0\919f0dfe192fb4e063e7dacadee7f8bb9a2672a9\annotations-13.0.jar
Launcher Type: SUN_STANDARD

[Global flags]
     intx CICompilerCount                          = 3                                         {product} {ergonomic}
     uint ConcGCThreads                            = 1                                         {product} {ergonomic}
     uint G1ConcRefinementThreads                  = 4                                         {product} {ergonomic}
   size_t G1HeapRegionSize                         = 2097152                                   {product} {ergonomic}
    uintx GCDrainStackTargetSize                   = 64                                        {product} {ergonomic}
   size_t InitialHeapSize                          = 268435456                                 {product} {ergonomic}
   size_t MarkStackSize                            = 4194304                                   {product} {ergonomic}
   size_t MaxHeapSize                              = 4267704320                                {product} {ergonomic}
   size_t MaxNewSize                               = 2560622592                                {product} {ergonomic}
   size_t MinHeapDeltaBytes                        = 2097152                                   {product} {ergonomic}
   size_t MinHeapSize                              = 8388608                                   {product} {ergonomic}
    uintx NonNMethodCodeHeapSize                   = 5832780                                {pd product} {ergonomic}
    uintx NonProfiledCodeHeapSize                  = 122912730                              {pd product} {ergonomic}
    uintx ProfiledCodeHeapSize                     = 122912730                              {pd product} {ergonomic}
    uintx ReservedCodeCacheSize                    = 251658240                              {pd product} {ergonomic}
     bool SegmentedCodeCache                       = true                                      {product} {ergonomic}
   size_t SoftMaxHeapSize                          = 4267704320                             {manageable} {ergonomic}
     bool UseCompressedClassPointers               = true                           {product lp64_product} {ergonomic}
     bool UseCompressedOops                        = true                           {product lp64_product} {ergonomic}
     bool UseG1GC                                  = true                                      {product} {ergonomic}
     bool UseLargePagesIndividualAllocation        = false                                  {pd product} {ergonomic}

Logging:
Log output configuration:
 #0: stdout all=warning uptime,level,tags
 #1: stderr all=off uptime,level,tags

Environment Variables:
PATH=C:\Program Files (x86)\VMware\VMware Player\bin\;C:\Program Files\Common Files\Oracle\Java\javapath;C:\Program Files (x86)\Common Files\Oracle\Java\javapath;C:\WINDOWS\system32;C:\WINDOWS;C:\WINDOWS\System32\Wbem;C:\WINDOWS\System32\WindowsPowerShell\v1.0\;C:\WINDOWS\System32\OpenSSH\;C:\Program Files\dotnet\;C:\Program Files (x86)\dotnet\;C:\Program Files\PuTTY\;C:\Program Files\nodejs\;C:\Program Files\Microsoft SQL Server\150\Tools\Binn\;C:\Program Files\Microsoft SQL Server\Client SDK\ODBC\170\Tools\Binn\;C:\Program Files\Git\cmd;C:\Users\joaom\AppData\Local\Microsoft\WindowsApps;C:\Users\joaom\.dotnet\tools;C:\Users\joaom\AppData\Local\Programs\Microsoft VS Code\bin;C:\Users\joaom\AppData\Roaming\npm
USERNAME=joaom
OS=Windows_NT
PROCESSOR_IDENTIFIER=Intel64 Family 6 Model 158 Stepping 9, GenuineIntel
TMP=C:\Users\joaom\AppData\Local\Temp
TEMP=C:\Users\joaom\AppData\Local\Temp


JNI global refs:
JNI global refs: 10, weak refs: 19

JNI global refs memory usage: 843, weak refs: 841


---------------  S Y S T E M  ---------------

OS:
 Windows 10 , 64 bit Build 19041 (10.0.19041.3636)
OS uptime: 0 days 5:23 hours

CPU: total 4 (initial active 4) (4 cores per cpu, 1 threads per core) family 6 model 158 stepping 9 microcode 0xb4, cx8, cmov, fxsr, mmx, 3dnowpref, sse, sse2, sse3, ssse3, sse4.1, sse4.2, popcnt, lzcnt, tsc, tscinvbit, avx, avx2, aes, erms, clmul, bmi1, bmi2, adx, fma, vzeroupper, clflush, clflushopt

Memory: 4k page, system-wide physical 16276M (961M free)
TotalPageFile size 16276M (AvailPageFile size 6M)
current process WorkingSet (physical memory assigned to process): 369M, peak: 371M
current process commit charge ("private bytes"): 400M, peak: 402M

vm_info: OpenJDK 64-Bit Server VM (17.0.6+0-b2043.56-10027231) for windows-amd64 JRE (17.0.6+0-b2043.56-10027231), built on Apr 28 2023 00:43:19 by "androidbuild" with MS VC++ 16.10 / 16.11 (VS2019)

END.
