#
# There is insufficient memory for the Java Runtime Environment to continue.
# Native memory allocation (malloc) failed to allocate 2270944 bytes for Chunk::new
# Possible reasons:
#   The system is out of physical RAM or swap space
#   The process is running with CompressedOops enabled, and the Java Heap may be blocking the growth of the native heap
# Possible solutions:
#   Reduce memory load on the system
#   Increase physical memory or swap space
#   Check if swap backing store is full
#   Decrease Java heap size (-Xmx/-Xms)
#   Decrease number of Java threads
#   Decrease Java thread stack sizes (-Xss)
#   Set larger code cache with -XX:ReservedCodeCacheSize=
#   JVM is running with Unscaled Compressed Oops mode in which the Java heap is
#     placed in the first 4GB address space. The Java Heap base address is the
#     maximum limit for the native heap growth. Please use -XX:HeapBaseMinAddress
#     to set the Java Heap base and to place the Java Heap above 4GB virtual address.
# This output file may be truncated or incomplete.
#
#  Out of Memory Error (arena.cpp:189), pid=16304, tid=13892
#
# JRE version: OpenJDK Runtime Environment (17.0.6) (build 17.0.6+0-b2043.56-10027231)
# Java VM: OpenJDK 64-Bit Server VM (17.0.6+0-b2043.56-10027231, mixed mode, tiered, compressed oops, compressed class ptrs, g1 gc, windows-amd64)
# No core dump will be written. Minidumps are not enabled by default on client versions of Windows
#

---------------  S U M M A R Y ------------

Command Line: --add-opens=java.base/java.util=ALL-UNNAMED --add-opens=java.base/java.lang=ALL-UNNAMED --add-opens=java.base/java.lang.invoke=ALL-UNNAMED --add-opens=java.prefs/java.util.prefs=ALL-UNNAMED --add-opens=java.base/java.nio.charset=ALL-UNNAMED --add-opens=java.base/java.net=ALL-UNNAMED --add-opens=java.base/java.util.concurrent.atomic=ALL-UNNAMED -Xmx2048m -Dfile.encoding=UTF-8 -Duser.country=PT -Duser.language=pt -Duser.variant org.gradle.launcher.daemon.bootstrap.GradleDaemon 8.0

Host: Intel(R) Core(TM) i5-7300HQ CPU @ 2.50GHz, 4 cores, 15G,  Windows 10 , 64 bit Build 19041 (10.0.19041.3636)
Time: Thu Dec 21 13:36:55 2023 Hora padrão de GMT elapsed time: 185.301789 seconds (0d 0h 3m 5s)

---------------  T H R E A D  ---------------

Current thread (0x000001f4d6ce2c50):  JavaThread "C2 CompilerThread1" daemon [_thread_in_native, id=13892, stack(0x0000006617800000,0x0000006617900000)]


Current CompileTask:
C2: 185301 21951       4       org.gradle.internal.service.DefaultServiceRegistry$ClassInspector$ClassDetails::collectTypes (63 bytes)

Stack: [0x0000006617800000,0x0000006617900000]
Native frames: (J=compiled Java code, j=interpreted, Vv=VM code, C=native code)
V  [jvm.dll+0x683c9a]
V  [jvm.dll+0x8427a4]
V  [jvm.dll+0x843f9e]
V  [jvm.dll+0x844603]
V  [jvm.dll+0x249b75]
V  [jvm.dll+0xabcac]
V  [jvm.dll+0xac27c]
V  [jvm.dll+0x368857]
V  [jvm.dll+0x332f31]
V  [jvm.dll+0x3323da]
V  [jvm.dll+0x21c201]
V  [jvm.dll+0x21b621]
V  [jvm.dll+0x1a4fdd]
V  [jvm.dll+0x22b098]
V  [jvm.dll+0x229159]
V  [jvm.dll+0x7f81ec]
V  [jvm.dll+0x7f274a]
V  [jvm.dll+0x682ad5]
C  [ucrtbase.dll+0x21bb2]
C  [KERNEL32.DLL+0x17344]
C  [ntdll.dll+0x526b1]


---------------  P R O C E S S  ---------------

Threads class SMR info:
_java_thread_list=0x000001f4d6de2420, length=90, elements={
0x000001f4aa8bde80, 0x000001f4c681a150, 0x000001f4c681aae0, 0x000001f4c685e020,
0x000001f4c6860d10, 0x000001f4c6863520, 0x000001f4c68626b0, 0x000001f4c686bf60,
0x000001f4c686ce90, 0x000001f4c686d3a0, 0x000001f4c68639f0, 0x000001f4c6861d10,
0x000001f4c6863050, 0x000001f4c6861840, 0x000001f4c6864390, 0x000001f4c8300450,
0x000001f4c82fd430, 0x000001f4c82fe2a0, 0x000001f4c8300920, 0x000001f4c82fff80,
0x000001f4c82fec40, 0x000001f4c82ff5e0, 0x000001f4ca0889f0, 0x000001f4ca088ec0,
0x000001f4ca08aba0, 0x000001f4ca089390, 0x000001f4ca08b540, 0x000001f4c9652fc0,
0x000001f4ca610340, 0x000001f4ca60f9a0, 0x000001f4ca6124f0, 0x000001f4ca610810,
0x000001f4cfa80070, 0x000001f4c91d8a00, 0x000001f4cf5bec80, 0x000001f4d0ba0210,
0x000001f4c964ec60, 0x000001f4c964f130, 0x000001f4c91da210, 0x000001f4c91d8ed0,
0x000001f4c91da6e0, 0x000001f4c91d8530, 0x000001f4d6ce2c50, 0x000001f4c91d93a0,
0x000001f4d0b9f3a0, 0x000001f4d0ba06e0, 0x000001f4d0852530, 0x000001f4d0ba1080,
0x000001f4d0ba0bb0, 0x000001f4d0b9fd40, 0x000001f4d0ba1550, 0x000001f4d0ba1a20,
0x000001f4d0b9e060, 0x000001f4d0b9e530, 0x000001f4d0b9ea00, 0x000001f4d0b9eed0,
0x000001f4d6e46570, 0x000001f4d6e460a0, 0x000001f4d6e45bd0, 0x000001f4d6e45230,
0x000001f4d6e46a40, 0x000001f4d6e443c0, 0x000001f4d6e473e0, 0x000001f4d6e46f10,
0x000001f4d6e44d60, 0x000001f4d6e478b0, 0x000001f4d6e43ef0, 0x000001f4d6e44890,
0x000001f4d6e45700, 0x000001f4cabf8040, 0x000001f4cabf9850, 0x000001f4c91dabb0,
0x000001f4c91d9d40, 0x000001f4c91db080, 0x000001f4d08533a0, 0x000001f4d0852a00,
0x000001f4d0853870, 0x000001f4d0852060, 0x000001f4d0852ed0, 0x000001f4cae79c30,
0x000001f4cae7bde0, 0x000001f4cae7c2b0, 0x000001f4cae7b440, 0x000001f4cae7c780,
0x000001f4cae7a5d0, 0x000001f4cae79760, 0x000001f4cae7a100, 0x000001f4cabf8510,
0x000001f4cae7aaa0, 0x000001f4cae7cc50
}

Java Threads: ( => current thread )
  0x000001f4aa8bde80 JavaThread "main" [_thread_blocked, id=4040, stack(0x0000006615200000,0x0000006615300000)]
  0x000001f4c681a150 JavaThread "Reference Handler" daemon [_thread_blocked, id=17584, stack(0x0000006615900000,0x0000006615a00000)]
  0x000001f4c681aae0 JavaThread "Finalizer" daemon [_thread_blocked, id=17176, stack(0x0000006615a00000,0x0000006615b00000)]
  0x000001f4c685e020 JavaThread "Signal Dispatcher" daemon [_thread_blocked, id=3184, stack(0x0000006615b00000,0x0000006615c00000)]
  0x000001f4c6860d10 JavaThread "Attach Listener" daemon [_thread_blocked, id=17820, stack(0x0000006615c00000,0x0000006615d00000)]
  0x000001f4c6863520 JavaThread "Service Thread" daemon [_thread_blocked, id=9028, stack(0x0000006615d00000,0x0000006615e00000)]
  0x000001f4c68626b0 JavaThread "Monitor Deflation Thread" daemon [_thread_blocked, id=2896, stack(0x0000006615e00000,0x0000006615f00000)]
  0x000001f4c686bf60 JavaThread "C2 CompilerThread0" daemon [_thread_in_native, id=17652, stack(0x0000006615f00000,0x0000006616000000)]
  0x000001f4c686ce90 JavaThread "C1 CompilerThread0" daemon [_thread_blocked, id=15872, stack(0x0000006616000000,0x0000006616100000)]
  0x000001f4c686d3a0 JavaThread "Sweeper thread" daemon [_thread_blocked, id=7496, stack(0x0000006616100000,0x0000006616200000)]
  0x000001f4c68639f0 JavaThread "Common-Cleaner" daemon [_thread_blocked, id=1620, stack(0x0000006616200000,0x0000006616300000)]
  0x000001f4c6861d10 JavaThread "Notification Thread" daemon [_thread_blocked, id=5792, stack(0x0000006616300000,0x0000006616400000)]
  0x000001f4c6863050 JavaThread "Daemon health stats" [_thread_blocked, id=9048, stack(0x0000006616900000,0x0000006616a00000)]
  0x000001f4c6861840 JavaThread "Incoming local TCP Connector on port 61301" [_thread_in_native, id=18008, stack(0x0000006616500000,0x0000006616600000)]
  0x000001f4c6864390 JavaThread "Daemon periodic checks" [_thread_blocked, id=16772, stack(0x0000006616a00000,0x0000006616b00000)]
  0x000001f4c8300450 JavaThread "Cache worker for journal cache (C:\Users\joaom\.gradle\caches\journal-1)" [_thread_blocked, id=16536, stack(0x0000006617200000,0x0000006617300000)]
  0x000001f4c82fd430 JavaThread "File lock request listener" [_thread_in_native, id=2156, stack(0x0000006617300000,0x0000006617400000)]
  0x000001f4c82fe2a0 JavaThread "Cache worker for file hash cache (C:\Users\joaom\.gradle\caches\8.0\fileHashes)" [_thread_blocked, id=12748, stack(0x0000006617400000,0x0000006617500000)]
  0x000001f4c8300920 JavaThread "File watcher server" daemon [_thread_in_native, id=15440, stack(0x0000006617600000,0x0000006617700000)]
  0x000001f4c82fff80 JavaThread "File watcher consumer" daemon [_thread_blocked, id=11716, stack(0x0000006617700000,0x0000006617800000)]
  0x000001f4c82fec40 JavaThread "Cache worker for file content cache (C:\Users\joaom\.gradle\caches\8.0\fileContent)" [_thread_blocked, id=14148, stack(0x0000006617a00000,0x0000006617b00000)]
  0x000001f4c82ff5e0 JavaThread "Cache worker for execution history cache (C:\Users\joaom\.gradle\caches\8.0\executionHistory)" [_thread_blocked, id=6944, stack(0x0000006617d00000,0x0000006617e00000)]
  0x000001f4ca0889f0 JavaThread "jar transforms" [_thread_blocked, id=9752, stack(0x0000006617e00000,0x0000006617f00000)]
  0x000001f4ca088ec0 JavaThread "jar transforms Thread 2" [_thread_blocked, id=3672, stack(0x0000006617f00000,0x0000006618000000)]
  0x000001f4ca08aba0 JavaThread "Cache worker for kotlin-dsl (C:\Users\joaom\.gradle\caches\8.0\kotlin-dsl)" [_thread_blocked, id=10644, stack(0x0000006618100000,0x0000006618200000)]
  0x000001f4ca089390 JavaThread "jar transforms Thread 3" [_thread_blocked, id=17100, stack(0x0000006618200000,0x0000006618300000)]
  0x000001f4ca08b540 JavaThread "jar transforms Thread 4" [_thread_blocked, id=5480, stack(0x0000006618300000,0x0000006618400000)]
  0x000001f4c9652fc0 JavaThread "Memory manager" [_thread_blocked, id=4588, stack(0x000000661b100000,0x000000661b200000)]
  0x000001f4ca610340 JavaThread "RMI Scheduler(0)" daemon [_thread_blocked, id=17236, stack(0x0000006615100000,0x0000006615200000)]
  0x000001f4ca60f9a0 JavaThread "RMI GC Daemon" daemon [_thread_blocked, id=6624, stack(0x000000661c000000,0x000000661c100000)]
  0x000001f4ca6124f0 JavaThread "RMI TCP Accept-0" daemon [_thread_in_native, id=9788, stack(0x000000661c100000,0x000000661c200000)]
  0x000001f4ca610810 JavaThread "RMI Reaper" [_thread_blocked, id=9696, stack(0x000000661c200000,0x000000661c300000)]
  0x000001f4cfa80070 JavaThread "ForkJoinPool.commonPool-worker-1" daemon [_thread_blocked, id=10616, stack(0x000000661af00000,0x000000661b000000)]
  0x000001f4c91d8a00 JavaThread "Daemon Thread 2" [_thread_blocked, id=17928, stack(0x0000006614f00000,0x0000006615000000)]
  0x000001f4cf5bec80 JavaThread "Handler for socket connection from /127.0.0.1:61301 to /127.0.0.1:61499" [_thread_in_native, id=17704, stack(0x0000006615000000,0x0000006615100000)]
  0x000001f4d0ba0210 JavaThread "Cancel handler" [_thread_blocked, id=2120, stack(0x0000006616b00000,0x0000006616c00000)]
  0x000001f4c964ec60 JavaThread "Daemon worker Thread 2" [_thread_in_Java, id=11964, stack(0x0000006616d00000,0x0000006616e00000)]
  0x000001f4c964f130 JavaThread "Asynchronous log dispatcher for DefaultDaemonConnection: socket connection from /127.0.0.1:61301 to /127.0.0.1:61499" [_thread_blocked, id=11996, stack(0x0000006616e00000,0x0000006616f00000)]
  0x000001f4c91da210 JavaThread "Stdin handler" [_thread_blocked, id=12636, stack(0x0000006616f00000,0x0000006617000000)]
  0x000001f4c91d8ed0 JavaThread "Daemon client event forwarder" [_thread_blocked, id=15064, stack(0x0000006617000000,0x0000006617100000)]
  0x000001f4c91da6e0 JavaThread "Cache worker for checksums cache (C:\AndroidStudio\NEEI_IPT\.gradle\8.0\checksums)" [_thread_blocked, id=7772, stack(0x0000006617100000,0x0000006617200000)]
  0x000001f4c91d8530 JavaThread "Cache worker for cache directory md-rule (C:\Users\joaom\.gradle\caches\8.0\md-rule)" [_thread_blocked, id=16108, stack(0x0000006617500000,0x0000006617600000)]
=>0x000001f4d6ce2c50 JavaThread "C2 CompilerThread1" daemon [_thread_in_native, id=13892, stack(0x0000006617800000,0x0000006617900000)]
  0x000001f4c91d93a0 JavaThread "Cache worker for file hash cache (C:\AndroidStudio\NEEI_IPT\.gradle\8.0\fileHashes)" [_thread_blocked, id=15728, stack(0x0000006617900000,0x0000006617a00000)]
  0x000001f4d0b9f3a0 JavaThread "Cache worker for cache directory md-supplier (C:\Users\joaom\.gradle\caches\8.0\md-supplier)" [_thread_blocked, id=6520, stack(0x0000006617b00000,0x0000006617c00000)]
  0x000001f4d0ba06e0 JavaThread "Cache worker for dependencies-accessors (C:\AndroidStudio\NEEI_IPT\.gradle\8.0\dependencies-accessors)" [_thread_blocked, id=6576, stack(0x0000006617c00000,0x0000006617d00000)]
  0x000001f4d0852530 JavaThread "Cache worker for Build Output Cleanup Cache (C:\AndroidStudio\NEEI_IPT\.gradle\buildOutputCleanup)" [_thread_blocked, id=10620, stack(0x0000006618400000,0x0000006618500000)]
  0x000001f4d0ba1080 JavaThread "Unconstrained build operations" [_thread_blocked, id=5052, stack(0x0000006618500000,0x0000006618600000)]
  0x000001f4d0ba0bb0 JavaThread "Unconstrained build operations Thread 2" [_thread_blocked, id=896, stack(0x0000006618600000,0x0000006618700000)]
  0x000001f4d0b9fd40 JavaThread "Unconstrained build operations Thread 3" [_thread_blocked, id=12296, stack(0x0000006618800000,0x0000006618900000)]
  0x000001f4d0ba1550 JavaThread "Unconstrained build operations Thread 4" [_thread_blocked, id=17376, stack(0x0000006618900000,0x0000006618a00000)]
  0x000001f4d0ba1a20 JavaThread "Unconstrained build operations Thread 5" [_thread_blocked, id=14932, stack(0x0000006618a00000,0x0000006618b00000)]
  0x000001f4d0b9e060 JavaThread "Unconstrained build operations Thread 6" [_thread_blocked, id=10744, stack(0x0000006618b00000,0x0000006618c00000)]
  0x000001f4d0b9e530 JavaThread "Unconstrained build operations Thread 7" [_thread_blocked, id=7308, stack(0x0000006618c00000,0x0000006618d00000)]
  0x000001f4d0b9ea00 JavaThread "Unconstrained build operations Thread 8" [_thread_blocked, id=9476, stack(0x0000006618d00000,0x0000006618e00000)]
  0x000001f4d0b9eed0 JavaThread "Unconstrained build operations Thread 9" [_thread_blocked, id=3688, stack(0x0000006618e00000,0x0000006618f00000)]
  0x000001f4d6e46570 JavaThread "Unconstrained build operations Thread 10" [_thread_blocked, id=15876, stack(0x0000006618f00000,0x0000006619000000)]
  0x000001f4d6e460a0 JavaThread "Unconstrained build operations Thread 11" [_thread_blocked, id=10960, stack(0x0000006619000000,0x0000006619100000)]
  0x000001f4d6e45bd0 JavaThread "Unconstrained build operations Thread 12" [_thread_blocked, id=12540, stack(0x0000006619100000,0x0000006619200000)]
  0x000001f4d6e45230 JavaThread "Unconstrained build operations Thread 13" [_thread_blocked, id=4196, stack(0x0000006619200000,0x0000006619300000)]
  0x000001f4d6e46a40 JavaThread "Unconstrained build operations Thread 14" [_thread_blocked, id=12224, stack(0x0000006619300000,0x0000006619400000)]
  0x000001f4d6e443c0 JavaThread "Unconstrained build operations Thread 15" [_thread_blocked, id=8588, stack(0x0000006619400000,0x0000006619500000)]
  0x000001f4d6e473e0 JavaThread "Unconstrained build operations Thread 16" [_thread_blocked, id=2424, stack(0x0000006619500000,0x0000006619600000)]
  0x000001f4d6e46f10 JavaThread "Unconstrained build operations Thread 17" [_thread_blocked, id=17496, stack(0x0000006619600000,0x0000006619700000)]
  0x000001f4d6e44d60 JavaThread "Unconstrained build operations Thread 18" [_thread_blocked, id=16696, stack(0x0000006619700000,0x0000006619800000)]
  0x000001f4d6e478b0 JavaThread "Unconstrained build operations Thread 19" [_thread_blocked, id=6128, stack(0x0000006619800000,0x0000006619900000)]
  0x000001f4d6e43ef0 JavaThread "Unconstrained build operations Thread 20" [_thread_blocked, id=4988, stack(0x0000006619900000,0x0000006619a00000)]
  0x000001f4d6e44890 JavaThread "Unconstrained build operations Thread 21" [_thread_blocked, id=12560, stack(0x0000006619a00000,0x0000006619b00000)]
  0x000001f4d6e45700 JavaThread "Unconstrained build operations Thread 22" [_thread_blocked, id=15764, stack(0x0000006619b00000,0x0000006619c00000)]
  0x000001f4cabf8040 JavaThread "Unconstrained build operations Thread 23" [_thread_blocked, id=4604, stack(0x0000006619c00000,0x0000006619d00000)]
  0x000001f4cabf9850 JavaThread "Unconstrained build operations Thread 24" [_thread_blocked, id=11288, stack(0x0000006619d00000,0x0000006619e00000)]
  0x000001f4c91dabb0 JavaThread "Unconstrained build operations Thread 25" [_thread_blocked, id=9500, stack(0x0000006619e00000,0x0000006619f00000)]
  0x000001f4c91d9d40 JavaThread "Unconstrained build operations Thread 26" [_thread_blocked, id=5252, stack(0x0000006619f00000,0x000000661a000000)]
  0x000001f4c91db080 JavaThread "Unconstrained build operations Thread 27" [_thread_blocked, id=14424, stack(0x000000661a000000,0x000000661a100000)]
  0x000001f4d08533a0 JavaThread "Unconstrained build operations Thread 28" [_thread_blocked, id=8292, stack(0x000000661a100000,0x000000661a200000)]
  0x000001f4d0852a00 JavaThread "Unconstrained build operations Thread 29" [_thread_blocked, id=3124, stack(0x000000661a200000,0x000000661a300000)]
  0x000001f4d0853870 JavaThread "Unconstrained build operations Thread 30" [_thread_blocked, id=5432, stack(0x000000661a300000,0x000000661a400000)]
  0x000001f4d0852060 JavaThread "Unconstrained build operations Thread 31" [_thread_blocked, id=5700, stack(0x000000661a400000,0x000000661a500000)]
  0x000001f4d0852ed0 JavaThread "Unconstrained build operations Thread 32" [_thread_blocked, id=1412, stack(0x000000661a500000,0x000000661a600000)]
  0x000001f4cae79c30 JavaThread "Unconstrained build operations Thread 33" [_thread_blocked, id=7212, stack(0x000000661a600000,0x000000661a700000)]
  0x000001f4cae7bde0 JavaThread "Unconstrained build operations Thread 34" [_thread_blocked, id=12376, stack(0x000000661a700000,0x000000661a800000)]
  0x000001f4cae7c2b0 JavaThread "Unconstrained build operations Thread 35" [_thread_blocked, id=4596, stack(0x000000661a800000,0x000000661a900000)]
  0x000001f4cae7b440 JavaThread "Unconstrained build operations Thread 36" [_thread_blocked, id=7260, stack(0x000000661a900000,0x000000661aa00000)]
  0x000001f4cae7c780 JavaThread "Unconstrained build operations Thread 37" [_thread_blocked, id=8404, stack(0x000000661aa00000,0x000000661ab00000)]
  0x000001f4cae7a5d0 JavaThread "Unconstrained build operations Thread 38" [_thread_blocked, id=7412, stack(0x000000661ab00000,0x000000661ac00000)]
  0x000001f4cae79760 JavaThread "Unconstrained build operations Thread 39" [_thread_blocked, id=11408, stack(0x000000661ac00000,0x000000661ad00000)]
  0x000001f4cae7a100 JavaThread "Unconstrained build operations Thread 40" [_thread_blocked, id=9032, stack(0x000000661ad00000,0x000000661ae00000)]
  0x000001f4cabf8510 JavaThread "build event listener" [_thread_blocked, id=17336, stack(0x000000661ae00000,0x000000661af00000)]
  0x000001f4cae7aaa0 JavaThread "build event listener" [_thread_blocked, id=1108, stack(0x000000661b000000,0x000000661b100000)]
  0x000001f4cae7cc50 JavaThread "build event listener" [_thread_blocked, id=16292, stack(0x000000661b200000,0x000000661b300000)]

Other Threads:
  0x000001f4c6816620 VMThread "VM Thread" [stack: 0x0000006615800000,0x0000006615900000] [id=380]
  0x000001f4c68731a0 WatcherThread [stack: 0x0000006616400000,0x0000006616500000] [id=15496]
  0x000001f4aca28430 GCTaskThread "GC Thread#0" [stack: 0x0000006615300000,0x0000006615400000] [id=4948]
  0x000001f4c7342d20 GCTaskThread "GC Thread#1" [stack: 0x0000006616600000,0x0000006616700000] [id=10568]
  0x000001f4c6bf9c60 GCTaskThread "GC Thread#2" [stack: 0x0000006616700000,0x0000006616800000] [id=5844]
  0x000001f4c6af1c20 GCTaskThread "GC Thread#3" [stack: 0x0000006616800000,0x0000006616900000] [id=15108]
  0x000001f4aca39280 ConcurrentGCThread "G1 Main Marker" [stack: 0x0000006615400000,0x0000006615500000] [id=6704]
  0x000001f4aca3a340 ConcurrentGCThread "G1 Conc#0" [stack: 0x0000006615500000,0x0000006615600000] [id=14892]
  0x000001f4c5e38180 ConcurrentGCThread "G1 Refine#0" [stack: 0x0000006615600000,0x0000006615700000] [id=13656]
  0x000001f4c99b8330 ConcurrentGCThread "G1 Refine#1" [stack: 0x0000006618000000,0x0000006618100000] [id=512]
  0x000001f4c5e396d0 ConcurrentGCThread "G1 Service" [stack: 0x0000006615700000,0x0000006615800000] [id=11180]

Threads with active compile tasks:
C2 CompilerThread0   185330 22113       4       org.gradle.internal.hash.Hashing$MessageDigestHasher::<init> (25 bytes)
C2 CompilerThread1   185330 21951       4       org.gradle.internal.service.DefaultServiceRegistry$ClassInspector$ClassDetails::collectTypes (63 bytes)

VM state: not at safepoint (normal execution)

VM Mutex/Monitor currently owned by a thread: None

Heap address: 0x0000000080000000, size: 2048 MB, Compressed Oops mode: 32-bit

CDS archive(s) not mapped
Compressed class space mapped at: 0x0000000100000000-0x0000000140000000, reserved size: 1073741824
Narrow klass base: 0x0000000000000000, Narrow klass shift: 3, Narrow klass range: 0x140000000

GC Precious Log:
 CPUs: 4 total, 4 available
 Memory: 16276M
 Large Page Support: Disabled
 NUMA Support: Disabled
 Compressed Oops: Enabled (32-bit)
 Heap Region Size: 1M
 Heap Min Capacity: 8M
 Heap Initial Capacity: 256M
 Heap Max Capacity: 2G
 Pre-touch: Disabled
 Parallel Workers: 4
 Concurrent Workers: 1
 Concurrent Refinement Workers: 4
 Periodic GC: Disabled

Heap:
 garbage-first heap   total 244736K, used 185635K [0x0000000080000000, 0x0000000100000000)
  region size 1024K, 6 young (6144K), 4 survivors (4096K)
 Metaspace       used 143071K, committed 144000K, reserved 1179648K
  class space    used 19148K, committed 19584K, reserved 1048576K

Heap Regions: E=young(eden), S=young(survivor), O=old, HS=humongous(starts), HC=humongous(continues), CS=collection set, F=free, OA=open archive, CA=closed archive, TAMS=top-at-mark-start (previous, next)
|   0|0x0000000080000000, 0x0000000080100000, 0x0000000080100000|100%| O|  |TAMS 0x0000000080100000, 0x0000000080100000| Untracked 
|   1|0x0000000080100000, 0x0000000080200000, 0x0000000080200000|100%| O|  |TAMS 0x0000000080200000, 0x0000000080200000| Untracked 
|   2|0x0000000080200000, 0x0000000080300000, 0x0000000080300000|100%|HS|  |TAMS 0x0000000080300000, 0x0000000080300000| Complete 
|   3|0x0000000080300000, 0x0000000080400000, 0x0000000080400000|100%|HC|  |TAMS 0x0000000080400000, 0x0000000080400000| Complete 
|   4|0x0000000080400000, 0x0000000080500000, 0x0000000080500000|100%|HC|  |TAMS 0x0000000080500000, 0x0000000080500000| Complete 
|   5|0x0000000080500000, 0x0000000080600000, 0x0000000080600000|100%|HC|  |TAMS 0x0000000080600000, 0x0000000080600000| Complete 
|   6|0x0000000080600000, 0x0000000080700000, 0x0000000080700000|100%| O|  |TAMS 0x0000000080700000, 0x0000000080700000| Untracked 
|   7|0x0000000080700000, 0x0000000080800000, 0x0000000080800000|100%| O|  |TAMS 0x0000000080800000, 0x0000000080800000| Untracked 
|   8|0x0000000080800000, 0x0000000080900000, 0x0000000080900000|100%| O|  |TAMS 0x0000000080900000, 0x0000000080900000| Untracked 
|   9|0x0000000080900000, 0x0000000080a00000, 0x0000000080a00000|100%| O|  |TAMS 0x0000000080a00000, 0x0000000080a00000| Untracked 
|  10|0x0000000080a00000, 0x0000000080b00000, 0x0000000080b00000|100%| O|  |TAMS 0x0000000080b00000, 0x0000000080b00000| Untracked 
|  11|0x0000000080b00000, 0x0000000080c00000, 0x0000000080c00000|100%| O|  |TAMS 0x0000000080c00000, 0x0000000080c00000| Untracked 
|  12|0x0000000080c00000, 0x0000000080d00000, 0x0000000080d00000|100%| O|  |TAMS 0x0000000080d00000, 0x0000000080d00000| Untracked 
|  13|0x0000000080d00000, 0x0000000080e00000, 0x0000000080e00000|100%| O|  |TAMS 0x0000000080e00000, 0x0000000080e00000| Untracked 
|  14|0x0000000080e00000, 0x0000000080f00000, 0x0000000080f00000|100%| O|  |TAMS 0x0000000080f00000, 0x0000000080f00000| Untracked 
|  15|0x0000000080f00000, 0x0000000081000000, 0x0000000081000000|100%| O|  |TAMS 0x0000000081000000, 0x0000000081000000| Untracked 
|  16|0x0000000081000000, 0x0000000081100000, 0x0000000081100000|100%| O|  |TAMS 0x0000000081100000, 0x0000000081100000| Untracked 
|  17|0x0000000081100000, 0x0000000081200000, 0x0000000081200000|100%| O|  |TAMS 0x0000000081200000, 0x0000000081200000| Untracked 
|  18|0x0000000081200000, 0x0000000081300000, 0x0000000081300000|100%| O|  |TAMS 0x0000000081300000, 0x0000000081300000| Untracked 
|  19|0x0000000081300000, 0x0000000081400000, 0x0000000081400000|100%| O|  |TAMS 0x0000000081400000, 0x0000000081400000| Untracked 
|  20|0x0000000081400000, 0x0000000081500000, 0x0000000081500000|100%| O|  |TAMS 0x0000000081500000, 0x0000000081500000| Untracked 
|  21|0x0000000081500000, 0x0000000081600000, 0x0000000081600000|100%| O|  |TAMS 0x0000000081600000, 0x0000000081600000| Untracked 
|  22|0x0000000081600000, 0x0000000081700000, 0x0000000081700000|100%| O|  |TAMS 0x0000000081700000, 0x0000000081700000| Untracked 
|  23|0x0000000081700000, 0x0000000081800000, 0x0000000081800000|100%|HS|  |TAMS 0x0000000081800000, 0x0000000081800000| Complete 
|  24|0x0000000081800000, 0x0000000081900000, 0x0000000081900000|100%| O|  |TAMS 0x0000000081900000, 0x0000000081900000| Untracked 
|  25|0x0000000081900000, 0x0000000081a00000, 0x0000000081a00000|100%| O|  |TAMS 0x0000000081a00000, 0x0000000081a00000| Untracked 
|  26|0x0000000081a00000, 0x0000000081b00000, 0x0000000081b00000|100%| O|  |TAMS 0x0000000081b00000, 0x0000000081b00000| Untracked 
|  27|0x0000000081b00000, 0x0000000081c00000, 0x0000000081c00000|100%| O|  |TAMS 0x0000000081c00000, 0x0000000081c00000| Untracked 
|  28|0x0000000081c00000, 0x0000000081d00000, 0x0000000081d00000|100%| O|  |TAMS 0x0000000081d00000, 0x0000000081d00000| Untracked 
|  29|0x0000000081d00000, 0x0000000081e00000, 0x0000000081e00000|100%| O|  |TAMS 0x0000000081e00000, 0x0000000081e00000| Untracked 
|  30|0x0000000081e00000, 0x0000000081f00000, 0x0000000081f00000|100%| O|  |TAMS 0x0000000081f00000, 0x0000000081f00000| Untracked 
|  31|0x0000000081f00000, 0x0000000082000000, 0x0000000082000000|100%| O|  |TAMS 0x0000000082000000, 0x0000000082000000| Untracked 
|  32|0x0000000082000000, 0x0000000082100000, 0x0000000082100000|100%| O|  |TAMS 0x0000000082100000, 0x0000000082100000| Untracked 
|  33|0x0000000082100000, 0x0000000082200000, 0x0000000082200000|100%| O|  |TAMS 0x0000000082200000, 0x0000000082200000| Untracked 
|  34|0x0000000082200000, 0x0000000082300000, 0x0000000082300000|100%| O|  |TAMS 0x0000000082300000, 0x0000000082300000| Untracked 
|  35|0x0000000082300000, 0x0000000082400000, 0x0000000082400000|100%| O|  |TAMS 0x0000000082400000, 0x0000000082400000| Untracked 
|  36|0x0000000082400000, 0x0000000082500000, 0x0000000082500000|100%| O|  |TAMS 0x0000000082500000, 0x0000000082500000| Untracked 
|  37|0x0000000082500000, 0x0000000082600000, 0x0000000082600000|100%| O|  |TAMS 0x0000000082600000, 0x0000000082600000| Untracked 
|  38|0x0000000082600000, 0x0000000082700000, 0x0000000082700000|100%| O|  |TAMS 0x0000000082700000, 0x0000000082700000| Untracked 
|  39|0x0000000082700000, 0x0000000082800000, 0x0000000082800000|100%| O|  |TAMS 0x0000000082800000, 0x0000000082800000| Untracked 
|  40|0x0000000082800000, 0x0000000082900000, 0x0000000082900000|100%| O|  |TAMS 0x0000000082800000, 0x0000000082900000| Untracked 
|  41|0x0000000082900000, 0x0000000082a00000, 0x0000000082a00000|100%| O|  |TAMS 0x0000000082a00000, 0x0000000082a00000| Untracked 
|  42|0x0000000082a00000, 0x0000000082b00000, 0x0000000082b00000|100%|HS|  |TAMS 0x0000000082b00000, 0x0000000082b00000| Complete 
|  43|0x0000000082b00000, 0x0000000082c00000, 0x0000000082c00000|100%|HS|  |TAMS 0x0000000082c00000, 0x0000000082c00000| Complete 
|  44|0x0000000082c00000, 0x0000000082d00000, 0x0000000082d00000|100%|HC|  |TAMS 0x0000000082d00000, 0x0000000082d00000| Complete 
|  45|0x0000000082d00000, 0x0000000082e00000, 0x0000000082e00000|100%|HS|  |TAMS 0x0000000082e00000, 0x0000000082e00000| Complete 
|  46|0x0000000082e00000, 0x0000000082f00000, 0x0000000082f00000|100%|HS|  |TAMS 0x0000000082f00000, 0x0000000082f00000| Complete 
|  47|0x0000000082f00000, 0x0000000083000000, 0x0000000083000000|100%|HC|  |TAMS 0x0000000083000000, 0x0000000083000000| Complete 
|  48|0x0000000083000000, 0x0000000083100000, 0x0000000083100000|100%|HC|  |TAMS 0x0000000083100000, 0x0000000083100000| Complete 
|  49|0x0000000083100000, 0x0000000083200000, 0x0000000083200000|100%|HC|  |TAMS 0x0000000083200000, 0x0000000083200000| Complete 
|  50|0x0000000083200000, 0x0000000083300000, 0x0000000083300000|100%| O|  |TAMS 0x0000000083300000, 0x0000000083300000| Untracked 
|  51|0x0000000083300000, 0x0000000083400000, 0x0000000083400000|100%| O|  |TAMS 0x0000000083400000, 0x0000000083400000| Untracked 
|  52|0x0000000083400000, 0x0000000083500000, 0x0000000083500000|100%| O|  |TAMS 0x0000000083500000, 0x0000000083500000| Untracked 
|  53|0x0000000083500000, 0x0000000083600000, 0x0000000083600000|100%| O|  |TAMS 0x0000000083600000, 0x0000000083600000| Untracked 
|  54|0x0000000083600000, 0x0000000083700000, 0x0000000083700000|100%| O|  |TAMS 0x0000000083700000, 0x0000000083700000| Untracked 
|  55|0x0000000083700000, 0x0000000083800000, 0x0000000083800000|100%| O|  |TAMS 0x0000000083800000, 0x0000000083800000| Untracked 
|  56|0x0000000083800000, 0x0000000083900000, 0x0000000083900000|100%| O|  |TAMS 0x0000000083900000, 0x0000000083900000| Untracked 
|  57|0x0000000083900000, 0x0000000083a00000, 0x0000000083a00000|100%| O|  |TAMS 0x0000000083a00000, 0x0000000083a00000| Untracked 
|  58|0x0000000083a00000, 0x0000000083b00000, 0x0000000083b00000|100%| O|  |TAMS 0x0000000083b00000, 0x0000000083b00000| Untracked 
|  59|0x0000000083b00000, 0x0000000083c00000, 0x0000000083c00000|100%| O|  |TAMS 0x0000000083c00000, 0x0000000083c00000| Untracked 
|  60|0x0000000083c00000, 0x0000000083d00000, 0x0000000083d00000|100%| O|  |TAMS 0x0000000083d00000, 0x0000000083d00000| Untracked 
|  61|0x0000000083d00000, 0x0000000083e00000, 0x0000000083e00000|100%| O|  |TAMS 0x0000000083e00000, 0x0000000083e00000| Untracked 
|  62|0x0000000083e00000, 0x0000000083f00000, 0x0000000083f00000|100%| O|  |TAMS 0x0000000083f00000, 0x0000000083f00000| Untracked 
|  63|0x0000000083f00000, 0x0000000084000000, 0x0000000084000000|100%| O|  |TAMS 0x0000000084000000, 0x0000000084000000| Untracked 
|  64|0x0000000084000000, 0x0000000084100000, 0x0000000084100000|100%| O|  |TAMS 0x0000000084100000, 0x0000000084100000| Untracked 
|  65|0x0000000084100000, 0x0000000084200000, 0x0000000084200000|100%| O|  |TAMS 0x0000000084200000, 0x0000000084200000| Untracked 
|  66|0x0000000084200000, 0x0000000084300000, 0x0000000084300000|100%| O|  |TAMS 0x0000000084300000, 0x0000000084300000| Untracked 
|  67|0x0000000084300000, 0x0000000084400000, 0x0000000084400000|100%| O|  |TAMS 0x0000000084400000, 0x0000000084400000| Untracked 
|  68|0x0000000084400000, 0x0000000084500000, 0x0000000084500000|100%| O|  |TAMS 0x0000000084500000, 0x0000000084500000| Untracked 
|  69|0x0000000084500000, 0x0000000084600000, 0x0000000084600000|100%| O|  |TAMS 0x0000000084600000, 0x0000000084600000| Untracked 
|  70|0x0000000084600000, 0x0000000084700000, 0x0000000084700000|100%| O|  |TAMS 0x0000000084600000, 0x0000000084700000| Untracked 
|  71|0x0000000084700000, 0x0000000084800000, 0x0000000084800000|100%| O|  |TAMS 0x0000000084800000, 0x0000000084800000| Untracked 
|  72|0x0000000084800000, 0x0000000084900000, 0x0000000084900000|100%| O|  |TAMS 0x0000000084900000, 0x0000000084900000| Untracked 
|  73|0x0000000084900000, 0x0000000084a00000, 0x0000000084a00000|100%| O|  |TAMS 0x0000000084a00000, 0x0000000084a00000| Untracked 
|  74|0x0000000084a00000, 0x0000000084b00000, 0x0000000084b00000|100%| O|  |TAMS 0x0000000084b00000, 0x0000000084b00000| Untracked 
|  75|0x0000000084b00000, 0x0000000084c00000, 0x0000000084c00000|100%| O|  |TAMS 0x0000000084c00000, 0x0000000084c00000| Untracked 
|  76|0x0000000084c00000, 0x0000000084d00000, 0x0000000084d00000|100%| O|  |TAMS 0x0000000084d00000, 0x0000000084d00000| Untracked 
|  77|0x0000000084d00000, 0x0000000084e00000, 0x0000000084e00000|100%| O|  |TAMS 0x0000000084e00000, 0x0000000084e00000| Untracked 
|  78|0x0000000084e00000, 0x0000000084f00000, 0x0000000084f00000|100%| O|  |TAMS 0x0000000084f00000, 0x0000000084f00000| Untracked 
|  79|0x0000000084f00000, 0x0000000085000000, 0x0000000085000000|100%| O|  |TAMS 0x0000000085000000, 0x0000000085000000| Untracked 
|  80|0x0000000085000000, 0x0000000085100000, 0x0000000085100000|100%| O|  |TAMS 0x0000000085100000, 0x0000000085100000| Untracked 
|  81|0x0000000085100000, 0x0000000085200000, 0x0000000085200000|100%| O|  |TAMS 0x0000000085200000, 0x0000000085200000| Untracked 
|  82|0x0000000085200000, 0x0000000085300000, 0x0000000085300000|100%| O|  |TAMS 0x0000000085300000, 0x0000000085300000| Untracked 
|  83|0x0000000085300000, 0x0000000085400000, 0x0000000085400000|100%| O|  |TAMS 0x0000000085400000, 0x0000000085400000| Untracked 
|  84|0x0000000085400000, 0x0000000085500000, 0x0000000085500000|100%| O|  |TAMS 0x0000000085500000, 0x0000000085500000| Untracked 
|  85|0x0000000085500000, 0x0000000085600000, 0x0000000085600000|100%| O|  |TAMS 0x0000000085600000, 0x0000000085600000| Untracked 
|  86|0x0000000085600000, 0x0000000085700000, 0x0000000085700000|100%| O|  |TAMS 0x0000000085700000, 0x0000000085700000| Untracked 
|  87|0x0000000085700000, 0x0000000085800000, 0x0000000085800000|100%| O|  |TAMS 0x0000000085800000, 0x0000000085800000| Untracked 
|  88|0x0000000085800000, 0x0000000085900000, 0x0000000085900000|100%| O|  |TAMS 0x0000000085900000, 0x0000000085900000| Untracked 
|  89|0x0000000085900000, 0x0000000085a00000, 0x0000000085a00000|100%| O|  |TAMS 0x0000000085a00000, 0x0000000085a00000| Untracked 
|  90|0x0000000085a00000, 0x0000000085b00000, 0x0000000085b00000|100%| O|  |TAMS 0x0000000085b00000, 0x0000000085b00000| Untracked 
|  91|0x0000000085b00000, 0x0000000085c00000, 0x0000000085c00000|100%| O|  |TAMS 0x0000000085c00000, 0x0000000085c00000| Untracked 
|  92|0x0000000085c00000, 0x0000000085d00000, 0x0000000085d00000|100%| O|  |TAMS 0x0000000085d00000, 0x0000000085d00000| Untracked 
|  93|0x0000000085d00000, 0x0000000085e00000, 0x0000000085e00000|100%| O|  |TAMS 0x0000000085e00000, 0x0000000085e00000| Untracked 
|  94|0x0000000085e00000, 0x0000000085f00000, 0x0000000085f00000|100%| O|  |TAMS 0x0000000085e00000, 0x0000000085f00000| Untracked 
|  95|0x0000000085f00000, 0x0000000086000000, 0x0000000086000000|100%| O|  |TAMS 0x0000000085f00000, 0x0000000086000000| Untracked 
|  96|0x0000000086000000, 0x0000000086100000, 0x0000000086100000|100%| O|  |TAMS 0x0000000086100000, 0x0000000086100000| Untracked 
|  97|0x0000000086100000, 0x0000000086200000, 0x0000000086200000|100%| O|  |TAMS 0x0000000086200000, 0x0000000086200000| Untracked 
|  98|0x0000000086200000, 0x0000000086300000, 0x0000000086300000|100%| O|  |TAMS 0x0000000086300000, 0x0000000086300000| Untracked 
|  99|0x0000000086300000, 0x0000000086400000, 0x0000000086400000|100%| O|  |TAMS 0x0000000086400000, 0x0000000086400000| Untracked 
| 100|0x0000000086400000, 0x0000000086500000, 0x0000000086500000|100%| O|  |TAMS 0x0000000086500000, 0x0000000086500000| Untracked 
| 101|0x0000000086500000, 0x0000000086600000, 0x0000000086600000|100%| O|  |TAMS 0x0000000086600000, 0x0000000086600000| Untracked 
| 102|0x0000000086600000, 0x0000000086700000, 0x0000000086700000|100%| O|  |TAMS 0x0000000086700000, 0x0000000086700000| Untracked 
| 103|0x0000000086700000, 0x0000000086800000, 0x0000000086800000|100%| O|  |TAMS 0x0000000086800000, 0x0000000086800000| Untracked 
| 104|0x0000000086800000, 0x0000000086900000, 0x0000000086900000|100%| O|  |TAMS 0x0000000086900000, 0x0000000086900000| Untracked 
| 105|0x0000000086900000, 0x0000000086a00000, 0x0000000086a00000|100%| O|  |TAMS 0x0000000086a00000, 0x0000000086a00000| Untracked 
| 106|0x0000000086a00000, 0x0000000086b00000, 0x0000000086b00000|100%| O|  |TAMS 0x0000000086b00000, 0x0000000086b00000| Untracked 
| 107|0x0000000086b00000, 0x0000000086c00000, 0x0000000086c00000|100%| O|  |TAMS 0x0000000086b9c800, 0x0000000086c00000| Untracked 
| 108|0x0000000086c00000, 0x0000000086d00000, 0x0000000086d00000|100%| O|  |TAMS 0x0000000086c00000, 0x0000000086d00000| Untracked 
| 109|0x0000000086d00000, 0x0000000086e00000, 0x0000000086e00000|100%| O|  |TAMS 0x0000000086d00000, 0x0000000086e00000| Untracked 
| 110|0x0000000086e00000, 0x0000000086f00000, 0x0000000086f00000|100%| O|  |TAMS 0x0000000086e00000, 0x0000000086f00000| Untracked 
| 111|0x0000000086f00000, 0x0000000087000000, 0x0000000087000000|100%| O|  |TAMS 0x0000000086f00000, 0x0000000087000000| Untracked 
| 112|0x0000000087000000, 0x0000000087100000, 0x0000000087100000|100%| O|  |TAMS 0x0000000087000000, 0x0000000087100000| Untracked 
| 113|0x0000000087100000, 0x0000000087200000, 0x0000000087200000|100%| O|  |TAMS 0x0000000087100000, 0x0000000087200000| Untracked 
| 114|0x0000000087200000, 0x0000000087300000, 0x0000000087300000|100%| O|  |TAMS 0x0000000087200000, 0x0000000087300000| Untracked 
| 115|0x0000000087300000, 0x0000000087400000, 0x0000000087400000|100%| O|  |TAMS 0x0000000087300000, 0x0000000087400000| Untracked 
| 116|0x0000000087400000, 0x0000000087500000, 0x0000000087500000|100%|HS|  |TAMS 0x0000000087400000, 0x0000000087500000| Complete 
| 117|0x0000000087500000, 0x0000000087600000, 0x0000000087600000|100%|HC|  |TAMS 0x0000000087500000, 0x0000000087600000| Complete 
| 118|0x0000000087600000, 0x0000000087700000, 0x0000000087700000|100%| O|  |TAMS 0x0000000087600000, 0x0000000087700000| Untracked 
| 119|0x0000000087700000, 0x0000000087800000, 0x0000000087800000|100%| O|  |TAMS 0x0000000087700000, 0x0000000087800000| Untracked 
| 120|0x0000000087800000, 0x0000000087900000, 0x0000000087900000|100%| O|  |TAMS 0x0000000087800000, 0x0000000087900000| Untracked 
| 121|0x0000000087900000, 0x0000000087a00000, 0x0000000087a00000|100%| O|  |TAMS 0x0000000087900000, 0x0000000087a00000| Untracked 
| 122|0x0000000087a00000, 0x0000000087b00000, 0x0000000087b00000|100%| O|  |TAMS 0x0000000087a00000, 0x0000000087b00000| Untracked 
| 123|0x0000000087b00000, 0x0000000087c00000, 0x0000000087c00000|100%| O|  |TAMS 0x0000000087b00000, 0x0000000087c00000| Untracked 
| 124|0x0000000087c00000, 0x0000000087d00000, 0x0000000087d00000|100%| O|  |TAMS 0x0000000087c00000, 0x0000000087d00000| Untracked 
| 125|0x0000000087d00000, 0x0000000087e00000, 0x0000000087e00000|100%| O|  |TAMS 0x0000000087d00000, 0x0000000087e00000| Untracked 
| 126|0x0000000087e00000, 0x0000000087f00000, 0x0000000087f00000|100%| O|  |TAMS 0x0000000087e00000, 0x0000000087f00000| Untracked 
| 127|0x0000000087f00000, 0x0000000088000000, 0x0000000088000000|100%| O|  |TAMS 0x0000000087f00000, 0x0000000088000000| Untracked 
| 128|0x0000000088000000, 0x0000000088100000, 0x0000000088100000|100%| O|  |TAMS 0x0000000088000000, 0x0000000088100000| Untracked 
| 129|0x0000000088100000, 0x0000000088200000, 0x0000000088200000|100%| O|  |TAMS 0x0000000088100000, 0x0000000088200000| Untracked 
| 130|0x0000000088200000, 0x0000000088300000, 0x0000000088300000|100%| O|  |TAMS 0x0000000088200000, 0x0000000088300000| Untracked 
| 131|0x0000000088300000, 0x0000000088400000, 0x0000000088400000|100%| O|  |TAMS 0x0000000088300000, 0x0000000088400000| Untracked 
| 132|0x0000000088400000, 0x0000000088500000, 0x0000000088500000|100%| O|  |TAMS 0x0000000088400000, 0x0000000088500000| Untracked 
| 133|0x0000000088500000, 0x0000000088600000, 0x0000000088600000|100%| O|  |TAMS 0x0000000088500000, 0x0000000088600000| Untracked 
| 134|0x0000000088600000, 0x0000000088700000, 0x0000000088700000|100%| O|  |TAMS 0x0000000088600000, 0x0000000088700000| Untracked 
| 135|0x0000000088700000, 0x0000000088800000, 0x0000000088800000|100%| O|  |TAMS 0x0000000088700000, 0x0000000088800000| Untracked 
| 136|0x0000000088800000, 0x0000000088900000, 0x0000000088900000|100%| O|  |TAMS 0x0000000088800000, 0x0000000088900000| Untracked 
| 137|0x0000000088900000, 0x0000000088a00000, 0x0000000088a00000|100%| O|  |TAMS 0x0000000088900000, 0x0000000088a00000| Untracked 
| 138|0x0000000088a00000, 0x0000000088b00000, 0x0000000088b00000|100%| O|  |TAMS 0x0000000088a00000, 0x0000000088b00000| Untracked 
| 139|0x0000000088b00000, 0x0000000088c00000, 0x0000000088c00000|100%| O|  |TAMS 0x0000000088b00000, 0x0000000088c00000| Untracked 
| 140|0x0000000088c00000, 0x0000000088d00000, 0x0000000088d00000|100%| O|  |TAMS 0x0000000088c00000, 0x0000000088d00000| Untracked 
| 141|0x0000000088d00000, 0x0000000088e00000, 0x0000000088e00000|100%| O|  |TAMS 0x0000000088d00000, 0x0000000088e00000| Untracked 
| 142|0x0000000088e00000, 0x0000000088f00000, 0x0000000088f00000|100%| O|  |TAMS 0x0000000088e00000, 0x0000000088f00000| Untracked 
| 143|0x0000000088f00000, 0x0000000089000000, 0x0000000089000000|100%| O|  |TAMS 0x0000000088f00000, 0x0000000089000000| Untracked 
| 144|0x0000000089000000, 0x0000000089100000, 0x0000000089100000|100%| O|  |TAMS 0x0000000089000000, 0x0000000089100000| Untracked 
| 145|0x0000000089100000, 0x0000000089200000, 0x0000000089200000|100%| O|  |TAMS 0x0000000089100000, 0x0000000089200000| Untracked 
| 146|0x0000000089200000, 0x0000000089300000, 0x0000000089300000|100%| O|  |TAMS 0x0000000089200000, 0x0000000089300000| Untracked 
| 147|0x0000000089300000, 0x0000000089400000, 0x0000000089400000|100%| O|  |TAMS 0x0000000089300000, 0x0000000089400000| Untracked 
| 148|0x0000000089400000, 0x0000000089500000, 0x0000000089500000|100%| O|  |TAMS 0x0000000089400000, 0x0000000089500000| Untracked 
| 149|0x0000000089500000, 0x0000000089600000, 0x0000000089600000|100%| O|  |TAMS 0x0000000089500000, 0x0000000089600000| Untracked 
| 150|0x0000000089600000, 0x0000000089700000, 0x0000000089700000|100%| O|  |TAMS 0x0000000089600000, 0x0000000089700000| Untracked 
| 151|0x0000000089700000, 0x0000000089800000, 0x0000000089800000|100%| O|  |TAMS 0x0000000089700000, 0x0000000089800000| Untracked 
| 152|0x0000000089800000, 0x0000000089900000, 0x0000000089900000|100%| O|  |TAMS 0x0000000089800000, 0x0000000089900000| Untracked 
| 153|0x0000000089900000, 0x0000000089a00000, 0x0000000089a00000|100%| O|  |TAMS 0x0000000089900000, 0x0000000089a00000| Untracked 
| 154|0x0000000089a00000, 0x0000000089b00000, 0x0000000089b00000|100%| O|  |TAMS 0x0000000089a00000, 0x0000000089b00000| Untracked 
| 155|0x0000000089b00000, 0x0000000089c00000, 0x0000000089c00000|100%| O|  |TAMS 0x0000000089b00000, 0x0000000089c00000| Untracked 
| 156|0x0000000089c00000, 0x0000000089d00000, 0x0000000089d00000|100%| O|  |TAMS 0x0000000089c00000, 0x0000000089d00000| Untracked 
| 157|0x0000000089d00000, 0x0000000089e00000, 0x0000000089e00000|100%| O|  |TAMS 0x0000000089d00000, 0x0000000089e00000| Untracked 
| 158|0x0000000089e00000, 0x0000000089f00000, 0x0000000089f00000|100%| O|  |TAMS 0x0000000089e00000, 0x0000000089f00000| Untracked 
| 159|0x0000000089f00000, 0x000000008a000000, 0x000000008a000000|100%| O|  |TAMS 0x0000000089f00000, 0x000000008a000000| Untracked 
| 160|0x000000008a000000, 0x000000008a100000, 0x000000008a100000|100%| O|  |TAMS 0x000000008a000000, 0x000000008a100000| Untracked 
| 161|0x000000008a100000, 0x000000008a200000, 0x000000008a200000|100%| O|  |TAMS 0x000000008a100000, 0x000000008a200000| Untracked 
| 162|0x000000008a200000, 0x000000008a300000, 0x000000008a300000|100%| O|  |TAMS 0x000000008a200000, 0x000000008a300000| Untracked 
| 163|0x000000008a300000, 0x000000008a400000, 0x000000008a400000|100%| O|  |TAMS 0x000000008a300000, 0x000000008a400000| Untracked 
| 164|0x000000008a400000, 0x000000008a500000, 0x000000008a500000|100%| O|  |TAMS 0x000000008a400000, 0x000000008a500000| Untracked 
| 165|0x000000008a500000, 0x000000008a600000, 0x000000008a600000|100%| O|  |TAMS 0x000000008a500000, 0x000000008a600000| Untracked 
| 166|0x000000008a600000, 0x000000008a700000, 0x000000008a700000|100%| O|  |TAMS 0x000000008a600000, 0x000000008a700000| Untracked 
| 167|0x000000008a700000, 0x000000008a800000, 0x000000008a800000|100%| O|  |TAMS 0x000000008a700000, 0x000000008a800000| Untracked 
| 168|0x000000008a800000, 0x000000008a900000, 0x000000008a900000|100%| O|  |TAMS 0x000000008a800000, 0x000000008a900000| Untracked 
| 169|0x000000008a900000, 0x000000008aa00000, 0x000000008aa00000|100%| O|  |TAMS 0x000000008a900000, 0x000000008aa00000| Untracked 
| 170|0x000000008aa00000, 0x000000008ab00000, 0x000000008ab00000|100%| O|  |TAMS 0x000000008aa00000, 0x000000008ab00000| Untracked 
| 171|0x000000008ab00000, 0x000000008ac00000, 0x000000008ac00000|100%| O|  |TAMS 0x000000008ab00000, 0x000000008abcd000| Untracked 
| 172|0x000000008ac00000, 0x000000008ac00000, 0x000000008ad00000|  0%| F|  |TAMS 0x000000008ac00000, 0x000000008ac00000| Untracked 
| 173|0x000000008ad00000, 0x000000008ad00000, 0x000000008ae00000|  0%| F|  |TAMS 0x000000008ad00000, 0x000000008ad00000| Untracked 
| 174|0x000000008ae00000, 0x000000008ae00000, 0x000000008af00000|  0%| F|  |TAMS 0x000000008ae00000, 0x000000008ae00000| Untracked 
| 175|0x000000008af00000, 0x000000008af00000, 0x000000008b000000|  0%| F|  |TAMS 0x000000008af00000, 0x000000008af00000| Untracked 
| 176|0x000000008b000000, 0x000000008b000000, 0x000000008b100000|  0%| F|  |TAMS 0x000000008b000000, 0x000000008b000000| Untracked 
| 177|0x000000008b100000, 0x000000008b1dfe00, 0x000000008b200000| 87%| O|  |TAMS 0x000000008b100000, 0x000000008b100000| Untracked 
| 178|0x000000008b200000, 0x000000008b200000, 0x000000008b300000|  0%| F|  |TAMS 0x000000008b200000, 0x000000008b200000| Untracked 
| 179|0x000000008b300000, 0x000000008b300000, 0x000000008b400000|  0%| F|  |TAMS 0x000000008b300000, 0x000000008b300000| Untracked 
| 180|0x000000008b400000, 0x000000008b400000, 0x000000008b500000|  0%| F|  |TAMS 0x000000008b400000, 0x000000008b400000| Untracked 
| 181|0x000000008b500000, 0x000000008b500000, 0x000000008b600000|  0%| F|  |TAMS 0x000000008b500000, 0x000000008b500000| Untracked 
| 182|0x000000008b600000, 0x000000008b600000, 0x000000008b700000|  0%| F|  |TAMS 0x000000008b600000, 0x000000008b600000| Untracked 
| 183|0x000000008b700000, 0x000000008b700000, 0x000000008b800000|  0%| F|  |TAMS 0x000000008b700000, 0x000000008b700000| Untracked 
| 184|0x000000008b800000, 0x000000008b800000, 0x000000008b900000|  0%| F|  |TAMS 0x000000008b800000, 0x000000008b800000| Untracked 
| 185|0x000000008b900000, 0x000000008b900000, 0x000000008ba00000|  0%| F|  |TAMS 0x000000008b900000, 0x000000008b900000| Untracked 
| 186|0x000000008ba00000, 0x000000008ba00000, 0x000000008bb00000|  0%| F|  |TAMS 0x000000008ba00000, 0x000000008ba00000| Untracked 
| 187|0x000000008bb00000, 0x000000008bb00000, 0x000000008bc00000|  0%| F|  |TAMS 0x000000008bb00000, 0x000000008bb00000| Untracked 
| 188|0x000000008bc00000, 0x000000008bc00000, 0x000000008bd00000|  0%| F|  |TAMS 0x000000008bc00000, 0x000000008bc00000| Untracked 
| 189|0x000000008bd00000, 0x000000008be00000, 0x000000008be00000|100%| O|  |TAMS 0x000000008bd00000, 0x000000008bd00000| Untracked 
| 190|0x000000008be00000, 0x000000008bf00000, 0x000000008bf00000|100%| O|  |TAMS 0x000000008be00000, 0x000000008be00000| Untracked 
| 191|0x000000008bf00000, 0x000000008c000000, 0x000000008c000000|100%| O|  |TAMS 0x000000008bf00000, 0x000000008bf00000| Untracked 
| 192|0x000000008c000000, 0x000000008c100000, 0x000000008c100000|100%| O|  |TAMS 0x000000008c000000, 0x000000008c000000| Untracked 
| 193|0x000000008c100000, 0x000000008c100000, 0x000000008c200000|  0%| F|  |TAMS 0x000000008c100000, 0x000000008c100000| Untracked 
| 194|0x000000008c200000, 0x000000008c200000, 0x000000008c300000|  0%| F|  |TAMS 0x000000008c200000, 0x000000008c200000| Untracked 
| 195|0x000000008c300000, 0x000000008c300000, 0x000000008c400000|  0%| F|  |TAMS 0x000000008c300000, 0x000000008c300000| Untracked 
| 196|0x000000008c400000, 0x000000008c400000, 0x000000008c500000|  0%| F|  |TAMS 0x000000008c400000, 0x000000008c400000| Untracked 
| 197|0x000000008c500000, 0x000000008c500000, 0x000000008c600000|  0%| F|  |TAMS 0x000000008c500000, 0x000000008c500000| Untracked 
| 198|0x000000008c600000, 0x000000008c600000, 0x000000008c700000|  0%| F|  |TAMS 0x000000008c600000, 0x000000008c600000| Untracked 
| 199|0x000000008c700000, 0x000000008c700000, 0x000000008c800000|  0%| F|  |TAMS 0x000000008c700000, 0x000000008c700000| Untracked 
| 200|0x000000008c800000, 0x000000008c800000, 0x000000008c900000|  0%| F|  |TAMS 0x000000008c800000, 0x000000008c800000| Untracked 
| 201|0x000000008c900000, 0x000000008c900000, 0x000000008ca00000|  0%| F|  |TAMS 0x000000008c900000, 0x000000008c900000| Untracked 
| 202|0x000000008ca00000, 0x000000008ca00000, 0x000000008cb00000|  0%| F|  |TAMS 0x000000008ca00000, 0x000000008ca00000| Untracked 
| 203|0x000000008cb00000, 0x000000008cb00000, 0x000000008cc00000|  0%| F|  |TAMS 0x000000008cb00000, 0x000000008cb00000| Untracked 
| 204|0x000000008cc00000, 0x000000008cc00000, 0x000000008cd00000|  0%| F|  |TAMS 0x000000008cc00000, 0x000000008cc00000| Untracked 
| 205|0x000000008cd00000, 0x000000008cd00000, 0x000000008ce00000|  0%| F|  |TAMS 0x000000008cd00000, 0x000000008cd00000| Untracked 
| 206|0x000000008ce00000, 0x000000008ce00000, 0x000000008cf00000|  0%| F|  |TAMS 0x000000008ce00000, 0x000000008ce00000| Untracked 
| 207|0x000000008cf00000, 0x000000008cf69100, 0x000000008d000000| 41%| S|CS|TAMS 0x000000008cf00000, 0x000000008cf00000| Complete 
| 208|0x000000008d000000, 0x000000008d100000, 0x000000008d100000|100%| S|CS|TAMS 0x000000008d000000, 0x000000008d000000| Complete 
| 209|0x000000008d100000, 0x000000008d200000, 0x000000008d200000|100%| S|CS|TAMS 0x000000008d100000, 0x000000008d100000| Complete 
| 210|0x000000008d200000, 0x000000008d300000, 0x000000008d300000|100%| S|CS|TAMS 0x000000008d200000, 0x000000008d200000| Complete 
| 211|0x000000008d300000, 0x000000008d300000, 0x000000008d400000|  0%| F|  |TAMS 0x000000008d300000, 0x000000008d300000| Untracked 
| 212|0x000000008d400000, 0x000000008d400000, 0x000000008d500000|  0%| F|  |TAMS 0x000000008d400000, 0x000000008d400000| Untracked 
| 213|0x000000008d500000, 0x000000008d500000, 0x000000008d600000|  0%| F|  |TAMS 0x000000008d500000, 0x000000008d500000| Untracked 
| 214|0x000000008d600000, 0x000000008d600000, 0x000000008d700000|  0%| F|  |TAMS 0x000000008d600000, 0x000000008d600000| Untracked 
| 215|0x000000008d700000, 0x000000008d700000, 0x000000008d800000|  0%| F|  |TAMS 0x000000008d700000, 0x000000008d700000| Untracked 
| 216|0x000000008d800000, 0x000000008d800000, 0x000000008d900000|  0%| F|  |TAMS 0x000000008d800000, 0x000000008d800000| Untracked 
| 217|0x000000008d900000, 0x000000008d900000, 0x000000008da00000|  0%| F|  |TAMS 0x000000008d900000, 0x000000008d900000| Untracked 
| 218|0x000000008da00000, 0x000000008da00000, 0x000000008db00000|  0%| F|  |TAMS 0x000000008da00000, 0x000000008da00000| Untracked 
| 219|0x000000008db00000, 0x000000008db00000, 0x000000008dc00000|  0%| F|  |TAMS 0x000000008db00000, 0x000000008db00000| Untracked 
| 220|0x000000008dc00000, 0x000000008dc00000, 0x000000008dd00000|  0%| F|  |TAMS 0x000000008dc00000, 0x000000008dc00000| Untracked 
| 221|0x000000008dd00000, 0x000000008dd00000, 0x000000008de00000|  0%| F|  |TAMS 0x000000008dd00000, 0x000000008dd00000| Untracked 
| 222|0x000000008de00000, 0x000000008de00000, 0x000000008df00000|  0%| F|  |TAMS 0x000000008de00000, 0x000000008de00000| Untracked 
| 223|0x000000008df00000, 0x000000008df00000, 0x000000008e000000|  0%| F|  |TAMS 0x000000008df00000, 0x000000008df00000| Untracked 
| 224|0x000000008e000000, 0x000000008e000000, 0x000000008e100000|  0%| F|  |TAMS 0x000000008e000000, 0x000000008e000000| Untracked 
| 225|0x000000008e100000, 0x000000008e100000, 0x000000008e200000|  0%| F|  |TAMS 0x000000008e100000, 0x000000008e100000| Untracked 
| 226|0x000000008e200000, 0x000000008e200000, 0x000000008e300000|  0%| F|  |TAMS 0x000000008e200000, 0x000000008e200000| Untracked 
| 227|0x000000008e300000, 0x000000008e300000, 0x000000008e400000|  0%| F|  |TAMS 0x000000008e300000, 0x000000008e300000| Untracked 
| 228|0x000000008e400000, 0x000000008e400000, 0x000000008e500000|  0%| F|  |TAMS 0x000000008e400000, 0x000000008e400000| Untracked 
| 229|0x000000008e500000, 0x000000008e500000, 0x000000008e600000|  0%| F|  |TAMS 0x000000008e500000, 0x000000008e500000| Untracked 
| 230|0x000000008e600000, 0x000000008e600000, 0x000000008e700000|  0%| F|  |TAMS 0x000000008e600000, 0x000000008e600000| Untracked 
| 231|0x000000008e700000, 0x000000008e700000, 0x000000008e800000|  0%| F|  |TAMS 0x000000008e700000, 0x000000008e700000| Untracked 
| 232|0x000000008e800000, 0x000000008e800000, 0x000000008e900000|  0%| F|  |TAMS 0x000000008e800000, 0x000000008e800000| Untracked 
| 233|0x000000008e900000, 0x000000008e900000, 0x000000008ea00000|  0%| F|  |TAMS 0x000000008e900000, 0x000000008e900000| Untracked 
| 234|0x000000008ea00000, 0x000000008ea00000, 0x000000008eb00000|  0%| F|  |TAMS 0x000000008ea00000, 0x000000008ea00000| Untracked 
| 235|0x000000008eb00000, 0x000000008eb00000, 0x000000008ec00000|  0%| F|  |TAMS 0x000000008eb00000, 0x000000008eb00000| Untracked 
| 236|0x000000008ec00000, 0x000000008ec00000, 0x000000008ed00000|  0%| F|  |TAMS 0x000000008ec00000, 0x000000008ec00000| Untracked 
| 237|0x000000008ed00000, 0x000000008edac4a0, 0x000000008ee00000| 67%| E|  |TAMS 0x000000008ed00000, 0x000000008ed00000| Complete 
| 255|0x000000008ff00000, 0x0000000090000000, 0x0000000090000000|100%| E|CS|TAMS 0x000000008ff00000, 0x000000008ff00000| Complete 

Card table byte_map: [0x000001f4bf2a0000,0x000001f4bf6a0000] _byte_map_base: 0x000001f4beea0000

Marking Bits (Prev, Next): (CMBitMap*) 0x000001f4aca28990, (CMBitMap*) 0x000001f4aca28950
 Prev Bits: [0x000001f4c1aa0000, 0x000001f4c3aa0000)
 Next Bits: [0x000001f4bfaa0000, 0x000001f4c1aa0000)

Polling page: 0x000001f4aa9b0000

Metaspace:

Usage:
  Non-class:    121.02 MB used.
      Class:     18.70 MB used.
       Both:    139.72 MB used.

Virtual space:
  Non-class space:      128.00 MB reserved,     121.50 MB ( 95%) committed,  16 nodes.
      Class space:        1.00 GB reserved,      19.12 MB (  2%) committed,  1 nodes.
             Both:        1.12 GB reserved,     140.62 MB ( 12%) committed. 

Chunk freelists:
   Non-Class:  2.56 MB
       Class:  839.00 KB
        Both:  3.38 MB

MaxMetaspaceSize: unlimited
CompressedClassSpaceSize: 1.00 GB
Initial GC threshold: 21.00 MB
Current GC threshold: 174.50 MB
CDS: off
MetaspaceReclaimPolicy: balanced
 - commit_granule_bytes: 65536.
 - commit_granule_words: 8192.
 - virtual_space_node_default_size: 1048576.
 - enlarge_chunks_in_place: 1.
 - new_chunks_are_fully_committed: 0.
 - uncommit_free_chunks: 1.
 - use_allocation_guard: 0.
 - handle_deallocations: 1.


Internal statistics:

num_allocs_failed_limit: 6.
num_arena_births: 1674.
num_arena_deaths: 4.
num_vsnodes_births: 17.
num_vsnodes_deaths: 0.
num_space_committed: 2248.
num_space_uncommitted: 0.
num_chunks_returned_to_freelist: 11.
num_chunks_taken_from_freelist: 7173.
num_chunk_merges: 6.
num_chunk_splits: 4753.
num_chunks_enlarged: 3178.
num_purges: 2.
num_inconsistent_stats: 0.

CodeHeap 'non-profiled nmethods': size=120000Kb used=11755Kb max_used=11755Kb free=108244Kb
 bounds [0x000001f4b7970000, 0x000001f4b84f0000, 0x000001f4beea0000]
CodeHeap 'profiled nmethods': size=120000Kb used=37822Kb max_used=37822Kb free=82177Kb
 bounds [0x000001f4afea0000, 0x000001f4b2390000, 0x000001f4b73d0000]
CodeHeap 'non-nmethods': size=5760Kb used=2544Kb max_used=2685Kb free=3215Kb
 bounds [0x000001f4b73d0000, 0x000001f4b7680000, 0x000001f4b7970000]
 total_blobs=19440 nmethods=18358 adapters=990
 compilation: enabled
              stopped_count=0, restarted_count=0
 full_count=0

Compilation events (20 events):
Event: 185.292 Thread 0x000001f4c686ce90 nmethod 22077 0x000001f4b236b990 code [0x000001f4b236bba0, 0x000001f4b236c3e8]
Event: 185.292 Thread 0x000001f4c686ce90 22078       3       com.google.common.cache.LocalCache$EntryFactory$1::newEntry (12 bytes)
Event: 185.293 Thread 0x000001f4c686ce90 nmethod 22078 0x000001f4b236c690 code [0x000001f4b236c860, 0x000001f4b236cc78]
Event: 185.293 Thread 0x000001f4c686ce90 22079       3       org.gradle.model.internal.type.ModelType::of (5 bytes)
Event: 185.293 Thread 0x000001f4c686ce90 nmethod 22079 0x000001f4b236ce10 code [0x000001f4b236cfe0, 0x000001f4b236d408]
Event: 185.293 Thread 0x000001f4c686ce90 22080       3       org.gradle.model.internal.type.ModelType$Simple::typed (9 bytes)
Event: 185.293 Thread 0x000001f4c686ce90 nmethod 22080 0x000001f4b236d610 code [0x000001f4b236d7e0, 0x000001f4b236db88]
Event: 185.294 Thread 0x000001f4c686ce90 22081       3       org.gradle.api.plugins.internal.DefaultBasePluginConvention_Decorated::getMetaClass (39 bytes)
Event: 185.294 Thread 0x000001f4c686ce90 nmethod 22081 0x000001f4b236dd10 code [0x000001f4b236df80, 0x000001f4b236eb78]
Event: 185.294 Thread 0x000001f4c686ce90 22082       3       org.gradle.api.plugins.BasePluginConvention::getMetaClass (30 bytes)
Event: 185.295 Thread 0x000001f4c686ce90 nmethod 22082 0x000001f4b236ef10 code [0x000001f4b236f100, 0x000001f4b236f618]
Event: 185.295 Thread 0x000001f4c686ce90 22083       3       org.gradle.api.plugins.internal.DefaultJavaPluginConvention_Decorated::getMetaClass (39 bytes)
Event: 185.295 Thread 0x000001f4c686ce90 nmethod 22083 0x000001f4b236f790 code [0x000001f4b236fa00, 0x000001f4b23705f8]
Event: 185.298 Thread 0x000001f4c686ce90 22084       3       kotlin.coroutines.jvm.internal.DebugProbesKt::probeCoroutineSuspended (7 bytes)
Event: 185.298 Thread 0x000001f4c686ce90 nmethod 22084 0x000001f4b2370990 code [0x000001f4b2370ba0, 0x000001f4b23710f8]
Event: 185.298 Thread 0x000001f4c686ce90 22085       3       kotlin.sequences.SequenceBuilderIterator::next (82 bytes)
Event: 185.299 Thread 0x000001f4c686ce90 nmethod 22085 0x000001f4b2371310 code [0x000001f4b2371580, 0x000001f4b2371ed8]
Event: 185.299 Thread 0x000001f4c686ce90 22086       3       org.gradle.kotlin.dsl.provider.plugins.DefaultProjectSchemaProviderKt$ancestorClassesIncludingSelf$1::invokeSuspend (198 bytes)
Event: 185.299 Thread 0x000001f4c686ce90 nmethod 22086 0x000001f4b2372210 code [0x000001f4b23724c0, 0x000001f4b2373768]
Event: 185.299 Thread 0x000001f4c686ce90 22087   !   3       kotlin.coroutines.jvm.internal.BaseContinuationImpl::resumeWith (128 bytes)

GC Heap History (20 events):
Event: 82.181 GC heap before
{Heap before GC invocations=55 (full 0):
 garbage-first heap   total 244736K, used 204305K [0x0000000080000000, 0x0000000100000000)
  region size 1024K, 55 young (56320K), 4 survivors (4096K)
 Metaspace       used 123364K, committed 124224K, reserved 1163264K
  class space    used 16347K, committed 16768K, reserved 1048576K
}
Event: 82.188 GC heap after
{Heap after GC invocations=56 (full 0):
 garbage-first heap   total 244736K, used 155845K [0x0000000080000000, 0x0000000100000000)
  region size 1024K, 7 young (7168K), 7 survivors (7168K)
 Metaspace       used 123364K, committed 124224K, reserved 1163264K
  class space    used 16347K, committed 16768K, reserved 1048576K
}
Event: 82.641 GC heap before
{Heap before GC invocations=56 (full 0):
 garbage-first heap   total 244736K, used 202949K [0x0000000080000000, 0x0000000100000000)
  region size 1024K, 54 young (55296K), 7 survivors (7168K)
 Metaspace       used 128728K, committed 129536K, reserved 1163264K
  class space    used 17086K, committed 17472K, reserved 1048576K
}
Event: 82.657 GC heap after
{Heap after GC invocations=57 (full 0):
 garbage-first heap   total 244736K, used 163513K [0x0000000080000000, 0x0000000100000000)
  region size 1024K, 7 young (7168K), 7 survivors (7168K)
 Metaspace       used 128728K, committed 129536K, reserved 1163264K
  class space    used 17086K, committed 17472K, reserved 1048576K
}
Event: 83.125 GC heap before
{Heap before GC invocations=57 (full 0):
 garbage-first heap   total 244736K, used 204473K [0x0000000080000000, 0x0000000100000000)
  region size 1024K, 47 young (48128K), 7 survivors (7168K)
 Metaspace       used 134687K, committed 135552K, reserved 1171456K
  class space    used 18091K, committed 18496K, reserved 1048576K
}
Event: 83.135 GC heap after
{Heap after GC invocations=58 (full 0):
 garbage-first heap   total 244736K, used 166885K [0x0000000080000000, 0x0000000100000000)
  region size 1024K, 4 young (4096K), 4 survivors (4096K)
 Metaspace       used 134687K, committed 135552K, reserved 1171456K
  class space    used 18091K, committed 18496K, reserved 1048576K
}
Event: 83.725 GC heap before
{Heap before GC invocations=58 (full 0):
 garbage-first heap   total 244736K, used 204773K [0x0000000080000000, 0x0000000100000000)
  region size 1024K, 42 young (43008K), 4 survivors (4096K)
 Metaspace       used 136757K, committed 137600K, reserved 1171456K
  class space    used 18305K, committed 18688K, reserved 1048576K
}
Event: 83.731 GC heap after
{Heap after GC invocations=59 (full 0):
 garbage-first heap   total 244736K, used 167122K [0x0000000080000000, 0x0000000100000000)
  region size 1024K, 4 young (4096K), 4 survivors (4096K)
 Metaspace       used 136757K, committed 137600K, reserved 1171456K
  class space    used 18305K, committed 18688K, reserved 1048576K
}
Event: 84.040 GC heap before
{Heap before GC invocations=59 (full 0):
 garbage-first heap   total 244736K, used 207058K [0x0000000080000000, 0x0000000100000000)
  region size 1024K, 44 young (45056K), 4 survivors (4096K)
 Metaspace       used 137784K, committed 138688K, reserved 1171456K
  class space    used 18428K, committed 18880K, reserved 1048576K
}
Event: 84.052 GC heap after
{Heap after GC invocations=60 (full 0):
 garbage-first heap   total 244736K, used 172450K [0x0000000080000000, 0x0000000100000000)
  region size 1024K, 6 young (6144K), 6 survivors (6144K)
 Metaspace       used 137784K, committed 138688K, reserved 1171456K
  class space    used 18428K, committed 18880K, reserved 1048576K
}
Event: 84.440 GC heap before
{Heap before GC invocations=60 (full 0):
 garbage-first heap   total 244736K, used 206242K [0x0000000080000000, 0x0000000100000000)
  region size 1024K, 40 young (40960K), 6 survivors (6144K)
 Metaspace       used 139067K, committed 139904K, reserved 1171456K
  class space    used 18603K, committed 19008K, reserved 1048576K
}
Event: 84.450 GC heap after
{Heap after GC invocations=61 (full 0):
 garbage-first heap   total 244736K, used 175481K [0x0000000080000000, 0x0000000100000000)
  region size 1024K, 4 young (4096K), 4 survivors (4096K)
 Metaspace       used 139067K, committed 139904K, reserved 1171456K
  class space    used 18603K, committed 19008K, reserved 1048576K
}
Event: 84.991 GC heap before
{Heap before GC invocations=61 (full 0):
 garbage-first heap   total 244736K, used 208249K [0x0000000080000000, 0x0000000100000000)
  region size 1024K, 36 young (36864K), 4 survivors (4096K)
 Metaspace       used 139467K, committed 140416K, reserved 1171456K
  class space    used 18627K, committed 19072K, reserved 1048576K
}
Event: 84.994 GC heap after
{Heap after GC invocations=62 (full 0):
 garbage-first heap   total 244736K, used 173898K [0x0000000080000000, 0x0000000100000000)
  region size 1024K, 1 young (1024K), 1 survivors (1024K)
 Metaspace       used 139467K, committed 140416K, reserved 1171456K
  class space    used 18627K, committed 19072K, reserved 1048576K
}
Event: 85.607 GC heap before
{Heap before GC invocations=62 (full 0):
 garbage-first heap   total 244736K, used 208714K [0x0000000080000000, 0x0000000100000000)
  region size 1024K, 36 young (36864K), 1 survivors (1024K)
 Metaspace       used 140863K, committed 141760K, reserved 1171456K
  class space    used 18869K, committed 19328K, reserved 1048576K
}
Event: 85.614 GC heap after
{Heap after GC invocations=63 (full 0):
 garbage-first heap   total 244736K, used 181044K [0x0000000080000000, 0x0000000100000000)
  region size 1024K, 5 young (5120K), 5 survivors (5120K)
 Metaspace       used 140863K, committed 141760K, reserved 1171456K
  class space    used 18869K, committed 19328K, reserved 1048576K
}
Event: 86.071 GC heap before
{Heap before GC invocations=63 (full 0):
 garbage-first heap   total 244736K, used 214836K [0x0000000080000000, 0x0000000100000000)
  region size 1024K, 23 young (23552K), 5 survivors (5120K)
 Metaspace       used 142025K, committed 143040K, reserved 1179648K
  class space    used 19027K, committed 19520K, reserved 1048576K
}
Event: 86.078 GC heap after
{Heap after GC invocations=64 (full 0):
 garbage-first heap   total 244736K, used 188256K [0x0000000080000000, 0x0000000100000000)
  region size 1024K, 3 young (3072K), 3 survivors (3072K)
 Metaspace       used 142025K, committed 143040K, reserved 1179648K
  class space    used 19027K, committed 19520K, reserved 1048576K
}
Event: 184.650 GC heap before
{Heap before GC invocations=64 (full 0):
 garbage-first heap   total 244736K, used 213856K [0x0000000080000000, 0x0000000100000000)
  region size 1024K, 23 young (23552K), 3 survivors (3072K)
 Metaspace       used 142714K, committed 143616K, reserved 1179648K
  class space    used 19130K, committed 19584K, reserved 1048576K
}
Event: 184.655 GC heap after
{Heap after GC invocations=65 (full 0):
 garbage-first heap   total 244736K, used 182004K [0x0000000080000000, 0x0000000100000000)
  region size 1024K, 1 young (1024K), 1 survivors (1024K)
 Metaspace       used 142714K, committed 143616K, reserved 1179648K
  class space    used 19130K, committed 19584K, reserved 1048576K
}

Dll operation events (2 events):
Event: 0.006 Loaded shared library C:\Program Files\Android\Android Studio\jbr\bin\java.dll
Event: 0.465 Loaded shared library C:\Program Files\Android\Android Studio\jbr\bin\verify.dll

Deoptimization events (20 events):
Event: 185.193 Thread 0x000001f4c964ec60 DEOPT PACKING pc=0x000001f4b828dee0 sp=0x0000006616df6690
Event: 185.193 Thread 0x000001f4c964ec60 DEOPT UNPACKING pc=0x000001f4b74269a3 sp=0x0000006616df6628 mode 2
Event: 185.233 Thread 0x000001f4c964ec60 Uncommon trap: trap_request=0xffffffc6 fr.pc=0x000001f4b812b6ac relative=0x000000000000044c
Event: 185.233 Thread 0x000001f4c964ec60 Uncommon trap: reason=bimorphic_or_optimized_type_check action=maybe_recompile pc=0x000001f4b812b6ac method=java.util.regex.Pattern$CharProperty.match(Ljava/util/regex/Matcher;ILjava/lang/CharSequence;)Z @ 52 c2
Event: 185.233 Thread 0x000001f4c964ec60 DEOPT PACKING pc=0x000001f4b812b6ac sp=0x0000006616df7750
Event: 185.233 Thread 0x000001f4c964ec60 DEOPT UNPACKING pc=0x000001f4b74269a3 sp=0x0000006616df76e0 mode 2
Event: 185.233 Thread 0x000001f4c964ec60 Uncommon trap: trap_request=0xffffffc6 fr.pc=0x000001f4b812b6ac relative=0x000000000000044c
Event: 185.233 Thread 0x000001f4c964ec60 Uncommon trap: reason=bimorphic_or_optimized_type_check action=maybe_recompile pc=0x000001f4b812b6ac method=java.util.regex.Pattern$CharProperty.match(Ljava/util/regex/Matcher;ILjava/lang/CharSequence;)Z @ 52 c2
Event: 185.233 Thread 0x000001f4c964ec60 DEOPT PACKING pc=0x000001f4b812b6ac sp=0x0000006616df7790
Event: 185.233 Thread 0x000001f4c964ec60 DEOPT UNPACKING pc=0x000001f4b74269a3 sp=0x0000006616df7720 mode 2
Event: 185.233 Thread 0x000001f4c964ec60 Uncommon trap: trap_request=0xffffffc6 fr.pc=0x000001f4b812b6ac relative=0x000000000000044c
Event: 185.233 Thread 0x000001f4c964ec60 Uncommon trap: reason=bimorphic_or_optimized_type_check action=maybe_recompile pc=0x000001f4b812b6ac method=java.util.regex.Pattern$CharProperty.match(Ljava/util/regex/Matcher;ILjava/lang/CharSequence;)Z @ 52 c2
Event: 185.233 Thread 0x000001f4c964ec60 DEOPT PACKING pc=0x000001f4b812b6ac sp=0x0000006616df7750
Event: 185.233 Thread 0x000001f4c964ec60 DEOPT UNPACKING pc=0x000001f4b74269a3 sp=0x0000006616df76e0 mode 2
Event: 185.233 Thread 0x000001f4c964ec60 Uncommon trap: trap_request=0xffffffc6 fr.pc=0x000001f4b812b6ac relative=0x000000000000044c
Event: 185.233 Thread 0x000001f4c964ec60 Uncommon trap: reason=bimorphic_or_optimized_type_check action=maybe_recompile pc=0x000001f4b812b6ac method=java.util.regex.Pattern$CharProperty.match(Ljava/util/regex/Matcher;ILjava/lang/CharSequence;)Z @ 52 c2
Event: 185.233 Thread 0x000001f4c964ec60 DEOPT PACKING pc=0x000001f4b812b6ac sp=0x0000006616df7790
Event: 185.233 Thread 0x000001f4c964ec60 DEOPT UNPACKING pc=0x000001f4b74269a3 sp=0x0000006616df7720 mode 2
Event: 185.291 Thread 0x000001f4c964ec60 DEOPT PACKING pc=0x000001f4b04c35d9 sp=0x0000006616df8470
Event: 185.291 Thread 0x000001f4c964ec60 DEOPT UNPACKING pc=0x000001f4b7427143 sp=0x0000006616df7960 mode 0

Classes unloaded (2 events):
Event: 52.844 Thread 0x000001f4c6816620 Unloading class 0x0000000100dfc800 'java/lang/invoke/LambdaForm$DMH+0x0000000100dfc800'
Event: 52.844 Thread 0x000001f4c6816620 Unloading class 0x0000000100dfc400 'java/lang/invoke/LambdaForm$DMH+0x0000000100dfc400'

Classes redefined (0 events):
No events

Internal exceptions (20 events):
Event: 85.437 Thread 0x000001f4d10f73e0 Exception <a 'sun/nio/fs/WindowsException'{0x000000008e6d7b38}> (0x000000008e6d7b38) 
thrown [s\src\hotspot\share\prims\jni.cpp, line 517]
Event: 85.448 Thread 0x000001f4d10f8250 Exception <a 'sun/nio/fs/WindowsException'{0x000000008dbd8940}> (0x000000008dbd8940) 
thrown [s\src\hotspot\share\prims\jni.cpp, line 517]
Event: 85.543 Thread 0x000001f4d10fc5b0 Exception <a 'sun/nio/fs/WindowsException'{0x000000008d8c55b8}> (0x000000008d8c55b8) 
thrown [s\src\hotspot\share\prims\jni.cpp, line 517]
Event: 85.583 Thread 0x000001f4d10fc0e0 Exception <a 'sun/nio/fs/WindowsException'{0x000000008cf90450}> (0x000000008cf90450) 
thrown [s\src\hotspot\share\prims\jni.cpp, line 517]
Event: 85.585 Thread 0x000001f4d10f8250 Exception <a 'sun/nio/fs/WindowsException'{0x000000008cd02b68}> (0x000000008cd02b68) 
thrown [s\src\hotspot\share\prims\jni.cpp, line 517]
Event: 85.596 Thread 0x000001f4d10f8250 Exception <a 'sun/nio/fs/WindowsException'{0x000000008cdecf00}> (0x000000008cdecf00) 
thrown [s\src\hotspot\share\prims\jni.cpp, line 517]
Event: 85.617 Thread 0x000001f4d10f8250 Exception <a 'sun/nio/fs/WindowsException'{0x000000008ff9e230}> (0x000000008ff9e230) 
thrown [s\src\hotspot\share\prims\jni.cpp, line 517]
Event: 85.702 Thread 0x000001f4ca6111b0 Exception <a 'sun/nio/fs/WindowsException'{0x000000008e8970b0}> (0x000000008e8970b0) 
thrown [s\src\hotspot\share\prims\jni.cpp, line 517]
Event: 85.862 Thread 0x000001f4d10fc0e0 Exception <a 'java/lang/NoSuchMethodError'{0x000000008e33f5d8}: 'java.lang.Object java.lang.invoke.DirectMethodHandle$Holder.newInvokeSpecial(java.lang.Object, java.lang.Object, java.lang.Object, java.lang.Object, java.lang.Object, int, java.lang.Object)'> (0x000000008e33f5d8) 
thrown [s\src\hotspot\share\interpreter\linkResolver.cpp, line 771]
Event: 85.862 Thread 0x000001f4d10fc0e0 Exception <a 'java/lang/NoSuchMethodError'{0x000000008e348ae8}: 'java.lang.Object java.lang.invoke.Invokers$Holder.linkToTargetMethod(java.lang.Object, java.lang.Object, java.lang.Object, java.lang.Object, int, java.lang.Object, java.lang.Object)'> (0x000000008e348ae8) 
thrown [s\src\hotspot\share\interpreter\linkResolver.cpp, line 771]
Event: 85.876 Thread 0x000001f4d10fc0e0 Exception <a 'java/lang/NoSuchMethodError'{0x000000008e3d3da8}: 'java.lang.Object java.lang.invoke.DirectMethodHandle$Holder.newInvokeSpecial(java.lang.Object, java.lang.Object, java.lang.Object, java.lang.Object, java.lang.Object, java.lang.Object, java.lang.Object, int)'> (0x000000008e3d3da8) 
thrown [s\src\hotspot\share\interpreter\linkResolver.cpp, line 771]
Event: 85.876 Thread 0x000001f4d10fc0e0 Exception <a 'java/lang/NoSuchMethodError'{0x000000008e3d9ad8}: 'java.lang.Object java.lang.invoke.DirectMethodHandle$Holder.invokeSpecial(java.lang.Object, java.lang.Object, java.lang.Object, java.lang.Object, java.lang.Object, java.lang.Object, java.lang.Object, java.lang.Object, int)'> (0x000000008e3d9ad8) 
thrown [s\src\hotspot\share\interpreter\linkResolver.cpp, line 771]
Event: 85.876 Thread 0x000001f4d10fc0e0 Exception <a 'java/lang/NoSuchMethodError'{0x000000008e3de800}: 'java.lang.Object java.lang.invoke.Invokers$Holder.linkToTargetMethod(java.lang.Object, java.lang.Object, java.lang.Object, java.lang.Object, java.lang.Object, java.lang.Object, int, java.lang.Object)'> (0x000000008e3de800) 
thrown [s\src\hotspot\share\interpreter\linkResolver.cpp, line 771]
Event: 85.993 Thread 0x000001f4d10fc0e0 Exception <a 'java/lang/NoSuchMethodError'{0x000000008df386b0}: 'java.lang.Object java.lang.invoke.Invokers$Holder.invoke_MT(java.lang.Object, java.lang.Object, java.lang.Object)'> (0x000000008df386b0) 
thrown [s\src\hotspot\share\interpreter\linkResolver.cpp, line 771]
Event: 86.056 Thread 0x000001f4d10fc0e0 Implicit null exception at 0x000001f4b843ad97 to 0x000001f4b843aef8
Event: 86.146 Thread 0x000001f4d10fc0e0 Implicit null exception at 0x000001f4b7b6f54b to 0x000001f4b7b6f570
Event: 86.310 Thread 0x000001f4c6865200 Exception <a 'sun/nio/fs/WindowsException'{0x000000008ec53ae8}> (0x000000008ec53ae8) 
thrown [s\src\hotspot\share\prims\jni.cpp, line 517]
Event: 86.310 Thread 0x000001f4c6865200 Exception <a 'sun/nio/fs/WindowsException'{0x000000008ec53e40}> (0x000000008ec53e40) 
thrown [s\src\hotspot\share\prims\jni.cpp, line 517]
Event: 86.310 Thread 0x000001f4c6865200 Exception <a 'sun/nio/fs/WindowsException'{0x000000008ec55c40}> (0x000000008ec55c40) 
thrown [s\src\hotspot\share\prims\jni.cpp, line 517]
Event: 185.191 Thread 0x000001f4c964ec60 Exception <a 'sun/nio/fs/WindowsException'{0x000000008d61e6e8}> (0x000000008d61e6e8) 
thrown [s\src\hotspot\share\prims\jni.cpp, line 517]

VM Operations (20 events):
Event: 86.288 Executing VM operation: HandshakeAllThreads
Event: 86.288 Executing VM operation: HandshakeAllThreads done
Event: 87.288 Executing VM operation: Cleanup
Event: 87.289 Executing VM operation: Cleanup done
Event: 93.291 Executing VM operation: Cleanup
Event: 93.292 Executing VM operation: Cleanup done
Event: 95.293 Executing VM operation: Cleanup
Event: 95.293 Executing VM operation: Cleanup done
Event: 133.350 Executing VM operation: Cleanup
Event: 133.350 Executing VM operation: Cleanup done
Event: 146.358 Executing VM operation: Cleanup
Event: 146.358 Executing VM operation: Cleanup done
Event: 148.359 Executing VM operation: Cleanup
Event: 148.359 Executing VM operation: Cleanup done
Event: 184.407 Executing VM operation: Cleanup
Event: 184.438 Executing VM operation: Cleanup done
Event: 184.650 Executing VM operation: G1CollectForAllocation
Event: 184.655 Executing VM operation: G1CollectForAllocation done
Event: 185.091 Executing VM operation: ICBufferFull
Event: 185.132 Executing VM operation: ICBufferFull done

Events (20 events):
Event: 184.992 Thread 0x000001f4cabf9850 Thread added: 0x000001f4cabf9850
Event: 184.993 Thread 0x000001f4c91dabb0 Thread added: 0x000001f4c91dabb0
Event: 184.993 Thread 0x000001f4c91d9d40 Thread added: 0x000001f4c91d9d40
Event: 184.993 Thread 0x000001f4c91db080 Thread added: 0x000001f4c91db080
Event: 184.993 Thread 0x000001f4d08533a0 Thread added: 0x000001f4d08533a0
Event: 184.993 Thread 0x000001f4d0852a00 Thread added: 0x000001f4d0852a00
Event: 184.994 Thread 0x000001f4d0853870 Thread added: 0x000001f4d0853870
Event: 184.994 Thread 0x000001f4d0852060 Thread added: 0x000001f4d0852060
Event: 184.994 Thread 0x000001f4d0852ed0 Thread added: 0x000001f4d0852ed0
Event: 184.994 Thread 0x000001f4cae79c30 Thread added: 0x000001f4cae79c30
Event: 184.994 Thread 0x000001f4cae7bde0 Thread added: 0x000001f4cae7bde0
Event: 184.995 Thread 0x000001f4cae7c2b0 Thread added: 0x000001f4cae7c2b0
Event: 184.995 Thread 0x000001f4cae7b440 Thread added: 0x000001f4cae7b440
Event: 184.995 Thread 0x000001f4cae7c780 Thread added: 0x000001f4cae7c780
Event: 184.995 Thread 0x000001f4cae7a5d0 Thread added: 0x000001f4cae7a5d0
Event: 184.995 Thread 0x000001f4cae79760 Thread added: 0x000001f4cae79760
Event: 184.995 Thread 0x000001f4cae7a100 Thread added: 0x000001f4cae7a100
Event: 185.164 Thread 0x000001f4cabf8510 Thread added: 0x000001f4cabf8510
Event: 185.231 Thread 0x000001f4cae7aaa0 Thread added: 0x000001f4cae7aaa0
Event: 185.234 Thread 0x000001f4cae7cc50 Thread added: 0x000001f4cae7cc50


Dynamic libraries:
0x00007ff665cf0000 - 0x00007ff665cfa000 	C:\Program Files\Android\Android Studio\jbr\bin\java.exe
0x00007ff891cb0000 - 0x00007ff891ea8000 	C:\WINDOWS\SYSTEM32\ntdll.dll
0x00007ff890340000 - 0x00007ff8903fd000 	C:\WINDOWS\System32\KERNEL32.DLL
0x00007ff88f420000 - 0x00007ff88f716000 	C:\WINDOWS\System32\KERNELBASE.dll
0x00007ff88fc10000 - 0x00007ff88fd10000 	C:\WINDOWS\System32\ucrtbase.dll
0x00007ff87a840000 - 0x00007ff87a857000 	C:\Program Files\Android\Android Studio\jbr\bin\jli.dll
0x00007ff88fd10000 - 0x00007ff88feae000 	C:\WINDOWS\System32\USER32.dll
0x00007ff88f720000 - 0x00007ff88f742000 	C:\WINDOWS\System32\win32u.dll
0x00007ff891c40000 - 0x00007ff891c6c000 	C:\WINDOWS\System32\GDI32.dll
0x00007ff87ad40000 - 0x00007ff87afda000 	C:\WINDOWS\WinSxS\amd64_microsoft.windows.common-controls_6595b64144ccf1df_6.0.19041.3636_none_60b6a03d71f818d5\COMCTL32.dll
0x00007ff88f990000 - 0x00007ff88faaa000 	C:\WINDOWS\System32\gdi32full.dll
0x00007ff869390000 - 0x00007ff8693ab000 	C:\Program Files\Android\Android Studio\jbr\bin\VCRUNTIME140.dll
0x00007ff88fb70000 - 0x00007ff88fc0d000 	C:\WINDOWS\System32\msvcp_win.dll
0x00007ff891300000 - 0x00007ff89139e000 	C:\WINDOWS\System32\msvcrt.dll
0x00007ff891bb0000 - 0x00007ff891be0000 	C:\WINDOWS\System32\IMM32.DLL
0x00007ff887930000 - 0x00007ff88793c000 	C:\Program Files\Android\Android Studio\jbr\bin\vcruntime140_1.dll
0x00007ff867070000 - 0x00007ff8670fd000 	C:\Program Files\Android\Android Studio\jbr\bin\msvcp140.dll
0x00007ff849c50000 - 0x00007ff84a8be000 	C:\Program Files\Android\Android Studio\jbr\bin\server\jvm.dll
0x00007ff890290000 - 0x00007ff89033f000 	C:\WINDOWS\System32\ADVAPI32.dll
0x00007ff890170000 - 0x00007ff89020c000 	C:\WINDOWS\System32\sechost.dll
0x00007ff8907f0000 - 0x00007ff890916000 	C:\WINDOWS\System32\RPCRT4.dll
0x00007ff873690000 - 0x00007ff873699000 	C:\WINDOWS\SYSTEM32\WSOCK32.dll
0x00007ff890710000 - 0x00007ff89077b000 	C:\WINDOWS\System32\WS2_32.dll
0x00007ff8779a0000 - 0x00007ff8779c7000 	C:\WINDOWS\SYSTEM32\WINMM.dll
0x00007ff880c20000 - 0x00007ff880c2a000 	C:\WINDOWS\SYSTEM32\VERSION.dll
0x00007ff88d170000 - 0x00007ff88d182000 	C:\WINDOWS\SYSTEM32\kernel.appcore.dll
0x00007ff887cc0000 - 0x00007ff887cca000 	C:\Program Files\Android\Android Studio\jbr\bin\jimage.dll
0x00007ff869bd0000 - 0x00007ff869db4000 	C:\WINDOWS\SYSTEM32\DBGHELP.DLL
0x00007ff869b90000 - 0x00007ff869bc4000 	C:\WINDOWS\SYSTEM32\dbgcore.DLL
0x00007ff88f390000 - 0x00007ff88f412000 	C:\WINDOWS\System32\bcryptPrimitives.dll
0x00007ff880320000 - 0x00007ff880345000 	C:\Program Files\Android\Android Studio\jbr\bin\java.dll
0x00007ff885980000 - 0x00007ff885998000 	C:\Program Files\Android\Android Studio\jbr\bin\zip.dll
0x00007ff8913a0000 - 0x00007ff891ae5000 	C:\WINDOWS\System32\SHELL32.dll
0x00007ff88d450000 - 0x00007ff88dbeb000 	C:\WINDOWS\SYSTEM32\windows.storage.dll
0x00007ff890920000 - 0x00007ff890c74000 	C:\WINDOWS\System32\combase.dll
0x00007ff88edd0000 - 0x00007ff88edfd000 	C:\WINDOWS\SYSTEM32\Wldp.dll
0x00007ff891b00000 - 0x00007ff891bad000 	C:\WINDOWS\System32\SHCORE.dll
0x00007ff890590000 - 0x00007ff8905e5000 	C:\WINDOWS\System32\shlwapi.dll
0x00007ff88f2c0000 - 0x00007ff88f2e5000 	C:\WINDOWS\SYSTEM32\profapi.dll
0x00007ff87cc40000 - 0x00007ff87cc59000 	C:\Program Files\Android\Android Studio\jbr\bin\net.dll
0x00007ff8808f0000 - 0x00007ff8809fa000 	C:\WINDOWS\SYSTEM32\WINHTTP.dll
0x00007ff88eb30000 - 0x00007ff88eb9a000 	C:\WINDOWS\system32\mswsock.dll
0x00007ff87b0b0000 - 0x00007ff87b0c6000 	C:\Program Files\Android\Android Studio\jbr\bin\nio.dll
0x00007ff880230000 - 0x00007ff880240000 	C:\Program Files\Android\Android Studio\jbr\bin\verify.dll
0x00007ff876120000 - 0x00007ff876147000 	C:\Users\joaom\.gradle\native\68d5fa5c4cc2d200863cafc0d521ce42e7d3e7ee720ec0a83991735586a16f82\windows-amd64\native-platform.dll
0x00007ff84ad10000 - 0x00007ff84ae54000 	C:\Users\joaom\.gradle\native\e376f236ea51e6404a007f0833ffe2c6e607c4080706a723a18a27aeea778392\windows-amd64\native-platform-file-events.dll
0x00007ff87caa0000 - 0x00007ff87caa9000 	C:\Program Files\Android\Android Studio\jbr\bin\management.dll
0x00007ff87aff0000 - 0x00007ff87affb000 	C:\Program Files\Android\Android Studio\jbr\bin\management_ext.dll
0x00007ff890560000 - 0x00007ff890568000 	C:\WINDOWS\System32\PSAPI.DLL
0x00007ff88ed20000 - 0x00007ff88ed38000 	C:\WINDOWS\SYSTEM32\CRYPTSP.dll
0x00007ff88e390000 - 0x00007ff88e3c4000 	C:\WINDOWS\system32\rsaenh.dll
0x00007ff88f750000 - 0x00007ff88f777000 	C:\WINDOWS\System32\bcrypt.dll
0x00007ff88f280000 - 0x00007ff88f2ae000 	C:\WINDOWS\SYSTEM32\USERENV.dll
0x00007ff88ed40000 - 0x00007ff88ed4c000 	C:\WINDOWS\SYSTEM32\CRYPTBASE.dll
0x00007ff88e7b0000 - 0x00007ff88e7eb000 	C:\WINDOWS\SYSTEM32\IPHLPAPI.DLL
0x00007ff891af0000 - 0x00007ff891af8000 	C:\WINDOWS\System32\NSI.dll
0x00007ff885210000 - 0x00007ff885227000 	C:\WINDOWS\SYSTEM32\dhcpcsvc6.DLL
0x00007ff8851f0000 - 0x00007ff88520d000 	C:\WINDOWS\SYSTEM32\dhcpcsvc.DLL
0x00007ff88e7f0000 - 0x00007ff88e8ba000 	C:\WINDOWS\SYSTEM32\DNSAPI.dll
0x00007ff87a530000 - 0x00007ff87a537000 	C:\WINDOWS\system32\wshunix.dll
0x0000000071490000 - 0x00000000714b6000 	C:\Program Files\Bonjour\mdnsNSP.dll
0x00007ff887aa0000 - 0x00007ff887aaa000 	C:\Windows\System32\rasadhlp.dll
0x00007ff87c870000 - 0x00007ff87c8f0000 	C:\WINDOWS\System32\fwpuclnt.dll
0x00007ff86f810000 - 0x00007ff86f827000 	C:\WINDOWS\system32\napinsp.dll
0x00007ff86f650000 - 0x00007ff86f66b000 	C:\WINDOWS\system32\pnrpnsp.dll
0x00007ff88a0a0000 - 0x00007ff88a0b5000 	C:\WINDOWS\system32\wshbth.dll
0x00007ff88acf0000 - 0x00007ff88ad0d000 	C:\WINDOWS\system32\NLAapi.dll
0x00007ff86f530000 - 0x00007ff86f542000 	C:\WINDOWS\System32\winrnr.dll
0x00007ff88e4b0000 - 0x00007ff88e4e3000 	C:\WINDOWS\SYSTEM32\ntmarta.dll
0x00007ff879a20000 - 0x00007ff879a3e000 	C:\Users\joaom\AppData\Local\Temp\native-platform12559075910046959832dir\native-platform.dll
0x00007ff87a510000 - 0x00007ff87a517000 	C:\Program Files\Android\Android Studio\jbr\bin\rmi.dll

dbghelp: loaded successfully - version: 4.0.5 - missing functions: none
symbol engine: initialized successfully - sym options: 0x614 - pdb path: .;C:\Program Files\Android\Android Studio\jbr\bin;C:\WINDOWS\SYSTEM32;C:\WINDOWS\WinSxS\amd64_microsoft.windows.common-controls_6595b64144ccf1df_6.0.19041.3636_none_60b6a03d71f818d5;C:\Program Files\Android\Android Studio\jbr\bin\server;C:\Users\joaom\.gradle\native\68d5fa5c4cc2d200863cafc0d521ce42e7d3e7ee720ec0a83991735586a16f82\windows-amd64;C:\Users\joaom\.gradle\native\e376f236ea51e6404a007f0833ffe2c6e607c4080706a723a18a27aeea778392\windows-amd64;C:\Program Files\Bonjour;C:\Users\joaom\AppData\Local\Temp\native-platform12559075910046959832dir

VM Arguments:
jvm_args: --add-opens=java.base/java.util=ALL-UNNAMED --add-opens=java.base/java.lang=ALL-UNNAMED --add-opens=java.base/java.lang.invoke=ALL-UNNAMED --add-opens=java.prefs/java.util.prefs=ALL-UNNAMED --add-opens=java.base/java.nio.charset=ALL-UNNAMED --add-opens=java.base/java.net=ALL-UNNAMED --add-opens=java.base/java.util.concurrent.atomic=ALL-UNNAMED -Xmx2048m -Dfile.encoding=UTF-8 -Duser.country=PT -Duser.language=pt -Duser.variant 
java_command: org.gradle.launcher.daemon.bootstrap.GradleDaemon 8.0
java_class_path (initial): C:\Users\joaom\.gradle\wrapper\dists\gradle-8.0-bin\ca5e32bp14vu59qr306oxotwh\gradle-8.0\lib\gradle-launcher-8.0.jar
Launcher Type: SUN_STANDARD

[Global flags]
     intx CICompilerCount                          = 3                                         {product} {ergonomic}
     uint ConcGCThreads                            = 1                                         {product} {ergonomic}
     uint G1ConcRefinementThreads                  = 4                                         {product} {ergonomic}
   size_t G1HeapRegionSize                         = 1048576                                   {product} {ergonomic}
    uintx GCDrainStackTargetSize                   = 64                                        {product} {ergonomic}
   size_t InitialHeapSize                          = 268435456                                 {product} {ergonomic}
   size_t MarkStackSize                            = 4194304                                   {product} {ergonomic}
   size_t MaxHeapSize                              = 2147483648                                {product} {command line}
   size_t MaxNewSize                               = 1287651328                                {product} {ergonomic}
   size_t MinHeapDeltaBytes                        = 1048576                                   {product} {ergonomic}
   size_t MinHeapSize                              = 8388608                                   {product} {ergonomic}
    uintx NonNMethodCodeHeapSize                   = 5832780                                {pd product} {ergonomic}
    uintx NonProfiledCodeHeapSize                  = 122912730                              {pd product} {ergonomic}
    uintx ProfiledCodeHeapSize                     = 122912730                              {pd product} {ergonomic}
    uintx ReservedCodeCacheSize                    = 251658240                              {pd product} {ergonomic}
     bool SegmentedCodeCache                       = true                                      {product} {ergonomic}
   size_t SoftMaxHeapSize                          = 2147483648                             {manageable} {ergonomic}
     bool UseCompressedClassPointers               = true                           {product lp64_product} {ergonomic}
     bool UseCompressedOops                        = true                           {product lp64_product} {ergonomic}
     bool UseG1GC                                  = true                                      {product} {ergonomic}
     bool UseLargePagesIndividualAllocation        = false                                  {pd product} {ergonomic}

Logging:
Log output configuration:
 #0: stdout all=warning uptime,level,tags
 #1: stderr all=off uptime,level,tags

Environment Variables:
PATH=C:\Program Files (x86)\VMware\VMware Player\bin\;C:\Program Files\Common Files\Oracle\Java\javapath;C:\Program Files (x86)\Common Files\Oracle\Java\javapath;C:\WINDOWS\system32;C:\WINDOWS;C:\WINDOWS\System32\Wbem;C:\WINDOWS\System32\WindowsPowerShell\v1.0\;C:\WINDOWS\System32\OpenSSH\;C:\Program Files\dotnet\;C:\Program Files (x86)\dotnet\;C:\Program Files\PuTTY\;C:\Program Files\nodejs\;C:\Program Files\Microsoft SQL Server\150\Tools\Binn\;C:\Program Files\Microsoft SQL Server\Client SDK\ODBC\170\Tools\Binn\;C:\Program Files\Git\cmd;C:\Users\joaom\AppData\Local\Microsoft\WindowsApps;C:\Users\joaom\.dotnet\tools;C:\Users\joaom\AppData\Local\Programs\Microsoft VS Code\bin;C:\Users\joaom\AppData\Roaming\npm
USERNAME=joaom
OS=Windows_NT
PROCESSOR_IDENTIFIER=Intel64 Family 6 Model 158 Stepping 9, GenuineIntel
TMP=C:\Users\joaom\AppData\Local\Temp
TEMP=C:\Users\joaom\AppData\Local\Temp


JNI global refs:
JNI global refs: 26, weak refs: 1

JNI global refs memory usage: 843, weak refs: 841


---------------  S Y S T E M  ---------------

OS:
 Windows 10 , 64 bit Build 19041 (10.0.19041.3636)
OS uptime: 2 days 23:11 hours

CPU: total 4 (initial active 4) (4 cores per cpu, 1 threads per core) family 6 model 158 stepping 9 microcode 0xb4, cx8, cmov, fxsr, mmx, 3dnowpref, sse, sse2, sse3, ssse3, sse4.1, sse4.2, popcnt, lzcnt, tsc, tscinvbit, avx, avx2, aes, erms, clmul, bmi1, bmi2, adx, fma, vzeroupper, clflush, clflushopt

Memory: 4k page, system-wide physical 16276M (1691M free)
TotalPageFile size 16276M (AvailPageFile size 5M)
current process WorkingSet (physical memory assigned to process): 583M, peak: 603M
current process commit charge ("private bytes"): 613M, peak: 632M

vm_info: OpenJDK 64-Bit Server VM (17.0.6+0-b2043.56-10027231) for windows-amd64 JRE (17.0.6+0-b2043.56-10027231), built on Apr 28 2023 00:43:19 by "androidbuild" with MS VC++ 16.10 / 16.11 (VS2019)

END.
