#
# There is insufficient memory for the Java Runtime Environment to continue.
# Native memory allocation (mmap) failed to map 268435456 bytes for G1 virtual space
# Possible reasons:
#   The system is out of physical RAM or swap space
#   The process is running with CompressedOops enabled, and the Java Heap may be blocking the growth of the native heap
# Possible solutions:
#   Reduce memory load on the system
#   Increase physical memory or swap space
#   Check if swap backing store is full
#   Decrease Java heap size (-Xmx/-Xms)
#   Decrease number of Java threads
#   Decrease Java thread stack sizes (-Xss)
#   Set larger code cache with -XX:ReservedCodeCacheSize=
#   JVM is running with Zero Based Compressed Oops mode in which the Java heap is
#     placed in the first 32GB address space. The Java Heap base address is the
#     maximum limit for the native heap growth. Please use -XX:HeapBaseMinAddress
#     to set the Java Heap base and to place the Java Heap above 32GB virtual address.
# This output file may be truncated or incomplete.
#
#  Out of Memory Error (os_windows.cpp:3769), pid=13648, tid=7808
#
# JRE version:  (17.0.6) (build )
# Java VM: OpenJDK 64-Bit Server VM (17.0.6+0-b2043.56-10027231, mixed mode, sharing, tiered, compressed oops, compressed class ptrs, g1 gc, windows-amd64)
# No core dump will be written. Minidumps are not enabled by default on client versions of Windows
#

---------------  S U M M A R Y ------------

Command Line: git4idea.http.GitAskPassApp Username for 'https://github.com': 

Host: Intel(R) Core(TM) i5-7300HQ CPU @ 2.50GHz, 4 cores, 15G,  Windows 10 , 64 bit Build 19041 (10.0.19041.3570)
Time: Sat Nov 11 19:58:34 2023 Hora padrão de GMT elapsed time: 0.014749 seconds (0d 0h 0m 0s)

---------------  T H R E A D  ---------------

Current thread (0x0000024b5daed680):  JavaThread "Unknown thread" [_thread_in_vm, id=7808, stack(0x000000e589c00000,0x000000e589d00000)]

Stack: [0x000000e589c00000,0x000000e589d00000]
Native frames: (J=compiled Java code, j=interpreted, Vv=VM code, C=native code)
V  [jvm.dll+0x683c9a]
V  [jvm.dll+0x8427a4]
V  [jvm.dll+0x843f9e]
V  [jvm.dll+0x844603]
V  [jvm.dll+0x249b75]
V  [jvm.dll+0x680b69]
V  [jvm.dll+0x67505a]
V  [jvm.dll+0x309acb]
V  [jvm.dll+0x310f86]
V  [jvm.dll+0x3608ee]
V  [jvm.dll+0x360b1f]
V  [jvm.dll+0x2dfbf8]
V  [jvm.dll+0x2e0b64]
V  [jvm.dll+0x814091]
V  [jvm.dll+0x36e6a1]
V  [jvm.dll+0x7f35cc]
V  [jvm.dll+0x3f0e8f]
V  [jvm.dll+0x3f29d1]
C  [jli.dll+0x526b]
C  [ucrtbase.dll+0x21bb2]
C  [KERNEL32.DLL+0x17344]
C  [ntdll.dll+0x526b1]


---------------  P R O C E S S  ---------------

Threads class SMR info:
_java_thread_list=0x00007ffe2e66c058, length=0, elements={
}

Java Threads: ( => current thread )

Other Threads:
  0x0000024b5db59840 GCTaskThread "GC Thread#0" [stack: 0x000000e589d00000,0x000000e589e00000] [id=9936]
  0x0000024b5db6a4e0 ConcurrentGCThread "G1 Main Marker" [stack: 0x000000e589e00000,0x000000e589f00000] [id=15892]
  0x0000024b5db6ae00 ConcurrentGCThread "G1 Conc#0" [stack: 0x000000e589f00000,0x000000e58a000000] [id=7540]

[error occurred during error reporting (printing all threads), id 0xc0000005, EXCEPTION_ACCESS_VIOLATION (0xc0000005) at pc=0x00007ffe2de20797]

VM state: not at safepoint (not fully initialized)

VM Mutex/Monitor currently owned by a thread:  ([mutex/lock_event])
[0x0000024b5dad9460] Heap_lock - owner thread: 0x0000024b5daed680

Heap address: 0x0000000701a00000, size: 4070 MB, Compressed Oops mode: Zero based, Oop shift amount: 3

CDS archive(s) mapped at: [0x0000000000000000-0x0000000000000000-0x0000000000000000), size 0, SharedBaseAddress: 0x0000000800000000, ArchiveRelocationMode: 0.
Narrow klass base: 0x0000000000000000, Narrow klass shift: 0, Narrow klass range: 0x0

GC Precious Log:
<Empty>

Heap:
 garbage-first heap   total 0K, used 0K [0x0000000701a00000, 0x0000000800000000)
  region size 2048K, 0 young (0K), 0 survivors (0K)

[error occurred during error reporting (printing heap information), id 0xc0000005, EXCEPTION_ACCESS_VIOLATION (0xc0000005) at pc=0x00007ffe2e20da89]

GC Heap History (0 events):
No events

Dll operation events (1 events):
Event: 0.010 Loaded shared library C:\Program Files\Android\Android Studio\jbr\bin\java.dll

Deoptimization events (0 events):
No events

Classes unloaded (0 events):
No events

Classes redefined (0 events):
No events

Internal exceptions (0 events):
No events

VM Operations (0 events):
No events

Events (0 events):
No events


Dynamic libraries:
0x00007ff67c0d0000 - 0x00007ff67c0da000 	C:\Program Files\Android\Android Studio\jbr\bin\java.exe
0x00007ffe73730000 - 0x00007ffe73927000 	C:\WINDOWS\SYSTEM32\ntdll.dll
0x00007ffe72940000 - 0x00007ffe729fd000 	C:\WINDOWS\System32\KERNEL32.DLL
0x00007ffe71060000 - 0x00007ffe71356000 	C:\WINDOWS\System32\KERNELBASE.dll
0x00007ffe71460000 - 0x00007ffe71560000 	C:\WINDOWS\System32\ucrtbase.dll
0x00007ffe5a9e0000 - 0x00007ffe5a9fb000 	C:\Program Files\Android\Android Studio\jbr\bin\VCRUNTIME140.dll
0x00007ffe686a0000 - 0x00007ffe686b7000 	C:\Program Files\Android\Android Studio\jbr\bin\jli.dll
0x00007ffe72aa0000 - 0x00007ffe72c3e000 	C:\WINDOWS\System32\USER32.dll
0x00007ffe5af70000 - 0x00007ffe5b20a000 	C:\WINDOWS\WinSxS\amd64_microsoft.windows.common-controls_6595b64144ccf1df_6.0.19041.3570_none_60bb2a3971f3e41a\COMCTL32.dll
0x00007ffe70fc0000 - 0x00007ffe70fe2000 	C:\WINDOWS\System32\win32u.dll
0x00007ffe727c0000 - 0x00007ffe7285e000 	C:\WINDOWS\System32\msvcrt.dll
0x00007ffe71f70000 - 0x00007ffe71f9c000 	C:\WINDOWS\System32\GDI32.dll
0x00007ffe70e10000 - 0x00007ffe70f2a000 	C:\WINDOWS\System32\gdi32full.dll
0x00007ffe716c0000 - 0x00007ffe7175d000 	C:\WINDOWS\System32\msvcp_win.dll
0x00007ffe71790000 - 0x00007ffe717c0000 	C:\WINDOWS\System32\IMM32.DLL
0x00007ffe5b430000 - 0x00007ffe5b43c000 	C:\Program Files\Android\Android Studio\jbr\bin\vcruntime140_1.dll
0x00007ffe3a750000 - 0x00007ffe3a7dd000 	C:\Program Files\Android\Android Studio\jbr\bin\msvcp140.dll
0x00007ffe2db30000 - 0x00007ffe2e79e000 	C:\Program Files\Android\Android Studio\jbr\bin\server\jvm.dll
0x00007ffe73640000 - 0x00007ffe736ee000 	C:\WINDOWS\System32\ADVAPI32.dll
0x00007ffe72a00000 - 0x00007ffe72a9c000 	C:\WINDOWS\System32\sechost.dll
0x00007ffe71fa0000 - 0x00007ffe720c6000 	C:\WINDOWS\System32\RPCRT4.dll
0x00007ffe59340000 - 0x00007ffe59367000 	C:\WINDOWS\SYSTEM32\WINMM.dll
0x00007ffe57f90000 - 0x00007ffe57f99000 	C:\WINDOWS\SYSTEM32\WSOCK32.dll
0x00007ffe663c0000 - 0x00007ffe663ca000 	C:\WINDOWS\SYSTEM32\VERSION.dll
0x00007ffe72360000 - 0x00007ffe723cb000 	C:\WINDOWS\System32\WS2_32.dll
0x00007ffe6ecb0000 - 0x00007ffe6ecc2000 	C:\WINDOWS\SYSTEM32\kernel.appcore.dll
0x00007ffe6c870000 - 0x00007ffe6c87a000 	C:\Program Files\Android\Android Studio\jbr\bin\jimage.dll
0x00007ffe52b40000 - 0x00007ffe52d24000 	C:\WINDOWS\SYSTEM32\DBGHELP.DLL
0x00007ffe528f0000 - 0x00007ffe52924000 	C:\WINDOWS\SYSTEM32\dbgcore.DLL
0x00007ffe70f30000 - 0x00007ffe70fb2000 	C:\WINDOWS\System32\bcryptPrimitives.dll
0x00007ffe6adb0000 - 0x00007ffe6add5000 	C:\Program Files\Android\Android Studio\jbr\bin\java.dll

dbghelp: loaded successfully - version: 4.0.5 - missing functions: none
symbol engine: initialized successfully - sym options: 0x614 - pdb path: .;C:\Program Files\Android\Android Studio\jbr\bin;C:\WINDOWS\SYSTEM32;C:\WINDOWS\WinSxS\amd64_microsoft.windows.common-controls_6595b64144ccf1df_6.0.19041.3570_none_60bb2a3971f3e41a;C:\Program Files\Android\Android Studio\jbr\bin\server

VM Arguments:
java_command: git4idea.http.GitAskPassApp Username for 'https://github.com': 
java_class_path (initial): C:/Program Files/Android/Android Studio/plugins/vcs-git/lib/git4idea-rt.jar;C:/Program Files/Android/Android Studio/lib/externalProcess-rt.jar;C:/Program Files/Android/Android Studio/lib/app.jar;C:/Program Files/Android/Android Studio/lib/3rd-party-rt.jar
Launcher Type: SUN_STANDARD

[Global flags]
     intx CICompilerCount                          = 3                                         {product} {ergonomic}
     uint ConcGCThreads                            = 1                                         {product} {ergonomic}
     uint G1ConcRefinementThreads                  = 4                                         {product} {ergonomic}
   size_t G1HeapRegionSize                         = 2097152                                   {product} {ergonomic}
    uintx GCDrainStackTargetSize                   = 64                                        {product} {ergonomic}
   size_t InitialHeapSize                          = 268435456                                 {product} {ergonomic}
   size_t MarkStackSize                            = 4194304                                   {product} {ergonomic}
   size_t MaxHeapSize                              = 4267704320                                {product} {ergonomic}
   size_t MinHeapDeltaBytes                        = 2097152                                   {product} {ergonomic}
   size_t MinHeapSize                              = 8388608                                   {product} {ergonomic}
    uintx NonNMethodCodeHeapSize                   = 5832780                                {pd product} {ergonomic}
    uintx NonProfiledCodeHeapSize                  = 122912730                              {pd product} {ergonomic}
    uintx ProfiledCodeHeapSize                     = 122912730                              {pd product} {ergonomic}
    uintx ReservedCodeCacheSize                    = 251658240                              {pd product} {ergonomic}
     bool SegmentedCodeCache                       = true                                      {product} {ergonomic}
   size_t SoftMaxHeapSize                          = 4267704320                             {manageable} {ergonomic}
     bool UseCompressedClassPointers               = true                           {product lp64_product} {ergonomic}
     bool UseCompressedOops                        = true                           {product lp64_product} {ergonomic}
     bool UseG1GC                                  = true                                      {product} {ergonomic}
     bool UseLargePagesIndividualAllocation        = false                                  {pd product} {ergonomic}

Logging:
Log output configuration:
 #0: stdout all=warning uptime,level,tags
 #1: stderr all=off uptime,level,tags

Environment Variables:
PATH=C:/Program Files/Git/mingw64/libexec/git-core;C:/Program Files/Git/mingw64/libexec/git-core;C:\Program Files\Git\mingw64\bin;C:\Program Files\Git\usr\bin;C:\Users\joaom\bin;C:\Program Files (x86)\VMware\VMware Player\bin\;C:\Program Files\Common Files\Oracle\Java\javapath;C:\Program Files (x86)\Common Files\Oracle\Java\javapath;C:\WINDOWS\system32;C:\WINDOWS;C:\WINDOWS\System32\Wbem;C:\WINDOWS\System32\WindowsPowerShell\v1.0\;C:\WINDOWS\System32\OpenSSH\;C:\Program Files\dotnet\;C:\Program Files (x86)\dotnet\;C:\Program Files\PuTTY\;C:\Program Files\nodejs\;C:\Program Files\Microsoft SQL Server\150\Tools\Binn\;C:\Program Files\Microsoft SQL Server\Client SDK\ODBC\170\Tools\Binn\;C:\Program Files\Git\cmd;C:\Users\joaom\AppData\Local\Microsoft\WindowsApps;C:\Users\joaom\.dotnet\tools;C:\Users\joaom\AppData\Local\Programs\Microsoft VS Code\bin;C:\Users\joaom\AppData\Roaming\npm
USERNAME=joaom
DISPLAY=:0.0
LC_ALL=en_US.UTF-8
TERM=xterm-256color
TMPDIR=C:\Users\joaom\AppData\Local\Temp
OS=Windows_NT
PROCESSOR_IDENTIFIER=Intel64 Family 6 Model 158 Stepping 9, GenuineIntel
TMP=C:\Users\joaom\AppData\Local\Temp
TEMP=C:\Users\joaom\AppData\Local\Temp


JNI global refs:

[error occurred during error reporting (JNI global references), id 0xc0000005, EXCEPTION_ACCESS_VIOLATION (0xc0000005) at pc=0x00007ffe2dbe7a10]


---------------  S Y S T E M  ---------------

OS:
 Windows 10 , 64 bit Build 19041 (10.0.19041.3570)
OS uptime: 0 days 3:47 hours

CPU: total 4 (initial active 4) (4 cores per cpu, 1 threads per core) family 6 model 158 stepping 9 microcode 0xb4, cx8, cmov, fxsr, mmx, 3dnowpref, sse, sse2, sse3, ssse3, sse4.1, sse4.2, popcnt, lzcnt, tsc, tscinvbit, avx, avx2, aes, erms, clmul, bmi1, bmi2, adx, fma, vzeroupper, clflush, clflushopt

Memory: 4k page, system-wide physical 16276M (729M free)
TotalPageFile size 16276M (AvailPageFile size 246M)
current process WorkingSet (physical memory assigned to process): 10M, peak: 10M
current process commit charge ("private bytes"): 51M, peak: 307M

vm_info: OpenJDK 64-Bit Server VM (17.0.6+0-b2043.56-10027231) for windows-amd64 JRE (17.0.6+0-b2043.56-10027231), built on Apr 28 2023 00:43:19 by "androidbuild" with MS VC++ 16.10 / 16.11 (VS2019)

END.
