#
# There is insufficient memory for the Java Runtime Environment to continue.
# Native memory allocation (malloc) failed to allocate 32744 bytes for ChunkPool::allocate
# Possible reasons:
#   The system is out of physical RAM or swap space
#   The process is running with CompressedOops enabled, and the Java Heap may be blocking the growth of the native heap
# Possible solutions:
#   Reduce memory load on the system
#   Increase physical memory or swap space
#   Check if swap backing store is full
#   Decrease Java heap size (-Xmx/-Xms)
#   Decrease number of Java threads
#   Decrease Java thread stack sizes (-Xss)
#   Set larger code cache with -XX:ReservedCodeCacheSize=
#   JVM is running with Unscaled Compressed Oops mode in which the Java heap is
#     placed in the first 4GB address space. The Java Heap base address is the
#     maximum limit for the native heap growth. Please use -XX:HeapBaseMinAddress
#     to set the Java Heap base and to place the Java Heap above 4GB virtual address.
# This output file may be truncated or incomplete.
#
#  Out of Memory Error (arena.cpp:78), pid=4144, tid=16732
#
# JRE version: OpenJDK Runtime Environment (17.0.6) (build 17.0.6+0-b2043.56-10027231)
# Java VM: OpenJDK 64-Bit Server VM (17.0.6+0-b2043.56-10027231, mixed mode, tiered, compressed oops, compressed class ptrs, g1 gc, windows-amd64)
# No core dump will be written. Minidumps are not enabled by default on client versions of Windows
#

---------------  S U M M A R Y ------------

Command Line: --add-opens=java.base/java.util=ALL-UNNAMED --add-opens=java.base/java.lang=ALL-UNNAMED --add-opens=java.base/java.lang.invoke=ALL-UNNAMED --add-opens=java.prefs/java.util.prefs=ALL-UNNAMED --add-opens=java.base/java.nio.charset=ALL-UNNAMED --add-opens=java.base/java.net=ALL-UNNAMED --add-opens=java.base/java.util.concurrent.atomic=ALL-UNNAMED -Xmx2048m -Dfile.encoding=UTF-8 -Duser.country=PT -Duser.language=pt -Duser.variant org.gradle.launcher.daemon.bootstrap.GradleDaemon 8.0

Host: Intel(R) Core(TM) i5-7300HQ CPU @ 2.50GHz, 4 cores, 15G,  Windows 10 , 64 bit Build 19041 (10.0.19041.3636)
Time: Mon Dec 18 22:12:33 2023 Hora padrão de GMT elapsed time: 12.907996 seconds (0d 0h 0m 12s)

---------------  T H R E A D  ---------------

Current thread (0x000001bdc57b0760):  JavaThread "C2 CompilerThread1" daemon [_thread_in_native, id=16732, stack(0x0000007926300000,0x0000007926400000)]


Current CompileTask:
C2:  12908 7614       4       java.net.URLClassLoader$1::run (5 bytes)

Stack: [0x0000007926300000,0x0000007926400000]
Native frames: (J=compiled Java code, j=interpreted, Vv=VM code, C=native code)
V  [jvm.dll+0x683c9a]
V  [jvm.dll+0x8427a4]
V  [jvm.dll+0x843f9e]
V  [jvm.dll+0x844603]
V  [jvm.dll+0x249b75]
V  [jvm.dll+0xabecc]
V  [jvm.dll+0xac27c]
V  [jvm.dll+0x97158]
V  [jvm.dll+0x60f41b]
V  [jvm.dll+0x614edb]
V  [jvm.dll+0x615ca2]
V  [jvm.dll+0x614204]
V  [jvm.dll+0x21c078]
V  [jvm.dll+0x21b621]
V  [jvm.dll+0x1a4fdd]
V  [jvm.dll+0x22b098]
V  [jvm.dll+0x229159]
V  [jvm.dll+0x7f81ec]
V  [jvm.dll+0x7f274a]
V  [jvm.dll+0x682ad5]
C  [ucrtbase.dll+0x21bb2]
C  [KERNEL32.DLL+0x17344]
C  [ntdll.dll+0x526b1]


---------------  P R O C E S S  ---------------

Threads class SMR info:
_java_thread_list=0x000001bdc7338280, length=85, elements={
0x000001bda805e5d0, 0x000001bdc3668400, 0x000001bdc403bdd0, 0x000001bdc4061010,
0x000001bdc40638e0, 0x000001bdc4064940, 0x000001bdc4065200, 0x000001bdc4065df0,
0x000001bdc40667a0, 0x000001bdc4069850, 0x000001bdc41eed60, 0x000001bdc41ef640,
0x000001bdc4f35060, 0x000001bdc53e5070, 0x000001bdc55b3dc0, 0x000001bdc541a7a0,
0x000001bdc58970c0, 0x000001bdc785a6f0, 0x000001bdc785a220, 0x000001bdc7859880,
0x000001bdc7859d50, 0x000001bdc785abc0, 0x000001bdc785b090, 0x000001bdc585da40,
0x000001bdc585df10, 0x000001bdc585bd60, 0x000001bdc585b3c0, 0x000001bdc58596e0,
0x000001bdc5857a00, 0x000001bdc585e3e0, 0x000001bdc5857ed0, 0x000001bdc5858d40,
0x000001bdc585d0a0, 0x000001bdc5859bb0, 0x000001bdc585aef0, 0x000001bdc585c230,
0x000001bdc585b890, 0x000001bdc5857060, 0x000001bdc585cbd0, 0x000001bdc585aa20,
0x000001bdc585e8b0, 0x000001bdca3cc100, 0x000001bdca3ccaa0, 0x000001bdca3cb290,
0x000001bdca3c9f50, 0x000001bdca3cd910, 0x000001bdca3cadc0, 0x000001bdca3ccf70,
0x000001bdca3cb760, 0x000001bdca3ca420, 0x000001bdca3ca8f0, 0x000001bdca3cbc30,
0x000001bdca3cc5d0, 0x000001bdca3cd440, 0x000001bdc9713320, 0x000001bdc9714b30,
0x000001bdc9715000, 0x000001bdc97189c0, 0x000001bdc9718020, 0x000001bdc97159a0,
0x000001bdc9719360, 0x000001bdc97184f0, 0x000001bdc9718e90, 0x000001bdc9719830,
0x000001bdc9719d00, 0x000001bdc97171b0, 0x000001bdc97154d0, 0x000001bdc971a6a0,
0x000001bdc9715e70, 0x000001bdc971a1d0, 0x000001bdc9712e50, 0x000001bdc9714660,
0x000001bdc97137f0, 0x000001bdc9713cc0, 0x000001bdc9714190, 0x000001bdc9716340,
0x000001bdc9716810, 0x000001bdc9716ce0, 0x000001bdc9717680, 0x000001bdc9717b50,
0x000001bdc57b0760, 0x000001bdc97762a0, 0x000001bdc9777110, 0x000001bdc97715a0,
0x000001bdc97740f0
}

Java Threads: ( => current thread )
  0x000001bda805e5d0 JavaThread "main" [_thread_blocked, id=9048, stack(0x0000007920800000,0x0000007920900000)]
  0x000001bdc3668400 JavaThread "Reference Handler" daemon [_thread_blocked, id=9032, stack(0x0000007920f00000,0x0000007921000000)]
  0x000001bdc403bdd0 JavaThread "Finalizer" daemon [_thread_blocked, id=17648, stack(0x0000007921000000,0x0000007921100000)]
  0x000001bdc4061010 JavaThread "Signal Dispatcher" daemon [_thread_blocked, id=13828, stack(0x0000007921100000,0x0000007921200000)]
  0x000001bdc40638e0 JavaThread "Attach Listener" daemon [_thread_blocked, id=17304, stack(0x0000007921200000,0x0000007921300000)]
  0x000001bdc4064940 JavaThread "Service Thread" daemon [_thread_blocked, id=812, stack(0x0000007921300000,0x0000007921400000)]
  0x000001bdc4065200 JavaThread "Monitor Deflation Thread" daemon [_thread_blocked, id=3296, stack(0x0000007921400000,0x0000007921500000)]
  0x000001bdc4065df0 JavaThread "C2 CompilerThread0" daemon [_thread_in_native, id=6948, stack(0x0000007921500000,0x0000007921600000)]
  0x000001bdc40667a0 JavaThread "C1 CompilerThread0" daemon [_thread_blocked, id=11524, stack(0x0000007921600000,0x0000007921700000)]
  0x000001bdc4069850 JavaThread "Sweeper thread" daemon [_thread_blocked, id=17236, stack(0x0000007921700000,0x0000007921800000)]
  0x000001bdc41eed60 JavaThread "Common-Cleaner" daemon [_thread_blocked, id=12840, stack(0x0000007921800000,0x0000007921900000)]
  0x000001bdc41ef640 JavaThread "Notification Thread" daemon [_thread_blocked, id=9000, stack(0x0000007921900000,0x0000007921a00000)]
  0x000001bdc4f35060 JavaThread "Daemon health stats" [_thread_blocked, id=16064, stack(0x0000007921f00000,0x0000007922000000)]
  0x000001bdc53e5070 JavaThread "Incoming local TCP Connector on port 64825" [_thread_in_native, id=3700, stack(0x0000007921b00000,0x0000007921c00000)]
  0x000001bdc55b3dc0 JavaThread "Daemon periodic checks" [_thread_blocked, id=17700, stack(0x0000007922000000,0x0000007922100000)]
  0x000001bdc541a7a0 JavaThread "Daemon" [_thread_blocked, id=3068, stack(0x0000007922100000,0x0000007922200000)]
  0x000001bdc58970c0 JavaThread "Handler for socket connection from /127.0.0.1:64825 to /127.0.0.1:64826" [_thread_in_native, id=6156, stack(0x0000007922200000,0x0000007922300000)]
  0x000001bdc785a6f0 JavaThread "Cancel handler" [_thread_blocked, id=8240, stack(0x0000007922300000,0x0000007922400000)]
  0x000001bdc785a220 JavaThread "Daemon worker" [_thread_in_vm, id=7256, stack(0x0000007922400000,0x0000007922500000)]
  0x000001bdc7859880 JavaThread "Asynchronous log dispatcher for DefaultDaemonConnection: socket connection from /127.0.0.1:64825 to /127.0.0.1:64826" [_thread_blocked, id=8752, stack(0x0000007922500000,0x0000007922600000)]
  0x000001bdc7859d50 JavaThread "Stdin handler" [_thread_blocked, id=8448, stack(0x0000007922600000,0x0000007922700000)]
  0x000001bdc785abc0 JavaThread "Daemon client event forwarder" [_thread_blocked, id=604, stack(0x0000007922700000,0x0000007922800000)]
  0x000001bdc785b090 JavaThread "Cache worker for journal cache (C:\Users\joaom\.gradle\caches\journal-1)" [_thread_blocked, id=3920, stack(0x0000007922800000,0x0000007922900000)]
  0x000001bdc585da40 JavaThread "File lock request listener" [_thread_in_native, id=9668, stack(0x0000007922900000,0x0000007922a00000)]
  0x000001bdc585df10 JavaThread "Cache worker for file hash cache (C:\Users\joaom\.gradle\caches\8.0\fileHashes)" [_thread_blocked, id=17968, stack(0x0000007922a00000,0x0000007922b00000)]
  0x000001bdc585bd60 JavaThread "File watcher server" daemon [_thread_in_native, id=15396, stack(0x0000007922c00000,0x0000007922d00000)]
  0x000001bdc585b3c0 JavaThread "File watcher consumer" daemon [_thread_blocked, id=15776, stack(0x0000007922d00000,0x0000007922e00000)]
  0x000001bdc58596e0 JavaThread "Cache worker for checksums cache (C:\AndroidStudio\NEEI_IPT\.gradle\8.0\checksums)" [_thread_blocked, id=5780, stack(0x0000007922e00000,0x0000007922f00000)]
  0x000001bdc5857a00 JavaThread "Cache worker for cache directory md-rule (C:\Users\joaom\.gradle\caches\8.0\md-rule)" [_thread_blocked, id=12872, stack(0x0000007922f00000,0x0000007923000000)]
  0x000001bdc585e3e0 JavaThread "Cache worker for file content cache (C:\Users\joaom\.gradle\caches\8.0\fileContent)" [_thread_blocked, id=10632, stack(0x0000007923000000,0x0000007923100000)]
  0x000001bdc5857ed0 JavaThread "Cache worker for file hash cache (C:\AndroidStudio\NEEI_IPT\.gradle\8.0\fileHashes)" [_thread_blocked, id=14212, stack(0x0000007923100000,0x0000007923200000)]
  0x000001bdc5858d40 JavaThread "Cache worker for cache directory md-supplier (C:\Users\joaom\.gradle\caches\8.0\md-supplier)" [_thread_blocked, id=10752, stack(0x0000007923200000,0x0000007923300000)]
  0x000001bdc585d0a0 JavaThread "Cache worker for execution history cache (C:\Users\joaom\.gradle\caches\8.0\executionHistory)" [_thread_blocked, id=10348, stack(0x0000007923300000,0x0000007923400000)]
  0x000001bdc5859bb0 JavaThread "jar transforms" [_thread_blocked, id=18316, stack(0x0000007923400000,0x0000007923500000)]
  0x000001bdc585aef0 JavaThread "jar transforms Thread 2" [_thread_blocked, id=16448, stack(0x0000007923500000,0x0000007923600000)]
  0x000001bdc585c230 JavaThread "Cache worker for kotlin-dsl (C:\Users\joaom\.gradle\caches\8.0\kotlin-dsl)" [_thread_blocked, id=14680, stack(0x0000007923600000,0x0000007923700000)]
  0x000001bdc585b890 JavaThread "jar transforms Thread 3" [_thread_blocked, id=5168, stack(0x0000007923700000,0x0000007923800000)]
  0x000001bdc5857060 JavaThread "jar transforms Thread 4" [_thread_blocked, id=1228, stack(0x0000007923800000,0x0000007923900000)]
  0x000001bdc585cbd0 JavaThread "Cache worker for dependencies-accessors (C:\AndroidStudio\NEEI_IPT\.gradle\8.0\dependencies-accessors)" [_thread_blocked, id=18280, stack(0x0000007923900000,0x0000007923a00000)]
  0x000001bdc585aa20 JavaThread "Cache worker for Build Output Cleanup Cache (C:\AndroidStudio\NEEI_IPT\.gradle\buildOutputCleanup)" [_thread_blocked, id=16904, stack(0x0000007923a00000,0x0000007923b00000)]
  0x000001bdc585e8b0 JavaThread "Unconstrained build operations" [_thread_blocked, id=11076, stack(0x0000007922b00000,0x0000007922c00000)]
  0x000001bdca3cc100 JavaThread "Unconstrained build operations Thread 2" [_thread_blocked, id=5956, stack(0x0000007923c00000,0x0000007923d00000)]
  0x000001bdca3ccaa0 JavaThread "Unconstrained build operations Thread 3" [_thread_blocked, id=7460, stack(0x0000007923d00000,0x0000007923e00000)]
  0x000001bdca3cb290 JavaThread "Unconstrained build operations Thread 4" [_thread_blocked, id=12916, stack(0x0000007923e00000,0x0000007923f00000)]
  0x000001bdca3c9f50 JavaThread "Unconstrained build operations Thread 5" [_thread_blocked, id=6016, stack(0x0000007923f00000,0x0000007924000000)]
  0x000001bdca3cd910 JavaThread "Unconstrained build operations Thread 6" [_thread_blocked, id=6704, stack(0x0000007924000000,0x0000007924100000)]
  0x000001bdca3cadc0 JavaThread "Unconstrained build operations Thread 7" [_thread_blocked, id=10580, stack(0x0000007924100000,0x0000007924200000)]
  0x000001bdca3ccf70 JavaThread "Unconstrained build operations Thread 8" [_thread_blocked, id=3952, stack(0x0000007924200000,0x0000007924300000)]
  0x000001bdca3cb760 JavaThread "Unconstrained build operations Thread 9" [_thread_blocked, id=18336, stack(0x0000007924300000,0x0000007924400000)]
  0x000001bdca3ca420 JavaThread "Unconstrained build operations Thread 10" [_thread_blocked, id=16528, stack(0x0000007924400000,0x0000007924500000)]
  0x000001bdca3ca8f0 JavaThread "Unconstrained build operations Thread 11" [_thread_blocked, id=13512, stack(0x0000007924500000,0x0000007924600000)]
  0x000001bdca3cbc30 JavaThread "Unconstrained build operations Thread 12" [_thread_blocked, id=5328, stack(0x0000007924600000,0x0000007924700000)]
  0x000001bdca3cc5d0 JavaThread "Unconstrained build operations Thread 13" [_thread_blocked, id=9052, stack(0x0000007924700000,0x0000007924800000)]
  0x000001bdca3cd440 JavaThread "Unconstrained build operations Thread 14" [_thread_blocked, id=5124, stack(0x0000007924800000,0x0000007924900000)]
  0x000001bdc9713320 JavaThread "Unconstrained build operations Thread 15" [_thread_blocked, id=17260, stack(0x0000007924900000,0x0000007924a00000)]
  0x000001bdc9714b30 JavaThread "Unconstrained build operations Thread 16" [_thread_blocked, id=12188, stack(0x0000007924a00000,0x0000007924b00000)]
  0x000001bdc9715000 JavaThread "Unconstrained build operations Thread 17" [_thread_blocked, id=13240, stack(0x0000007924b00000,0x0000007924c00000)]
  0x000001bdc97189c0 JavaThread "Unconstrained build operations Thread 18" [_thread_blocked, id=11620, stack(0x0000007924c00000,0x0000007924d00000)]
  0x000001bdc9718020 JavaThread "Unconstrained build operations Thread 19" [_thread_blocked, id=16324, stack(0x0000007924d00000,0x0000007924e00000)]
  0x000001bdc97159a0 JavaThread "Unconstrained build operations Thread 20" [_thread_blocked, id=16188, stack(0x0000007924e00000,0x0000007924f00000)]
  0x000001bdc9719360 JavaThread "Unconstrained build operations Thread 21" [_thread_blocked, id=9280, stack(0x0000007924f00000,0x0000007925000000)]
  0x000001bdc97184f0 JavaThread "Unconstrained build operations Thread 22" [_thread_blocked, id=8360, stack(0x0000007925000000,0x0000007925100000)]
  0x000001bdc9718e90 JavaThread "Unconstrained build operations Thread 23" [_thread_blocked, id=16700, stack(0x0000007925100000,0x0000007925200000)]
  0x000001bdc9719830 JavaThread "Unconstrained build operations Thread 24" [_thread_blocked, id=8432, stack(0x0000007925200000,0x0000007925300000)]
  0x000001bdc9719d00 JavaThread "Unconstrained build operations Thread 25" [_thread_blocked, id=11660, stack(0x0000007925300000,0x0000007925400000)]
  0x000001bdc97171b0 JavaThread "Unconstrained build operations Thread 26" [_thread_blocked, id=15844, stack(0x0000007925400000,0x0000007925500000)]
  0x000001bdc97154d0 JavaThread "Unconstrained build operations Thread 27" [_thread_blocked, id=10000, stack(0x0000007925500000,0x0000007925600000)]
  0x000001bdc971a6a0 JavaThread "Unconstrained build operations Thread 28" [_thread_blocked, id=13976, stack(0x0000007925600000,0x0000007925700000)]
  0x000001bdc9715e70 JavaThread "Unconstrained build operations Thread 29" [_thread_blocked, id=18148, stack(0x0000007925700000,0x0000007925800000)]
  0x000001bdc971a1d0 JavaThread "Unconstrained build operations Thread 30" [_thread_blocked, id=6784, stack(0x0000007925800000,0x0000007925900000)]
  0x000001bdc9712e50 JavaThread "Unconstrained build operations Thread 31" [_thread_blocked, id=3144, stack(0x0000007925900000,0x0000007925a00000)]
  0x000001bdc9714660 JavaThread "Unconstrained build operations Thread 32" [_thread_blocked, id=10836, stack(0x0000007925a00000,0x0000007925b00000)]
  0x000001bdc97137f0 JavaThread "Unconstrained build operations Thread 33" [_thread_blocked, id=11896, stack(0x0000007925b00000,0x0000007925c00000)]
  0x000001bdc9713cc0 JavaThread "Unconstrained build operations Thread 34" [_thread_blocked, id=8920, stack(0x0000007925c00000,0x0000007925d00000)]
  0x000001bdc9714190 JavaThread "Unconstrained build operations Thread 35" [_thread_blocked, id=16348, stack(0x0000007925d00000,0x0000007925e00000)]
  0x000001bdc9716340 JavaThread "Unconstrained build operations Thread 36" [_thread_blocked, id=16244, stack(0x0000007925e00000,0x0000007925f00000)]
  0x000001bdc9716810 JavaThread "Unconstrained build operations Thread 37" [_thread_blocked, id=15992, stack(0x0000007925f00000,0x0000007926000000)]
  0x000001bdc9716ce0 JavaThread "Unconstrained build operations Thread 38" [_thread_blocked, id=4604, stack(0x0000007926000000,0x0000007926100000)]
  0x000001bdc9717680 JavaThread "Unconstrained build operations Thread 39" [_thread_blocked, id=11228, stack(0x0000007926100000,0x0000007926200000)]
  0x000001bdc9717b50 JavaThread "Unconstrained build operations Thread 40" [_thread_blocked, id=9356, stack(0x0000007926200000,0x0000007926300000)]
=>0x000001bdc57b0760 JavaThread "C2 CompilerThread1" daemon [_thread_in_native, id=16732, stack(0x0000007926300000,0x0000007926400000)]
  0x000001bdc97762a0 JavaThread "build event listener" [_thread_blocked, id=12220, stack(0x0000007926400000,0x0000007926500000)]
  0x000001bdc9777110 JavaThread "Memory manager" [_thread_blocked, id=11184, stack(0x0000007926500000,0x0000007926600000)]
  0x000001bdc97715a0 JavaThread "build event listener" [_thread_blocked, id=9720, stack(0x0000007926600000,0x0000007926700000)]
  0x000001bdc97740f0 JavaThread "build event listener" [_thread_blocked, id=13356, stack(0x0000007926700000,0x0000007926800000)]

Other Threads:
  0x000001bdc3623f50 VMThread "VM Thread" [stack: 0x0000007920e00000,0x0000007920f00000] [id=8116]
  0x000001bdc41efb10 WatcherThread [stack: 0x0000007921a00000,0x0000007921b00000] [id=18252]
  0x000001bdaa0c84f0 GCTaskThread "GC Thread#0" [stack: 0x0000007920900000,0x0000007920a00000] [id=9844]
  0x000001bdc48dd8e0 GCTaskThread "GC Thread#1" [stack: 0x0000007921c00000,0x0000007921d00000] [id=2684]
  0x000001bdc4a67d30 GCTaskThread "GC Thread#2" [stack: 0x0000007921d00000,0x0000007921e00000] [id=6444]
  0x000001bdc48fdbc0 GCTaskThread "GC Thread#3" [stack: 0x0000007921e00000,0x0000007921f00000] [id=17500]
  0x000001bdaa0d9340 ConcurrentGCThread "G1 Main Marker" [stack: 0x0000007920a00000,0x0000007920b00000] [id=1404]
  0x000001bdaa0d9c60 ConcurrentGCThread "G1 Conc#0" [stack: 0x0000007920b00000,0x0000007920c00000] [id=6992]
  0x000001bdaa13d980 ConcurrentGCThread "G1 Refine#0" [stack: 0x0000007920c00000,0x0000007920d00000] [id=12296]
  0x000001bdc34d6560 ConcurrentGCThread "G1 Service" [stack: 0x0000007920d00000,0x0000007920e00000] [id=12284]

Threads with active compile tasks:
C2 CompilerThread0    12943 7613   !   4       java.net.URLClassLoader::findClass (47 bytes)
C2 CompilerThread1    12943 7614       4       java.net.URLClassLoader$1::run (5 bytes)

VM state: not at safepoint (normal execution)

VM Mutex/Monitor currently owned by a thread: None

Heap address: 0x0000000080000000, size: 2048 MB, Compressed Oops mode: 32-bit

CDS archive(s) not mapped
Compressed class space mapped at: 0x0000000100000000-0x0000000140000000, reserved size: 1073741824
Narrow klass base: 0x0000000000000000, Narrow klass shift: 3, Narrow klass range: 0x140000000

GC Precious Log:
 CPUs: 4 total, 4 available
 Memory: 16276M
 Large Page Support: Disabled
 NUMA Support: Disabled
 Compressed Oops: Enabled (32-bit)
 Heap Region Size: 1M
 Heap Min Capacity: 8M
 Heap Initial Capacity: 256M
 Heap Max Capacity: 2G
 Pre-touch: Disabled
 Parallel Workers: 4
 Concurrent Workers: 1
 Concurrent Refinement Workers: 4
 Periodic GC: Disabled

Heap:
 garbage-first heap   total 152576K, used 81499K [0x0000000080000000, 0x0000000100000000)
  region size 1024K, 21 young (21504K), 3 survivors (3072K)
 Metaspace       used 79773K, committed 80384K, reserved 1122304K
  class space    used 11064K, committed 11328K, reserved 1048576K

Heap Regions: E=young(eden), S=young(survivor), O=old, HS=humongous(starts), HC=humongous(continues), CS=collection set, F=free, OA=open archive, CA=closed archive, TAMS=top-at-mark-start (previous, next)
|   0|0x0000000080000000, 0x0000000080100000, 0x0000000080100000|100%| O|  |TAMS 0x0000000080100000, 0x0000000080000000| Untracked 
|   1|0x0000000080100000, 0x0000000080200000, 0x0000000080200000|100%| O|  |TAMS 0x0000000080200000, 0x0000000080100000| Untracked 
|   2|0x0000000080200000, 0x0000000080300000, 0x0000000080300000|100%|HS|  |TAMS 0x0000000080300000, 0x0000000080200000| Complete 
|   3|0x0000000080300000, 0x0000000080400000, 0x0000000080400000|100%|HC|  |TAMS 0x0000000080400000, 0x0000000080300000| Complete 
|   4|0x0000000080400000, 0x0000000080500000, 0x0000000080500000|100%|HC|  |TAMS 0x0000000080500000, 0x0000000080400000| Complete 
|   5|0x0000000080500000, 0x0000000080600000, 0x0000000080600000|100%|HC|  |TAMS 0x0000000080600000, 0x0000000080500000| Complete 
|   6|0x0000000080600000, 0x0000000080700000, 0x0000000080700000|100%| O|  |TAMS 0x0000000080700000, 0x0000000080600000| Untracked 
|   7|0x0000000080700000, 0x0000000080800000, 0x0000000080800000|100%| O|  |TAMS 0x0000000080800000, 0x0000000080700000| Untracked 
|   8|0x0000000080800000, 0x0000000080900000, 0x0000000080900000|100%| O|  |TAMS 0x0000000080900000, 0x0000000080800000| Untracked 
|   9|0x0000000080900000, 0x0000000080a00000, 0x0000000080a00000|100%| O|  |TAMS 0x0000000080a00000, 0x0000000080900000| Untracked 
|  10|0x0000000080a00000, 0x0000000080b00000, 0x0000000080b00000|100%| O|  |TAMS 0x0000000080b00000, 0x0000000080a00000| Untracked 
|  11|0x0000000080b00000, 0x0000000080c00000, 0x0000000080c00000|100%| O|  |TAMS 0x0000000080c00000, 0x0000000080b00000| Untracked 
|  12|0x0000000080c00000, 0x0000000080d00000, 0x0000000080d00000|100%| O|  |TAMS 0x0000000080d00000, 0x0000000080c00000| Untracked 
|  13|0x0000000080d00000, 0x0000000080e00000, 0x0000000080e00000|100%| O|  |TAMS 0x0000000080e00000, 0x0000000080d00000| Untracked 
|  14|0x0000000080e00000, 0x0000000080f00000, 0x0000000080f00000|100%| O|  |TAMS 0x0000000080f00000, 0x0000000080e00000| Untracked 
|  15|0x0000000080f00000, 0x0000000081000000, 0x0000000081000000|100%| O|  |TAMS 0x0000000081000000, 0x0000000080f00000| Untracked 
|  16|0x0000000081000000, 0x0000000081100000, 0x0000000081100000|100%| O|  |TAMS 0x0000000081100000, 0x0000000081000000| Untracked 
|  17|0x0000000081100000, 0x0000000081200000, 0x0000000081200000|100%| O|  |TAMS 0x0000000081200000, 0x0000000081100000| Untracked 
|  18|0x0000000081200000, 0x0000000081300000, 0x0000000081300000|100%| O|  |TAMS 0x0000000081300000, 0x0000000081200000| Untracked 
|  19|0x0000000081300000, 0x0000000081400000, 0x0000000081400000|100%| O|  |TAMS 0x0000000081400000, 0x0000000081300000| Untracked 
|  20|0x0000000081400000, 0x0000000081500000, 0x0000000081500000|100%| O|  |TAMS 0x0000000081500000, 0x0000000081400000| Untracked 
|  21|0x0000000081500000, 0x0000000081600000, 0x0000000081600000|100%| O|  |TAMS 0x0000000081600000, 0x0000000081500000| Untracked 
|  22|0x0000000081600000, 0x0000000081700000, 0x0000000081700000|100%| O|  |TAMS 0x0000000081700000, 0x0000000081600000| Untracked 
|  23|0x0000000081700000, 0x0000000081800000, 0x0000000081800000|100%| O|  |TAMS 0x0000000081800000, 0x0000000081700000| Untracked 
|  24|0x0000000081800000, 0x0000000081900000, 0x0000000081900000|100%| O|  |TAMS 0x0000000081900000, 0x0000000081800000| Untracked 
|  25|0x0000000081900000, 0x0000000081a00000, 0x0000000081a00000|100%| O|  |TAMS 0x0000000081a00000, 0x0000000081900000| Untracked 
|  26|0x0000000081a00000, 0x0000000081b00000, 0x0000000081b00000|100%| O|  |TAMS 0x0000000081b00000, 0x0000000081a00000| Untracked 
|  27|0x0000000081b00000, 0x0000000081c00000, 0x0000000081c00000|100%| O|  |TAMS 0x0000000081c00000, 0x0000000081b00000| Untracked 
|  28|0x0000000081c00000, 0x0000000081d00000, 0x0000000081d00000|100%| O|  |TAMS 0x0000000081d00000, 0x0000000081c00000| Untracked 
|  29|0x0000000081d00000, 0x0000000081e00000, 0x0000000081e00000|100%| O|  |TAMS 0x0000000081e00000, 0x0000000081d00000| Untracked 
|  30|0x0000000081e00000, 0x0000000081f00000, 0x0000000081f00000|100%| O|  |TAMS 0x0000000081f00000, 0x0000000081e00000| Untracked 
|  31|0x0000000081f00000, 0x0000000082000000, 0x0000000082000000|100%| O|  |TAMS 0x0000000082000000, 0x0000000081f00000| Untracked 
|  32|0x0000000082000000, 0x0000000082100000, 0x0000000082100000|100%| O|  |TAMS 0x0000000082100000, 0x0000000082000000| Untracked 
|  33|0x0000000082100000, 0x0000000082200000, 0x0000000082200000|100%| O|  |TAMS 0x0000000082200000, 0x0000000082100000| Untracked 
|  34|0x0000000082200000, 0x0000000082300000, 0x0000000082300000|100%| O|  |TAMS 0x0000000082300000, 0x0000000082200000| Untracked 
|  35|0x0000000082300000, 0x0000000082400000, 0x0000000082400000|100%| O|  |TAMS 0x0000000082400000, 0x0000000082300000| Untracked 
|  36|0x0000000082400000, 0x0000000082500000, 0x0000000082500000|100%| O|  |TAMS 0x0000000082500000, 0x0000000082400000| Untracked 
|  37|0x0000000082500000, 0x0000000082600000, 0x0000000082600000|100%| O|  |TAMS 0x0000000082600000, 0x0000000082500000| Untracked 
|  38|0x0000000082600000, 0x0000000082700000, 0x0000000082700000|100%| O|  |TAMS 0x0000000082700000, 0x0000000082600000| Untracked 
|  39|0x0000000082700000, 0x0000000082800000, 0x0000000082800000|100%| O|  |TAMS 0x0000000082800000, 0x0000000082700000| Untracked 
|  40|0x0000000082800000, 0x0000000082900000, 0x0000000082900000|100%|HS|  |TAMS 0x0000000082900000, 0x0000000082800000| Complete 
|  41|0x0000000082900000, 0x0000000082a00000, 0x0000000082a00000|100%|HS|  |TAMS 0x0000000082a00000, 0x0000000082900000| Complete 
|  42|0x0000000082a00000, 0x0000000082b00000, 0x0000000082b00000|100%|HS|  |TAMS 0x0000000082b00000, 0x0000000082a00000| Complete 
|  43|0x0000000082b00000, 0x0000000082c00000, 0x0000000082c00000|100%|HC|  |TAMS 0x0000000082c00000, 0x0000000082b00000| Complete 
|  44|0x0000000082c00000, 0x0000000082d00000, 0x0000000082d00000|100%|HS|  |TAMS 0x0000000082d00000, 0x0000000082c00000| Complete 
|  45|0x0000000082d00000, 0x0000000082e00000, 0x0000000082e00000|100%| O|  |TAMS 0x0000000082e00000, 0x0000000082d00000| Untracked 
|  46|0x0000000082e00000, 0x0000000082f00000, 0x0000000082f00000|100%|HS|  |TAMS 0x0000000082f00000, 0x0000000082e00000| Complete 
|  47|0x0000000082f00000, 0x0000000083000000, 0x0000000083000000|100%|HC|  |TAMS 0x0000000083000000, 0x0000000082f00000| Complete 
|  48|0x0000000083000000, 0x0000000083100000, 0x0000000083100000|100%|HC|  |TAMS 0x0000000083100000, 0x0000000083000000| Complete 
|  49|0x0000000083100000, 0x0000000083200000, 0x0000000083200000|100%|HC|  |TAMS 0x0000000083200000, 0x0000000083100000| Complete 
|  50|0x0000000083200000, 0x0000000083300000, 0x0000000083300000|100%| O|  |TAMS 0x0000000083300000, 0x0000000083200000| Untracked 
|  51|0x0000000083300000, 0x0000000083400000, 0x0000000083400000|100%| O|  |TAMS 0x0000000083400000, 0x0000000083300000| Untracked 
|  52|0x0000000083400000, 0x0000000083500000, 0x0000000083500000|100%| O|  |TAMS 0x0000000083500000, 0x0000000083400000| Untracked 
|  53|0x0000000083500000, 0x0000000083600000, 0x0000000083600000|100%| O|  |TAMS 0x0000000083600000, 0x0000000083500000| Untracked 
|  54|0x0000000083600000, 0x0000000083700000, 0x0000000083700000|100%| O|  |TAMS 0x0000000083700000, 0x0000000083600000| Untracked 
|  55|0x0000000083700000, 0x0000000083800000, 0x0000000083800000|100%| O|  |TAMS 0x0000000083800000, 0x0000000083700000| Untracked 
|  56|0x0000000083800000, 0x0000000083800000, 0x0000000083900000|  0%| F|  |TAMS 0x0000000083800000, 0x0000000083800000| Untracked 
|  57|0x0000000083900000, 0x0000000083a00000, 0x0000000083a00000|100%| O|  |TAMS 0x0000000083a00000, 0x0000000083900000| Untracked 
|  58|0x0000000083a00000, 0x0000000083b00000, 0x0000000083b00000|100%| O|  |TAMS 0x0000000083b00000, 0x0000000083a00000| Untracked 
|  59|0x0000000083b00000, 0x0000000083b00000, 0x0000000083c00000|  0%| F|  |TAMS 0x0000000083b00000, 0x0000000083b00000| Untracked 
|  60|0x0000000083c00000, 0x0000000083c00000, 0x0000000083d00000|  0%| F|  |TAMS 0x0000000083c00000, 0x0000000083c00000| Untracked 
|  61|0x0000000083d00000, 0x0000000083d00000, 0x0000000083e00000|  0%| F|  |TAMS 0x0000000083d00000, 0x0000000083d00000| Untracked 
|  62|0x0000000083e00000, 0x0000000083e00000, 0x0000000083f00000|  0%| F|  |TAMS 0x0000000083e00000, 0x0000000083e00000| Untracked 
|  63|0x0000000083f00000, 0x0000000083f00000, 0x0000000084000000|  0%| F|  |TAMS 0x0000000083f00000, 0x0000000083f00000| Untracked 
|  64|0x0000000084000000, 0x0000000084100000, 0x0000000084100000|100%| O|  |TAMS 0x0000000084100000, 0x0000000084000000| Untracked 
|  65|0x0000000084100000, 0x00000000841a5c00, 0x0000000084200000| 64%| O|  |TAMS 0x00000000841a5c00, 0x0000000084100000| Untracked 
|  66|0x0000000084200000, 0x0000000084200000, 0x0000000084300000|  0%| F|  |TAMS 0x0000000084200000, 0x0000000084200000| Untracked 
|  67|0x0000000084300000, 0x0000000084300000, 0x0000000084400000|  0%| F|  |TAMS 0x0000000084300000, 0x0000000084300000| Untracked 
|  68|0x0000000084400000, 0x0000000084400000, 0x0000000084500000|  0%| F|  |TAMS 0x0000000084400000, 0x0000000084400000| Untracked 
|  69|0x0000000084500000, 0x0000000084500000, 0x0000000084600000|  0%| F|  |TAMS 0x0000000084500000, 0x0000000084500000| Untracked 
|  70|0x0000000084600000, 0x0000000084600000, 0x0000000084700000|  0%| F|  |TAMS 0x0000000084600000, 0x0000000084600000| Untracked 
|  71|0x0000000084700000, 0x0000000084700000, 0x0000000084800000|  0%| F|  |TAMS 0x0000000084700000, 0x0000000084700000| Untracked 
|  72|0x0000000084800000, 0x0000000084800000, 0x0000000084900000|  0%| F|  |TAMS 0x0000000084800000, 0x0000000084800000| Untracked 
|  73|0x0000000084900000, 0x0000000084900000, 0x0000000084a00000|  0%| F|  |TAMS 0x0000000084900000, 0x0000000084900000| Untracked 
|  74|0x0000000084a00000, 0x0000000084a00000, 0x0000000084b00000|  0%| F|  |TAMS 0x0000000084a00000, 0x0000000084a00000| Untracked 
|  75|0x0000000084b00000, 0x0000000084b00000, 0x0000000084c00000|  0%| F|  |TAMS 0x0000000084b00000, 0x0000000084b00000| Untracked 
|  76|0x0000000084c00000, 0x0000000084c00000, 0x0000000084d00000|  0%| F|  |TAMS 0x0000000084c00000, 0x0000000084c00000| Untracked 
|  77|0x0000000084d00000, 0x0000000084d00000, 0x0000000084e00000|  0%| F|  |TAMS 0x0000000084d00000, 0x0000000084d00000| Untracked 
|  78|0x0000000084e00000, 0x0000000084e00000, 0x0000000084f00000|  0%| F|  |TAMS 0x0000000084e00000, 0x0000000084e00000| Untracked 
|  79|0x0000000084f00000, 0x0000000084f00000, 0x0000000085000000|  0%| F|  |TAMS 0x0000000084f00000, 0x0000000084f00000| Untracked 
|  80|0x0000000085000000, 0x0000000085000000, 0x0000000085100000|  0%| F|  |TAMS 0x0000000085000000, 0x0000000085000000| Untracked 
|  81|0x0000000085100000, 0x0000000085100000, 0x0000000085200000|  0%| F|  |TAMS 0x0000000085100000, 0x0000000085100000| Untracked 
|  82|0x0000000085200000, 0x0000000085200000, 0x0000000085300000|  0%| F|  |TAMS 0x0000000085200000, 0x0000000085200000| Untracked 
|  83|0x0000000085300000, 0x0000000085300000, 0x0000000085400000|  0%| F|  |TAMS 0x0000000085300000, 0x0000000085300000| Untracked 
|  84|0x0000000085400000, 0x0000000085400000, 0x0000000085500000|  0%| F|  |TAMS 0x0000000085400000, 0x0000000085400000| Untracked 
|  85|0x0000000085500000, 0x0000000085500000, 0x0000000085600000|  0%| F|  |TAMS 0x0000000085500000, 0x0000000085500000| Untracked 
|  86|0x0000000085600000, 0x0000000085600000, 0x0000000085700000|  0%| F|  |TAMS 0x0000000085600000, 0x0000000085600000| Untracked 
|  87|0x0000000085700000, 0x0000000085700000, 0x0000000085800000|  0%| F|  |TAMS 0x0000000085700000, 0x0000000085700000| Untracked 
|  88|0x0000000085800000, 0x0000000085800000, 0x0000000085900000|  0%| F|  |TAMS 0x0000000085800000, 0x0000000085800000| Untracked 
|  89|0x0000000085900000, 0x0000000085900000, 0x0000000085a00000|  0%| F|  |TAMS 0x0000000085900000, 0x0000000085900000| Untracked 
|  90|0x0000000085a00000, 0x0000000085a00000, 0x0000000085b00000|  0%| F|  |TAMS 0x0000000085a00000, 0x0000000085a00000| Untracked 
|  91|0x0000000085b00000, 0x0000000085bf1088, 0x0000000085c00000| 94%| S|CS|TAMS 0x0000000085b00000, 0x0000000085b00000| Complete 
|  92|0x0000000085c00000, 0x0000000085d00000, 0x0000000085d00000|100%| S|CS|TAMS 0x0000000085c00000, 0x0000000085c00000| Complete 
|  93|0x0000000085d00000, 0x0000000085e00000, 0x0000000085e00000|100%| S|CS|TAMS 0x0000000085d00000, 0x0000000085d00000| Complete 
|  94|0x0000000085e00000, 0x0000000085e00000, 0x0000000085f00000|  0%| F|  |TAMS 0x0000000085e00000, 0x0000000085e00000| Untracked 
|  95|0x0000000085f00000, 0x0000000085f00000, 0x0000000086000000|  0%| F|  |TAMS 0x0000000085f00000, 0x0000000085f00000| Untracked 
|  96|0x0000000086000000, 0x0000000086000000, 0x0000000086100000|  0%| F|  |TAMS 0x0000000086000000, 0x0000000086000000| Untracked 
|  97|0x0000000086100000, 0x0000000086100000, 0x0000000086200000|  0%| F|  |TAMS 0x0000000086100000, 0x0000000086100000| Untracked 
|  98|0x0000000086200000, 0x0000000086200000, 0x0000000086300000|  0%| F|  |TAMS 0x0000000086200000, 0x0000000086200000| Untracked 
|  99|0x0000000086300000, 0x0000000086300000, 0x0000000086400000|  0%| F|  |TAMS 0x0000000086300000, 0x0000000086300000| Untracked 
| 100|0x0000000086400000, 0x0000000086400000, 0x0000000086500000|  0%| F|  |TAMS 0x0000000086400000, 0x0000000086400000| Untracked 
| 101|0x0000000086500000, 0x0000000086500000, 0x0000000086600000|  0%| F|  |TAMS 0x0000000086500000, 0x0000000086500000| Untracked 
| 102|0x0000000086600000, 0x0000000086600000, 0x0000000086700000|  0%| F|  |TAMS 0x0000000086600000, 0x0000000086600000| Untracked 
| 103|0x0000000086700000, 0x0000000086700000, 0x0000000086800000|  0%| F|  |TAMS 0x0000000086700000, 0x0000000086700000| Untracked 
| 104|0x0000000086800000, 0x0000000086800000, 0x0000000086900000|  0%| F|  |TAMS 0x0000000086800000, 0x0000000086800000| Untracked 
| 105|0x0000000086900000, 0x0000000086900000, 0x0000000086a00000|  0%| F|  |TAMS 0x0000000086900000, 0x0000000086900000| Untracked 
| 106|0x0000000086a00000, 0x0000000086a00000, 0x0000000086b00000|  0%| F|  |TAMS 0x0000000086a00000, 0x0000000086a00000| Untracked 
| 107|0x0000000086b00000, 0x0000000086b00000, 0x0000000086c00000|  0%| F|  |TAMS 0x0000000086b00000, 0x0000000086b00000| Untracked 
| 108|0x0000000086c00000, 0x0000000086c00000, 0x0000000086d00000|  0%| F|  |TAMS 0x0000000086c00000, 0x0000000086c00000| Untracked 
| 109|0x0000000086d00000, 0x0000000086d00000, 0x0000000086e00000|  0%| F|  |TAMS 0x0000000086d00000, 0x0000000086d00000| Untracked 
| 110|0x0000000086e00000, 0x0000000086e00000, 0x0000000086f00000|  0%| F|  |TAMS 0x0000000086e00000, 0x0000000086e00000| Untracked 
| 111|0x0000000086f00000, 0x0000000086f00000, 0x0000000087000000|  0%| F|  |TAMS 0x0000000086f00000, 0x0000000086f00000| Untracked 
| 112|0x0000000087000000, 0x0000000087000000, 0x0000000087100000|  0%| F|  |TAMS 0x0000000087000000, 0x0000000087000000| Untracked 
| 113|0x0000000087100000, 0x0000000087100000, 0x0000000087200000|  0%| F|  |TAMS 0x0000000087100000, 0x0000000087100000| Untracked 
| 114|0x0000000087200000, 0x0000000087200000, 0x0000000087300000|  0%| F|  |TAMS 0x0000000087200000, 0x0000000087200000| Untracked 
| 115|0x0000000087300000, 0x0000000087300000, 0x0000000087400000|  0%| F|  |TAMS 0x0000000087300000, 0x0000000087300000| Untracked 
| 116|0x0000000087400000, 0x0000000087400000, 0x0000000087500000|  0%| F|  |TAMS 0x0000000087400000, 0x0000000087400000| Untracked 
| 117|0x0000000087500000, 0x0000000087500000, 0x0000000087600000|  0%| F|  |TAMS 0x0000000087500000, 0x0000000087500000| Untracked 
| 118|0x0000000087600000, 0x0000000087600000, 0x0000000087700000|  0%| F|  |TAMS 0x0000000087600000, 0x0000000087600000| Untracked 
| 119|0x0000000087700000, 0x0000000087700000, 0x0000000087800000|  0%| F|  |TAMS 0x0000000087700000, 0x0000000087700000| Untracked 
| 120|0x0000000087800000, 0x0000000087800000, 0x0000000087900000|  0%| F|  |TAMS 0x0000000087800000, 0x0000000087800000| Untracked 
| 121|0x0000000087900000, 0x0000000087900000, 0x0000000087a00000|  0%| F|  |TAMS 0x0000000087900000, 0x0000000087900000| Untracked 
| 122|0x0000000087a00000, 0x0000000087a00000, 0x0000000087b00000|  0%| F|  |TAMS 0x0000000087a00000, 0x0000000087a00000| Untracked 
| 123|0x0000000087b00000, 0x0000000087b00000, 0x0000000087c00000|  0%| F|  |TAMS 0x0000000087b00000, 0x0000000087b00000| Untracked 
| 124|0x0000000087c00000, 0x0000000087c00000, 0x0000000087d00000|  0%| F|  |TAMS 0x0000000087c00000, 0x0000000087c00000| Untracked 
| 125|0x0000000087d00000, 0x0000000087d00000, 0x0000000087e00000|  0%| F|  |TAMS 0x0000000087d00000, 0x0000000087d00000| Untracked 
| 126|0x0000000087e00000, 0x0000000087e00000, 0x0000000087f00000|  0%| F|  |TAMS 0x0000000087e00000, 0x0000000087e00000| Untracked 
| 127|0x0000000087f00000, 0x0000000087f00000, 0x0000000088000000|  0%| F|  |TAMS 0x0000000087f00000, 0x0000000087f00000| Untracked 
| 128|0x0000000088000000, 0x0000000088000000, 0x0000000088100000|  0%| F|  |TAMS 0x0000000088000000, 0x0000000088000000| Untracked 
| 129|0x0000000088100000, 0x0000000088100000, 0x0000000088200000|  0%| F|  |TAMS 0x0000000088100000, 0x0000000088100000| Untracked 
| 130|0x0000000088200000, 0x0000000088280800, 0x0000000088300000| 50%| E|  |TAMS 0x0000000088200000, 0x0000000088200000| Complete 
| 131|0x0000000088300000, 0x0000000088400000, 0x0000000088400000|100%| E|CS|TAMS 0x0000000088300000, 0x0000000088300000| Complete 
| 132|0x0000000088400000, 0x0000000088500000, 0x0000000088500000|100%| E|CS|TAMS 0x0000000088400000, 0x0000000088400000| Complete 
| 133|0x0000000088500000, 0x0000000088600000, 0x0000000088600000|100%| E|CS|TAMS 0x0000000088500000, 0x0000000088500000| Complete 
| 134|0x0000000088600000, 0x0000000088700000, 0x0000000088700000|100%| E|CS|TAMS 0x0000000088600000, 0x0000000088600000| Complete 
| 135|0x0000000088700000, 0x0000000088800000, 0x0000000088800000|100%| E|CS|TAMS 0x0000000088700000, 0x0000000088700000| Complete 
| 136|0x0000000088800000, 0x0000000088900000, 0x0000000088900000|100%| E|CS|TAMS 0x0000000088800000, 0x0000000088800000| Complete 
| 137|0x0000000088900000, 0x0000000088a00000, 0x0000000088a00000|100%| E|CS|TAMS 0x0000000088900000, 0x0000000088900000| Complete 
| 138|0x0000000088a00000, 0x0000000088b00000, 0x0000000088b00000|100%| E|CS|TAMS 0x0000000088a00000, 0x0000000088a00000| Complete 
| 139|0x0000000088b00000, 0x0000000088c00000, 0x0000000088c00000|100%| E|CS|TAMS 0x0000000088b00000, 0x0000000088b00000| Complete 
| 207|0x000000008cf00000, 0x000000008d000000, 0x000000008d000000|100%| E|CS|TAMS 0x000000008cf00000, 0x000000008cf00000| Complete 
| 208|0x000000008d000000, 0x000000008d100000, 0x000000008d100000|100%| E|CS|TAMS 0x000000008d000000, 0x000000008d000000| Complete 
| 209|0x000000008d100000, 0x000000008d200000, 0x000000008d200000|100%| E|CS|TAMS 0x000000008d100000, 0x000000008d100000| Complete 
| 210|0x000000008d200000, 0x000000008d300000, 0x000000008d300000|100%| E|CS|TAMS 0x000000008d200000, 0x000000008d200000| Complete 
| 211|0x000000008d300000, 0x000000008d400000, 0x000000008d400000|100%| E|CS|TAMS 0x000000008d300000, 0x000000008d300000| Complete 
| 212|0x000000008d400000, 0x000000008d500000, 0x000000008d500000|100%| E|CS|TAMS 0x000000008d400000, 0x000000008d400000| Complete 
| 213|0x000000008d500000, 0x000000008d600000, 0x000000008d600000|100%| E|CS|TAMS 0x000000008d500000, 0x000000008d500000| Complete 
| 214|0x000000008d600000, 0x000000008d700000, 0x000000008d700000|100%| E|CS|TAMS 0x000000008d600000, 0x000000008d600000| Complete 
| 255|0x000000008ff00000, 0x0000000090000000, 0x0000000090000000|100%| E|CS|TAMS 0x000000008ff00000, 0x000000008ff00000| Complete 

Card table byte_map: [0x000001bdbc940000,0x000001bdbcd40000] _byte_map_base: 0x000001bdbc540000

Marking Bits (Prev, Next): (CMBitMap*) 0x000001bdaa0c8a50, (CMBitMap*) 0x000001bdaa0c8a10
 Prev Bits: [0x000001bdbf140000, 0x000001bdc1140000)
 Next Bits: [0x000001bdbd140000, 0x000001bdbf140000)

Polling page: 0x000001bda7ed0000

Metaspace:

Usage:
  Non-class:     67.13 MB used.
      Class:     10.81 MB used.
       Both:     77.95 MB used.

Virtual space:
  Non-class space:       72.00 MB reserved,      67.50 MB ( 94%) committed,  9 nodes.
      Class space:        1.00 GB reserved,      11.06 MB (  1%) committed,  1 nodes.
             Both:        1.07 GB reserved,      78.56 MB (  7%) committed. 

Chunk freelists:
   Non-Class:  3.98 MB
       Class:  903.00 KB
        Both:  4.87 MB

MaxMetaspaceSize: unlimited
CompressedClassSpaceSize: 1.00 GB
Initial GC threshold: 21.00 MB
Current GC threshold: 128.25 MB
CDS: off
MetaspaceReclaimPolicy: balanced
 - commit_granule_bytes: 65536.
 - commit_granule_words: 8192.
 - virtual_space_node_default_size: 1048576.
 - enlarge_chunks_in_place: 1.
 - new_chunks_are_fully_committed: 0.
 - uncommit_free_chunks: 1.
 - use_allocation_guard: 0.
 - handle_deallocations: 1.


Internal statistics:

num_allocs_failed_limit: 9.
num_arena_births: 842.
num_arena_deaths: 0.
num_vsnodes_births: 10.
num_vsnodes_deaths: 0.
num_space_committed: 1257.
num_space_uncommitted: 0.
num_chunks_returned_to_freelist: 9.
num_chunks_taken_from_freelist: 3418.
num_chunk_merges: 9.
num_chunk_splits: 2308.
num_chunks_enlarged: 1614.
num_purges: 0.
num_inconsistent_stats: 0.

CodeHeap 'non-profiled nmethods': size=120000Kb used=3869Kb max_used=3869Kb free=116130Kb
 bounds [0x000001bdb5010000, 0x000001bdb53e0000, 0x000001bdbc540000]
CodeHeap 'profiled nmethods': size=120000Kb used=13110Kb max_used=13110Kb free=106889Kb
 bounds [0x000001bdad540000, 0x000001bdae210000, 0x000001bdb4a70000]
CodeHeap 'non-nmethods': size=5760Kb used=2409Kb max_used=2481Kb free=3350Kb
 bounds [0x000001bdb4a70000, 0x000001bdb4ce0000, 0x000001bdb5010000]
 total_blobs=7818 nmethods=6871 adapters=859
 compilation: enabled
              stopped_count=0, restarted_count=0
 full_count=0

Compilation events (20 events):
Event: 12.838 Thread 0x000001bdc40667a0 7655       3       org.gradle.internal.operations.DefaultBuildOperationListenerManager$1::started (47 bytes)
Event: 12.838 Thread 0x000001bdc40667a0 nmethod 7655 0x000001bdae202290 code [0x000001bdae202480, 0x000001bdae2029c8]
Event: 12.852 Thread 0x000001bdc40667a0 7656       3       java.util.concurrent.ThreadPoolExecutor$Worker::unlock (7 bytes)
Event: 12.853 Thread 0x000001bdc40667a0 nmethod 7656 0x000001bdae202b90 code [0x000001bdae202d40, 0x000001bdae202fa8]
Event: 12.853 Thread 0x000001bdc40667a0 7657       3       java.util.concurrent.ThreadPoolExecutor$Worker::tryRelease (12 bytes)
Event: 12.853 Thread 0x000001bdc40667a0 nmethod 7657 0x000001bdae203090 code [0x000001bdae203220, 0x000001bdae203398]
Event: 12.856 Thread 0x000001bdc40667a0 7658       3       java.util.regex.Pattern::compile (500 bytes)
Event: 12.857 Thread 0x000001bdc40667a0 nmethod 7658 0x000001bdae203410 code [0x000001bdae2038c0, 0x000001bdae2065a8]
Event: 12.861 Thread 0x000001bdc40667a0 7659       3       jdk.proxy1.$Proxy5::<init> (6 bytes)
Event: 12.861 Thread 0x000001bdc40667a0 nmethod 7659 0x000001bdae207010 code [0x000001bdae2071e0, 0x000001bdae207568]
Event: 12.867 Thread 0x000001bdc40667a0 7660       3       org.gradle.api.internal.artifacts.configurations.DefaultConfiguration::validateMutationType (8 bytes)
Event: 12.868 Thread 0x000001bdc40667a0 nmethod 7660 0x000001bdae207710 code [0x000001bdae207900, 0x000001bdae207f48]
Event: 12.868 Thread 0x000001bdc40667a0 7661       3       org.gradle.api.internal.artifacts.configurations.DefaultConfiguration$$Lambda$542/0x00000001005fac48::<init> (15 bytes)
Event: 12.868 Thread 0x000001bdc40667a0 nmethod 7661 0x000001bdae208190 code [0x000001bdae208340, 0x000001bdae208558]
Event: 12.868 Thread 0x000001bdc40667a0 7662       3       org.gradle.api.internal.DefaultDomainObjectSet::beforeCollectionChanges (13 bytes)
Event: 12.868 Thread 0x000001bdc40667a0 nmethod 7662 0x000001bdae208610 code [0x000001bdae2087c0, 0x000001bdae2089e8]
Event: 12.868 Thread 0x000001bdc40667a0 7663       1       org.gradle.api.internal.project.DefaultProjectStateRegistry::access$300 (5 bytes)
Event: 12.868 Thread 0x000001bdc40667a0 nmethod 7663 0x000001bdb53d6e90 code [0x000001bdb53d7020, 0x000001bdb53d70d8]
Event: 12.881 Thread 0x000001bdc40667a0 7664       3       java.lang.WeakPairMap$Pair$Weak::first (5 bytes)
Event: 12.881 Thread 0x000001bdc40667a0 nmethod 7664 0x000001bdae208b10 code [0x000001bdae208ca0, 0x000001bdae208e58]

GC Heap History (20 events):
Event: 10.345 GC heap before
{Heap before GC invocations=23 (full 0):
 garbage-first heap   total 73728K, used 50139K [0x0000000080000000, 0x0000000100000000)
  region size 1024K, 11 young (11264K), 1 survivors (1024K)
 Metaspace       used 64816K, committed 65408K, reserved 1105920K
  class space    used 9054K, committed 9344K, reserved 1048576K
}
Event: 10.347 GC heap after
{Heap after GC invocations=24 (full 0):
 garbage-first heap   total 73728K, used 41206K [0x0000000080000000, 0x0000000100000000)
  region size 1024K, 2 young (2048K), 2 survivors (2048K)
 Metaspace       used 64816K, committed 65408K, reserved 1105920K
  class space    used 9054K, committed 9344K, reserved 1048576K
}
Event: 10.459 GC heap before
{Heap before GC invocations=25 (full 0):
 garbage-first heap   total 81920K, used 49398K [0x0000000080000000, 0x0000000100000000)
  region size 1024K, 7 young (7168K), 2 survivors (2048K)
 Metaspace       used 64871K, committed 65408K, reserved 1105920K
  class space    used 9061K, committed 9344K, reserved 1048576K
}
Event: 10.461 GC heap after
{Heap after GC invocations=26 (full 0):
 garbage-first heap   total 81920K, used 49477K [0x0000000080000000, 0x0000000100000000)
  region size 1024K, 3 young (3072K), 3 survivors (3072K)
 Metaspace       used 64871K, committed 65408K, reserved 1105920K
  class space    used 9061K, committed 9344K, reserved 1048576K
}
Event: 10.660 GC heap before
{Heap before GC invocations=27 (full 0):
 garbage-first heap   total 97280K, used 64837K [0x0000000080000000, 0x0000000100000000)
  region size 1024K, 14 young (14336K), 3 survivors (3072K)
 Metaspace       used 65873K, committed 66432K, reserved 1105920K
  class space    used 9188K, committed 9472K, reserved 1048576K
}
Event: 10.663 GC heap after
{Heap after GC invocations=28 (full 0):
 garbage-first heap   total 97280K, used 56691K [0x0000000080000000, 0x0000000100000000)
  region size 1024K, 2 young (2048K), 2 survivors (2048K)
 Metaspace       used 65873K, committed 66432K, reserved 1105920K
  class space    used 9188K, committed 9472K, reserved 1048576K
}
Event: 10.904 GC heap before
{Heap before GC invocations=28 (full 0):
 garbage-first heap   total 97280K, used 70003K [0x0000000080000000, 0x0000000100000000)
  region size 1024K, 15 young (15360K), 2 survivors (2048K)
 Metaspace       used 67665K, committed 68224K, reserved 1114112K
  class space    used 9451K, committed 9728K, reserved 1048576K
}
Event: 10.906 GC heap after
{Heap after GC invocations=29 (full 0):
 garbage-first heap   total 97280K, used 57183K [0x0000000080000000, 0x0000000100000000)
  region size 1024K, 1 young (1024K), 1 survivors (1024K)
 Metaspace       used 67665K, committed 68224K, reserved 1114112K
  class space    used 9451K, committed 9728K, reserved 1048576K
}
Event: 11.180 GC heap before
{Heap before GC invocations=30 (full 0):
 garbage-first heap   total 102400K, used 70495K [0x0000000080000000, 0x0000000100000000)
  region size 1024K, 15 young (15360K), 1 survivors (1024K)
 Metaspace       used 69845K, committed 70464K, reserved 1114112K
  class space    used 9700K, committed 9984K, reserved 1048576K
}
Event: 11.184 GC heap after
{Heap after GC invocations=31 (full 0):
 garbage-first heap   total 102400K, used 57654K [0x0000000080000000, 0x0000000100000000)
  region size 1024K, 1 young (1024K), 1 survivors (1024K)
 Metaspace       used 69845K, committed 70464K, reserved 1114112K
  class space    used 9700K, committed 9984K, reserved 1048576K
}
Event: 11.660 GC heap before
{Heap before GC invocations=31 (full 0):
 garbage-first heap   total 102400K, used 76086K [0x0000000080000000, 0x0000000100000000)
  region size 1024K, 19 young (19456K), 1 survivors (1024K)
 Metaspace       used 73259K, committed 73856K, reserved 1114112K
  class space    used 10164K, committed 10432K, reserved 1048576K
}
Event: 11.663 GC heap after
{Heap after GC invocations=32 (full 0):
 garbage-first heap   total 102400K, used 58742K [0x0000000080000000, 0x0000000100000000)
  region size 1024K, 3 young (3072K), 3 survivors (3072K)
 Metaspace       used 73259K, committed 73856K, reserved 1114112K
  class space    used 10164K, committed 10432K, reserved 1048576K
}
Event: 11.836 GC heap before
{Heap before GC invocations=33 (full 0):
 garbage-first heap   total 107520K, used 67958K [0x0000000080000000, 0x0000000100000000)
  region size 1024K, 13 young (13312K), 3 survivors (3072K)
 Metaspace       used 74206K, committed 74880K, reserved 1114112K
  class space    used 10299K, committed 10624K, reserved 1048576K
}
Event: 11.841 GC heap after
{Heap after GC invocations=34 (full 0):
 garbage-first heap   total 107520K, used 60087K [0x0000000080000000, 0x0000000100000000)
  region size 1024K, 3 young (3072K), 3 survivors (3072K)
 Metaspace       used 74206K, committed 74880K, reserved 1114112K
  class space    used 10299K, committed 10624K, reserved 1048576K
}
Event: 11.921 GC heap before
{Heap before GC invocations=35 (full 0):
 garbage-first heap   total 109568K, used 64183K [0x0000000080000000, 0x0000000100000000)
  region size 1024K, 7 young (7168K), 3 survivors (3072K)
 Metaspace       used 74206K, committed 74880K, reserved 1114112K
  class space    used 10299K, committed 10624K, reserved 1048576K
}
Event: 11.925 GC heap after
{Heap after GC invocations=36 (full 0):
 garbage-first heap   total 109568K, used 62741K [0x0000000080000000, 0x0000000100000000)
  region size 1024K, 3 young (3072K), 3 survivors (3072K)
 Metaspace       used 74206K, committed 74880K, reserved 1114112K
  class space    used 10299K, committed 10624K, reserved 1048576K
}
Event: 12.167 GC heap before
{Heap before GC invocations=37 (full 0):
 garbage-first heap   total 126976K, used 84245K [0x0000000080000000, 0x0000000100000000)
  region size 1024K, 20 young (20480K), 3 survivors (3072K)
 Metaspace       used 75251K, committed 75904K, reserved 1122304K
  class space    used 10445K, committed 10752K, reserved 1048576K
}
Event: 12.170 GC heap after
{Heap after GC invocations=38 (full 0):
 garbage-first heap   total 126976K, used 62385K [0x0000000080000000, 0x0000000100000000)
  region size 1024K, 2 young (2048K), 2 survivors (2048K)
 Metaspace       used 75251K, committed 75904K, reserved 1122304K
  class space    used 10445K, committed 10752K, reserved 1048576K
}
Event: 12.569 GC heap before
{Heap before GC invocations=38 (full 0):
 garbage-first heap   total 126976K, used 91057K [0x0000000080000000, 0x0000000100000000)
  region size 1024K, 30 young (30720K), 2 survivors (2048K)
 Metaspace       used 77963K, committed 78592K, reserved 1122304K
  class space    used 10799K, committed 11136K, reserved 1048576K
}
Event: 12.573 GC heap after
{Heap after GC invocations=39 (full 0):
 garbage-first heap   total 152576K, used 64091K [0x0000000080000000, 0x0000000100000000)
  region size 1024K, 3 young (3072K), 3 survivors (3072K)
 Metaspace       used 77963K, committed 78592K, reserved 1122304K
  class space    used 10799K, committed 11136K, reserved 1048576K
}

Dll operation events (2 events):
Event: 0.007 Loaded shared library C:\Program Files\Android\Android Studio\jbr\bin\java.dll
Event: 0.541 Loaded shared library C:\Program Files\Android\Android Studio\jbr\bin\verify.dll

Deoptimization events (20 events):
Event: 12.511 Thread 0x000001bdc785a220 DEOPT PACKING pc=0x000001bdb53a57bc sp=0x00000079224f4f40
Event: 12.511 Thread 0x000001bdc785a220 DEOPT UNPACKING pc=0x000001bdb4ac69a3 sp=0x00000079224f4f10 mode 2
Event: 12.511 Thread 0x000001bdc785a220 Uncommon trap: trap_request=0xffffff45 fr.pc=0x000001bdb51111b0 relative=0x0000000000000af0
Event: 12.511 Thread 0x000001bdc785a220 Uncommon trap: reason=unstable_if action=reinterpret pc=0x000001bdb51111b0 method=org.objectweb.asm.Label.resolve([BI)Z @ 80 c2
Event: 12.511 Thread 0x000001bdc785a220 DEOPT PACKING pc=0x000001bdb51111b0 sp=0x00000079224f4f60
Event: 12.511 Thread 0x000001bdc785a220 DEOPT UNPACKING pc=0x000001bdb4ac69a3 sp=0x00000079224f4e80 mode 2
Event: 12.511 Thread 0x000001bdc785a220 Uncommon trap: trap_request=0xffffff45 fr.pc=0x000001bdb529ad20 relative=0x0000000000000200
Event: 12.511 Thread 0x000001bdc785a220 Uncommon trap: reason=unstable_if action=reinterpret pc=0x000001bdb529ad20 method=org.objectweb.asm.Label.resolve([BI)Z @ 80 c2
Event: 12.511 Thread 0x000001bdc785a220 DEOPT PACKING pc=0x000001bdb529ad20 sp=0x00000079224f4ef0
Event: 12.511 Thread 0x000001bdc785a220 DEOPT UNPACKING pc=0x000001bdb4ac69a3 sp=0x00000079224f4e70 mode 2
Event: 12.511 Thread 0x000001bdc785a220 Uncommon trap: trap_request=0xffffff45 fr.pc=0x000001bdb53b3c88 relative=0x0000000000000fa8
Event: 12.511 Thread 0x000001bdc785a220 Uncommon trap: reason=unstable_if action=reinterpret pc=0x000001bdb53b3c88 method=org.objectweb.asm.MethodWriter.<init>(Lorg/objectweb/asm/SymbolTable;ILjava/lang/String;Ljava/lang/String;Ljava/lang/String;[Ljava/lang/String;I)V @ 94 c2
Event: 12.511 Thread 0x000001bdc785a220 DEOPT PACKING pc=0x000001bdb53b3c88 sp=0x00000079224f4fe0
Event: 12.511 Thread 0x000001bdc785a220 DEOPT UNPACKING pc=0x000001bdb4ac69a3 sp=0x00000079224f4f88 mode 2
Event: 12.512 Thread 0x000001bdc785a220 Uncommon trap: trap_request=0xffffff45 fr.pc=0x000001bdb53b121c relative=0x00000000000004dc
Event: 12.512 Thread 0x000001bdc785a220 Uncommon trap: reason=unstable_if action=reinterpret pc=0x000001bdb53b121c method=org.objectweb.asm.MethodWriter.computeMethodInfoSize()I @ 342 c2
Event: 12.512 Thread 0x000001bdc785a220 DEOPT PACKING pc=0x000001bdb53b121c sp=0x00000079224f52d0
Event: 12.512 Thread 0x000001bdc785a220 DEOPT UNPACKING pc=0x000001bdb4ac69a3 sp=0x00000079224f5268 mode 2
Event: 12.789 Thread 0x000001bdc785a220 DEOPT PACKING pc=0x000001bdad84af3a sp=0x00000079224f7420
Event: 12.789 Thread 0x000001bdc785a220 DEOPT UNPACKING pc=0x000001bdb4ac7143 sp=0x00000079224f6898 mode 0

Classes unloaded (0 events):
No events

Classes redefined (0 events):
No events

Internal exceptions (20 events):
Event: 12.755 Thread 0x000001bdc785a220 Exception <a 'java/lang/ClassNotFoundException'{0x000000008cfe8080}: org/gradle/api/plugins/internal/DefaultBasePluginConventionCustomizer> (0x000000008cfe8080) 
thrown [s\src\hotspot\share\classfile\systemDictionary.cpp, line 256]
Event: 12.758 Thread 0x000001bdc785a220 Exception <a 'java/lang/ClassNotFoundException'{0x0000000088b11190}: org/gradle/api/plugins/internal/DefaultBasePluginConvention_DecoratedCustomizer> (0x0000000088b11190) 
thrown [s\src\hotspot\share\classfile\systemDictionary.cpp, line 256]
Event: 12.764 Thread 0x000001bdc785a220 Exception <a 'java/lang/ClassNotFoundException'{0x0000000088b897a0}: org/gradle/api/plugins/internal/DefaultJavaPluginConvention_DecoratedBeanInfo> (0x0000000088b897a0) 
thrown [s\src\hotspot\share\classfile\systemDictionary.cpp, line 256]
Event: 12.765 Thread 0x000001bdc785a220 Exception <a 'java/lang/ClassNotFoundException'{0x0000000088b9fea8}: org/gradle/api/plugins/internal/DefaultJavaPluginConventionBeanInfo> (0x0000000088b9fea8) 
thrown [s\src\hotspot\share\classfile\systemDictionary.cpp, line 256]
Event: 12.766 Thread 0x000001bdc785a220 Exception <a 'java/lang/ClassNotFoundException'{0x0000000088bb6428}: org/gradle/api/plugins/JavaPluginConventionBeanInfo> (0x0000000088bb6428) 
thrown [s\src\hotspot\share\classfile\systemDictionary.cpp, line 256]
Event: 12.767 Thread 0x000001bdc785a220 Exception <a 'java/lang/ClassNotFoundException'{0x0000000088bcc420}: org/gradle/api/plugins/JavaPluginConventionCustomizer> (0x0000000088bcc420) 
thrown [s\src\hotspot\share\classfile\systemDictionary.cpp, line 256]
Event: 12.769 Thread 0x000001bdc785a220 Exception <a 'java/lang/ClassNotFoundException'{0x0000000088bf6880}: org/gradle/api/plugins/internal/DefaultJavaPluginConventionCustomizer> (0x0000000088bf6880) 
thrown [s\src\hotspot\share\classfile\systemDictionary.cpp, line 256]
Event: 12.771 Thread 0x000001bdc785a220 Exception <a 'java/lang/ClassNotFoundException'{0x0000000088a33b48}: org/gradle/api/plugins/internal/DefaultJavaPluginConvention_DecoratedCustomizer> (0x0000000088a33b48) 
thrown [s\src\hotspot\share\classfile\systemDictionary.cpp, line 256]
Event: 12.787 Thread 0x000001bdc785a220 Exception <a 'java/lang/NoSuchMethodError'{0x00000000889359a0}: static Lorg/jetbrains/kotlin/gradle/plugin/internal/DefaultConfigurationTimePropertiesAccessorVariantFactory;.<clinit>()V> (0x00000000889359a0) 
thrown [s\src\hotspot\share\prims\jni.cpp, line 1108]
Event: 12.789 Thread 0x000001bdc785a220 Exception <a 'java/lang/NoSuchMethodError'{0x000000008894e368}: static Lorg/jetbrains/kotlin/gradle/plugin/internal/DefaultProjectIsolationStartParameterAccessorVariantFactory;.<clinit>()V> (0x000000008894e368) 
thrown [s\src\hotspot\share\prims\jni.cpp, line 1108]
Event: 12.790 Thread 0x000001bdc785a220 Exception <a 'java/lang/NoSuchMethodError'{0x00000000889677a0}: static Lorg/jetbrains/kotlin/gradle/plugin/internal/DefaultMppTestReportHelperVariantFactory;.<clinit>()V> (0x00000000889677a0) 
thrown [s\src\hotspot\share\prims\jni.cpp, line 1108]
Event: 12.791 Thread 0x000001bdc785a220 Exception <a 'java/lang/NoSuchMethodError'{0x00000000889800f8}: static Lorg/jetbrains/kotlin/gradle/plugin/internal/CompatibilityConventionRegistrarG80$Factory;.<clinit>()V> (0x00000000889800f8) 
thrown [s\src\hotspot\share\prims\jni.cpp, line 1108]
Event: 12.793 Thread 0x000001bdc785a220 Exception <a 'java/lang/NoSuchMethodError'{0x000000008899f638}: static Lorg/jetbrains/kotlin/gradle/plugin/internal/DefaultArtifactTypeAttributeAccessorVariantFactory;.<clinit>()V> (0x000000008899f638) 
thrown [s\src\hotspot\share\prims\jni.cpp, line 1108]
Event: 12.794 Thread 0x000001bdc785a220 Exception <a 'java/lang/NoSuchMethodError'{0x00000000889b9058}: static Lorg/jetbrains/kotlin/gradle/plugin/internal/MavenPluginConfigurator$DefaultMavenPluginConfiguratorVariantFactory;.<clinit>()V> (0x00000000889b9058) 
thrown [s\src\hotspot\share\prims\jni.cpp, line 1108]
Event: 12.795 Thread 0x000001bdc785a220 Exception <a 'java/lang/NoSuchMethodError'{0x00000000889d20b8}: static Lorg/jetbrains/kotlin/gradle/plugin/internal/DefaultJavaSourceSetsAccessorVariantFactory;.<clinit>()V> (0x00000000889d20b8) 
thrown [s\src\hotspot\share\prims\jni.cpp, line 1108]
Event: 12.801 Thread 0x000001bdc785a220 Exception <a 'java/lang/NoSuchMethodError'{0x00000000889ea9b0}: static Lorg/jetbrains/kotlin/gradle/targets/js/nodejs/DefaultUnameExecutorVariantFactory;.<clinit>()V> (0x00000000889ea9b0) 
thrown [s\src\hotspot\share\prims\jni.cpp, line 1108]
Event: 12.803 Thread 0x000001bdc785a220 Exception <a 'java/lang/NoSuchMethodError'{0x0000000088803f50}: static Lorg/jetbrains/kotlin/gradle/plugin/internal/DefaultBasePluginConfigurationVariantFactory;.<clinit>()V> (0x0000000088803f50) 
thrown [s\src\hotspot\share\prims\jni.cpp, line 1108]
Event: 12.805 Thread 0x000001bdc785a220 Exception <a 'java/lang/NoSuchMethodError'{0x000000008881c8e8}: static Lorg/jetbrains/kotlin/gradle/plugin/internal/DefaultIdeaSyncDetectorVariantFactory;.<clinit>()V> (0x000000008881c8e8) 
thrown [s\src\hotspot\share\prims\jni.cpp, line 1108]
Event: 12.807 Thread 0x000001bdc785a220 Exception <a 'java/lang/NoSuchMethodError'{0x0000000088835f08}: static Lorg/jetbrains/kotlin/gradle/plugin/internal/DefaultKotlinTestReportCompatibilityHelperVariantFactory;.<clinit>()V> (0x0000000088835f08) 
thrown [s\src\hotspot\share\prims\jni.cpp, line 1108]
Event: 12.808 Thread 0x000001bdc785a220 Exception <a 'java/lang/NoSuchMethodError'{0x00000000888393f0}: 'void java.lang.invoke.DirectMethodHandle$Holder.invokeSpecial(java.lang.Object, java.lang.Object, java.lang.Object, int)'> (0x00000000888393f0) 
thrown [s\src\hotspot\share\interpreter\linkResolver.cpp, line 771]

VM Operations (20 events):
Event: 11.893 Executing VM operation: G1Concurrent
Event: 11.897 Executing VM operation: G1Concurrent done
Event: 11.920 Executing VM operation: G1Concurrent
Event: 11.920 Executing VM operation: G1Concurrent done
Event: 11.921 Executing VM operation: G1TryInitiateConcMark
Event: 11.925 Executing VM operation: G1TryInitiateConcMark done
Event: 11.977 Executing VM operation: G1Concurrent
Event: 11.998 Executing VM operation: G1Concurrent done
Event: 12.023 Executing VM operation: G1Concurrent
Event: 12.023 Executing VM operation: G1Concurrent done
Event: 12.167 Executing VM operation: G1CollectForAllocation
Event: 12.170 Executing VM operation: G1CollectForAllocation done
Event: 12.569 Executing VM operation: G1CollectForAllocation
Event: 12.573 Executing VM operation: G1CollectForAllocation done
Event: 12.632 Executing VM operation: G1Concurrent
Event: 12.635 Executing VM operation: G1Concurrent done
Event: 12.661 Executing VM operation: G1Concurrent
Event: 12.662 Executing VM operation: G1Concurrent done
Event: 12.844 Executing VM operation: HandshakeAllThreads
Event: 12.851 Executing VM operation: HandshakeAllThreads done

Events (20 events):
Event: 12.810 loading class java/io/ObjectInputFilter$Config done
Event: 12.810 loading class java/io/ObjectInputFilter
Event: 12.810 loading class java/io/ObjectInputFilter done
Event: 12.811 loading class java/io/ObjectInputFilter$Config$BuiltinFilterFactory
Event: 12.811 loading class java/io/ObjectInputFilter$Config$BuiltinFilterFactory done
Event: 12.811 loading class jdk/internal/access/JavaObjectInputFilterAccess
Event: 12.811 loading class jdk/internal/access/JavaObjectInputFilterAccess done
Event: 12.811 loading class jdk/internal/event/DeserializationEvent
Event: 12.811 loading class jdk/internal/event/DeserializationEvent done
Event: 12.811 loading class java/io/ObjectInputStream$FieldValues
Event: 12.812 loading class java/io/ObjectInputStream$GetField
Event: 12.812 loading class java/io/ObjectInputStream$GetField done
Event: 12.812 loading class java/io/ObjectInputStream$FieldValues done
Event: 12.826 loading class java/nio/channels/Channels$1
Event: 12.827 loading class java/nio/channels/Channels$1 done
Event: 12.828 Thread 0x000001bdc97740f0 Thread added: 0x000001bdc97740f0
Event: 12.839 loading class java/util/concurrent/LinkedBlockingDeque$Itr
Event: 12.840 loading class java/util/concurrent/LinkedBlockingDeque$AbstractItr
Event: 12.840 loading class java/util/concurrent/LinkedBlockingDeque$AbstractItr done
Event: 12.840 loading class java/util/concurrent/LinkedBlockingDeque$Itr done


Dynamic libraries:
0x00007ff6e3260000 - 0x00007ff6e326a000 	C:\Program Files\Android\Android Studio\jbr\bin\java.exe
0x00007ff891cb0000 - 0x00007ff891ea8000 	C:\WINDOWS\SYSTEM32\ntdll.dll
0x00007ff890340000 - 0x00007ff8903fd000 	C:\WINDOWS\System32\KERNEL32.DLL
0x00007ff88f420000 - 0x00007ff88f716000 	C:\WINDOWS\System32\KERNELBASE.dll
0x00007ff88fc10000 - 0x00007ff88fd10000 	C:\WINDOWS\System32\ucrtbase.dll
0x00007ff8678d0000 - 0x00007ff8678e7000 	C:\Program Files\Android\Android Studio\jbr\bin\jli.dll
0x00007ff88fd10000 - 0x00007ff88feae000 	C:\WINDOWS\System32\USER32.dll
0x00007ff88f720000 - 0x00007ff88f742000 	C:\WINDOWS\System32\win32u.dll
0x00007ff891c40000 - 0x00007ff891c6c000 	C:\WINDOWS\System32\GDI32.dll
0x00007ff88f990000 - 0x00007ff88faaa000 	C:\WINDOWS\System32\gdi32full.dll
0x00007ff88fb70000 - 0x00007ff88fc0d000 	C:\WINDOWS\System32\msvcp_win.dll
0x00007ff87ad40000 - 0x00007ff87afda000 	C:\WINDOWS\WinSxS\amd64_microsoft.windows.common-controls_6595b64144ccf1df_6.0.19041.3636_none_60b6a03d71f818d5\COMCTL32.dll
0x00007ff87a150000 - 0x00007ff87a16b000 	C:\Program Files\Android\Android Studio\jbr\bin\VCRUNTIME140.dll
0x00007ff891300000 - 0x00007ff89139e000 	C:\WINDOWS\System32\msvcrt.dll
0x00007ff891bb0000 - 0x00007ff891be0000 	C:\WINDOWS\System32\IMM32.DLL
0x00007ff8859a0000 - 0x00007ff8859ac000 	C:\Program Files\Android\Android Studio\jbr\bin\vcruntime140_1.dll
0x00007ff84df60000 - 0x00007ff84dfed000 	C:\Program Files\Android\Android Studio\jbr\bin\msvcp140.dll
0x00007ff800d80000 - 0x00007ff8019ee000 	C:\Program Files\Android\Android Studio\jbr\bin\server\jvm.dll
0x00007ff890290000 - 0x00007ff89033f000 	C:\WINDOWS\System32\ADVAPI32.dll
0x00007ff890170000 - 0x00007ff89020c000 	C:\WINDOWS\System32\sechost.dll
0x00007ff8907f0000 - 0x00007ff890916000 	C:\WINDOWS\System32\RPCRT4.dll
0x00007ff873690000 - 0x00007ff873699000 	C:\WINDOWS\SYSTEM32\WSOCK32.dll
0x00007ff890710000 - 0x00007ff89077b000 	C:\WINDOWS\System32\WS2_32.dll
0x00007ff8779a0000 - 0x00007ff8779c7000 	C:\WINDOWS\SYSTEM32\WINMM.dll
0x00007ff880c20000 - 0x00007ff880c2a000 	C:\WINDOWS\SYSTEM32\VERSION.dll
0x00007ff88d170000 - 0x00007ff88d182000 	C:\WINDOWS\SYSTEM32\kernel.appcore.dll
0x00007ff889ef0000 - 0x00007ff889efa000 	C:\Program Files\Android\Android Studio\jbr\bin\jimage.dll
0x00007ff869bd0000 - 0x00007ff869db4000 	C:\WINDOWS\SYSTEM32\DBGHELP.DLL
0x00007ff869b90000 - 0x00007ff869bc4000 	C:\WINDOWS\SYSTEM32\dbgcore.DLL
0x00007ff88f390000 - 0x00007ff88f412000 	C:\WINDOWS\System32\bcryptPrimitives.dll
0x00007ff867950000 - 0x00007ff867975000 	C:\Program Files\Android\Android Studio\jbr\bin\java.dll
0x00007ff876700000 - 0x00007ff876718000 	C:\Program Files\Android\Android Studio\jbr\bin\zip.dll
0x00007ff8913a0000 - 0x00007ff891ae5000 	C:\WINDOWS\System32\SHELL32.dll
0x00007ff88d450000 - 0x00007ff88dbeb000 	C:\WINDOWS\SYSTEM32\windows.storage.dll
0x00007ff890920000 - 0x00007ff890c74000 	C:\WINDOWS\System32\combase.dll
0x00007ff88edd0000 - 0x00007ff88edfd000 	C:\WINDOWS\SYSTEM32\Wldp.dll
0x00007ff891b00000 - 0x00007ff891bad000 	C:\WINDOWS\System32\SHCORE.dll
0x00007ff890590000 - 0x00007ff8905e5000 	C:\WINDOWS\System32\shlwapi.dll
0x00007ff88f2c0000 - 0x00007ff88f2e5000 	C:\WINDOWS\SYSTEM32\profapi.dll
0x00007ff86f320000 - 0x00007ff86f339000 	C:\Program Files\Android\Android Studio\jbr\bin\net.dll
0x00007ff8808f0000 - 0x00007ff8809fa000 	C:\WINDOWS\SYSTEM32\WINHTTP.dll
0x00007ff88eb30000 - 0x00007ff88eb9a000 	C:\WINDOWS\system32\mswsock.dll
0x00007ff867930000 - 0x00007ff867946000 	C:\Program Files\Android\Android Studio\jbr\bin\nio.dll
0x00007ff880350000 - 0x00007ff880360000 	C:\Program Files\Android\Android Studio\jbr\bin\verify.dll
0x00007ff87a880000 - 0x00007ff87a8a7000 	C:\Users\joaom\.gradle\native\68d5fa5c4cc2d200863cafc0d521ce42e7d3e7ee720ec0a83991735586a16f82\windows-amd64\native-platform.dll
0x00007ff844c10000 - 0x00007ff844d54000 	C:\Users\joaom\.gradle\native\e376f236ea51e6404a007f0833ffe2c6e607c4080706a723a18a27aeea778392\windows-amd64\native-platform-file-events.dll
0x00007ff8802e0000 - 0x00007ff8802e9000 	C:\Program Files\Android\Android Studio\jbr\bin\management.dll
0x00007ff87b010000 - 0x00007ff87b01b000 	C:\Program Files\Android\Android Studio\jbr\bin\management_ext.dll
0x00007ff890560000 - 0x00007ff890568000 	C:\WINDOWS\System32\PSAPI.DLL
0x00007ff88ed20000 - 0x00007ff88ed38000 	C:\WINDOWS\SYSTEM32\CRYPTSP.dll
0x00007ff88e390000 - 0x00007ff88e3c4000 	C:\WINDOWS\system32\rsaenh.dll
0x00007ff88f750000 - 0x00007ff88f777000 	C:\WINDOWS\System32\bcrypt.dll
0x00007ff88f280000 - 0x00007ff88f2ae000 	C:\WINDOWS\SYSTEM32\USERENV.dll
0x00007ff88ed40000 - 0x00007ff88ed4c000 	C:\WINDOWS\SYSTEM32\CRYPTBASE.dll
0x00007ff88e7b0000 - 0x00007ff88e7eb000 	C:\WINDOWS\SYSTEM32\IPHLPAPI.DLL
0x00007ff891af0000 - 0x00007ff891af8000 	C:\WINDOWS\System32\NSI.dll
0x00007ff885210000 - 0x00007ff885227000 	C:\WINDOWS\SYSTEM32\dhcpcsvc6.DLL
0x00007ff8851f0000 - 0x00007ff88520d000 	C:\WINDOWS\SYSTEM32\dhcpcsvc.DLL
0x00007ff88e7f0000 - 0x00007ff88e8ba000 	C:\WINDOWS\SYSTEM32\DNSAPI.dll
0x00007ff880230000 - 0x00007ff880237000 	C:\WINDOWS\system32\wshunix.dll
0x0000000071490000 - 0x00000000714b6000 	C:\Program Files\Bonjour\mdnsNSP.dll
0x00007ff887aa0000 - 0x00007ff887aaa000 	C:\Windows\System32\rasadhlp.dll
0x00007ff87c870000 - 0x00007ff87c8f0000 	C:\WINDOWS\System32\fwpuclnt.dll

dbghelp: loaded successfully - version: 4.0.5 - missing functions: none
symbol engine: initialized successfully - sym options: 0x614 - pdb path: .;C:\Program Files\Android\Android Studio\jbr\bin;C:\WINDOWS\SYSTEM32;C:\WINDOWS\WinSxS\amd64_microsoft.windows.common-controls_6595b64144ccf1df_6.0.19041.3636_none_60b6a03d71f818d5;C:\Program Files\Android\Android Studio\jbr\bin\server;C:\Users\joaom\.gradle\native\68d5fa5c4cc2d200863cafc0d521ce42e7d3e7ee720ec0a83991735586a16f82\windows-amd64;C:\Users\joaom\.gradle\native\e376f236ea51e6404a007f0833ffe2c6e607c4080706a723a18a27aeea778392\windows-amd64;C:\Program Files\Bonjour

VM Arguments:
jvm_args: --add-opens=java.base/java.util=ALL-UNNAMED --add-opens=java.base/java.lang=ALL-UNNAMED --add-opens=java.base/java.lang.invoke=ALL-UNNAMED --add-opens=java.prefs/java.util.prefs=ALL-UNNAMED --add-opens=java.base/java.nio.charset=ALL-UNNAMED --add-opens=java.base/java.net=ALL-UNNAMED --add-opens=java.base/java.util.concurrent.atomic=ALL-UNNAMED -Xmx2048m -Dfile.encoding=UTF-8 -Duser.country=PT -Duser.language=pt -Duser.variant 
java_command: org.gradle.launcher.daemon.bootstrap.GradleDaemon 8.0
java_class_path (initial): C:\Users\joaom\.gradle\wrapper\dists\gradle-8.0-bin\ca5e32bp14vu59qr306oxotwh\gradle-8.0\lib\gradle-launcher-8.0.jar
Launcher Type: SUN_STANDARD

[Global flags]
     intx CICompilerCount                          = 3                                         {product} {ergonomic}
     uint ConcGCThreads                            = 1                                         {product} {ergonomic}
     uint G1ConcRefinementThreads                  = 4                                         {product} {ergonomic}
   size_t G1HeapRegionSize                         = 1048576                                   {product} {ergonomic}
    uintx GCDrainStackTargetSize                   = 64                                        {product} {ergonomic}
   size_t InitialHeapSize                          = 268435456                                 {product} {ergonomic}
   size_t MarkStackSize                            = 4194304                                   {product} {ergonomic}
   size_t MaxHeapSize                              = 2147483648                                {product} {command line}
   size_t MaxNewSize                               = 1287651328                                {product} {ergonomic}
   size_t MinHeapDeltaBytes                        = 1048576                                   {product} {ergonomic}
   size_t MinHeapSize                              = 8388608                                   {product} {ergonomic}
    uintx NonNMethodCodeHeapSize                   = 5832780                                {pd product} {ergonomic}
    uintx NonProfiledCodeHeapSize                  = 122912730                              {pd product} {ergonomic}
    uintx ProfiledCodeHeapSize                     = 122912730                              {pd product} {ergonomic}
    uintx ReservedCodeCacheSize                    = 251658240                              {pd product} {ergonomic}
     bool SegmentedCodeCache                       = true                                      {product} {ergonomic}
   size_t SoftMaxHeapSize                          = 2147483648                             {manageable} {ergonomic}
     bool UseCompressedClassPointers               = true                           {product lp64_product} {ergonomic}
     bool UseCompressedOops                        = true                           {product lp64_product} {ergonomic}
     bool UseG1GC                                  = true                                      {product} {ergonomic}
     bool UseLargePagesIndividualAllocation        = false                                  {pd product} {ergonomic}

Logging:
Log output configuration:
 #0: stdout all=warning uptime,level,tags
 #1: stderr all=off uptime,level,tags

Environment Variables:
PATH=C:\Program Files (x86)\VMware\VMware Player\bin\;C:\Program Files\Common Files\Oracle\Java\javapath;C:\Program Files (x86)\Common Files\Oracle\Java\javapath;C:\WINDOWS\system32;C:\WINDOWS;C:\WINDOWS\System32\Wbem;C:\WINDOWS\System32\WindowsPowerShell\v1.0\;C:\WINDOWS\System32\OpenSSH\;C:\Program Files\dotnet\;C:\Program Files (x86)\dotnet\;C:\Program Files\PuTTY\;C:\Program Files\nodejs\;C:\Program Files\Microsoft SQL Server\150\Tools\Binn\;C:\Program Files\Microsoft SQL Server\Client SDK\ODBC\170\Tools\Binn\;C:\Program Files\Git\cmd;C:\Users\joaom\AppData\Local\Microsoft\WindowsApps;C:\Users\joaom\.dotnet\tools;C:\Users\joaom\AppData\Local\Programs\Microsoft VS Code\bin;C:\Users\joaom\AppData\Roaming\npm
USERNAME=joaom
OS=Windows_NT
PROCESSOR_IDENTIFIER=Intel64 Family 6 Model 158 Stepping 9, GenuineIntel
TMP=C:\Users\joaom\AppData\Local\Temp
TEMP=C:\Users\joaom\AppData\Local\Temp


JNI global refs:
JNI global refs: 24, weak refs: 0

JNI global refs memory usage: 843, weak refs: 841


---------------  S Y S T E M  ---------------

OS:
 Windows 10 , 64 bit Build 19041 (10.0.19041.3636)
OS uptime: 0 days 7:46 hours

CPU: total 4 (initial active 4) (4 cores per cpu, 1 threads per core) family 6 model 158 stepping 9 microcode 0xb4, cx8, cmov, fxsr, mmx, 3dnowpref, sse, sse2, sse3, ssse3, sse4.1, sse4.2, popcnt, lzcnt, tsc, tscinvbit, avx, avx2, aes, erms, clmul, bmi1, bmi2, adx, fma, vzeroupper, clflush, clflushopt

Memory: 4k page, system-wide physical 16276M (891M free)
TotalPageFile size 16276M (AvailPageFile size 3M)
current process WorkingSet (physical memory assigned to process): 335M, peak: 335M
current process commit charge ("private bytes"): 392M, peak: 393M

vm_info: OpenJDK 64-Bit Server VM (17.0.6+0-b2043.56-10027231) for windows-amd64 JRE (17.0.6+0-b2043.56-10027231), built on Apr 28 2023 00:43:19 by "androidbuild" with MS VC++ 16.10 / 16.11 (VS2019)

END.
